---------------------------------------------------------------
[ 2018-03-13T20:34:40+08:00 ] 0.0.0.0 GET /lyzg/public/index.php/wxapi/plan/generate
[ info ] localhost/lyzg/public/index.php/wxapi/plan/generate [运行时间：2.000892s][吞吐率：0.50req/s] [内存消耗：1,403.17kb] [文件加载：36]
[ info ] [ LANG ] D:\aliuyuhang\phpstudy\PHPTutorial\WWW\lyzg\thinkphp\lang\zh-cn.php
[ info ] [ ROUTE ] array (
  'type' => 'module',
  'module' => 
  array (
    0 => 'wxapi',
    1 => 'plan',
    2 => 'generate',
  ),
)
[ info ] [ HEADER ] array (
  'host' => 'localhost',
  'connection' => 'keep-alive',
  'upgrade-insecure-requests' => '1',
  'user-agent' => 'Mozilla/5.0 (Windows NT 10.0; WOW64) AppleWebKit/537.36 (KHTML, like Gecko) Chrome/66.0.3355.4 Safari/537.36',
  'accept' => 'text/html,application/xhtml+xml,application/xml;q=0.9,image/webp,image/apng,*/*;q=0.8',
  'accept-encoding' => 'gzip, deflate, br',
  'accept-language' => 'zh-CN,zh;q=0.9',
  'cookie' => 'Phpstorm-bf069ff8=13b54536-8bac-40dd-a4af-052407f8ded3; Hm_lvt_64ecd82404c51e03dc91cb9e8c025574=1517315364',
)
[ info ] [ PARAM ] array (
)
[ info ] [ RUN ] app\wxapi\controller\Plan->generate[ D:\aliuyuhang\phpstudy\PHPTutorial\WWW\lyzg\application\wxapi\controller\Plan.php ]
[ info ] [ LOG ] INIT File
---------------------------------------------------------------
[ 2018-03-13T20:37:04+08:00 ] 0.0.0.0 GET /lyzg/public/index.php/wxapi/plan/generate
[ info ] localhost/lyzg/public/index.php/wxapi/plan/generate [运行时间：1.102756s][吞吐率：0.91req/s] [内存消耗：1,405.59kb] [文件加载：38]
[ info ] [ LANG ] D:\aliuyuhang\phpstudy\PHPTutorial\WWW\lyzg\thinkphp\lang\zh-cn.php
[ info ] [ ROUTE ] array (
  'type' => 'module',
  'module' => 
  array (
    0 => 'wxapi',
    1 => 'plan',
    2 => 'generate',
  ),
)
[ info ] [ HEADER ] array (
  'host' => 'localhost',
  'connection' => 'keep-alive',
  'cache-control' => 'max-age=0',
  'upgrade-insecure-requests' => '1',
  'user-agent' => 'Mozilla/5.0 (Windows NT 10.0; WOW64) AppleWebKit/537.36 (KHTML, like Gecko) Chrome/66.0.3355.4 Safari/537.36',
  'accept' => 'text/html,application/xhtml+xml,application/xml;q=0.9,image/webp,image/apng,*/*;q=0.8',
  'accept-encoding' => 'gzip, deflate, br',
  'accept-language' => 'zh-CN,zh;q=0.9',
  'cookie' => 'Phpstorm-bf069ff8=13b54536-8bac-40dd-a4af-052407f8ded3; Hm_lvt_64ecd82404c51e03dc91cb9e8c025574=1517315364',
)
[ info ] [ PARAM ] array (
)
[ info ] [ RUN ] app\wxapi\controller\Plan->generate[ D:\aliuyuhang\phpstudy\PHPTutorial\WWW\lyzg\application\wxapi\controller\Plan.php ]
[ info ] [ LOG ] INIT File
[ error ] [2]file_put_contents(/lyzg/public/test.jpg): failed to open stream: No such file or directory[D:\aliuyuhang\phpstudy\PHPTutorial\WWW\lyzg\application\wxapi\controller\Plan.php:249]
---------------------------------------------------------------
[ 2018-03-13T20:43:38+08:00 ] 0.0.0.0 GET /lyzg/public/index.php/wxapi/plan/generate
[ info ] localhost/lyzg/public/index.php/wxapi/plan/generate [运行时间：0.835914s][吞吐率：1.20req/s] [内存消耗：1,405.61kb] [文件加载：38]
[ info ] [ LANG ] D:\aliuyuhang\phpstudy\PHPTutorial\WWW\lyzg\thinkphp\lang\zh-cn.php
[ info ] [ ROUTE ] array (
  'type' => 'module',
  'module' => 
  array (
    0 => 'wxapi',
    1 => 'plan',
    2 => 'generate',
  ),
)
[ info ] [ HEADER ] array (
  'host' => 'localhost',
  'connection' => 'keep-alive',
  'cache-control' => 'max-age=0',
  'upgrade-insecure-requests' => '1',
  'user-agent' => 'Mozilla/5.0 (Windows NT 10.0; WOW64) AppleWebKit/537.36 (KHTML, like Gecko) Chrome/66.0.3355.4 Safari/537.36',
  'accept' => 'text/html,application/xhtml+xml,application/xml;q=0.9,image/webp,image/apng,*/*;q=0.8',
  'accept-encoding' => 'gzip, deflate, br',
  'accept-language' => 'zh-CN,zh;q=0.9',
  'cookie' => 'Phpstorm-bf069ff8=13b54536-8bac-40dd-a4af-052407f8ded3; Hm_lvt_64ecd82404c51e03dc91cb9e8c025574=1517315364',
)
[ info ] [ PARAM ] array (
)
[ info ] [ RUN ] app\wxapi\controller\Plan->generate[ D:\aliuyuhang\phpstudy\PHPTutorial\WWW\lyzg\application\wxapi\controller\Plan.php ]
[ info ] [ LOG ] INIT File
[ error ] [2]file_put_contents(/lyzg/public/test.jpg): failed to open stream: No such file or directory[D:\aliuyuhang\phpstudy\PHPTutorial\WWW\lyzg\application\wxapi\controller\Plan.php:249]
---------------------------------------------------------------
[ 2018-03-13T20:43:56+08:00 ] 0.0.0.0 GET /lyzg/public/index.php/wxapi/plan/generate
[ info ] localhost/lyzg/public/index.php/wxapi/plan/generate [运行时间：0.827472s][吞吐率：1.21req/s] [内存消耗：1,405.57kb] [文件加载：38]
[ info ] [ LANG ] D:\aliuyuhang\phpstudy\PHPTutorial\WWW\lyzg\thinkphp\lang\zh-cn.php
[ info ] [ ROUTE ] array (
  'type' => 'module',
  'module' => 
  array (
    0 => 'wxapi',
    1 => 'plan',
    2 => 'generate',
  ),
)
[ info ] [ HEADER ] array (
  'host' => 'localhost',
  'connection' => 'keep-alive',
  'cache-control' => 'max-age=0',
  'upgrade-insecure-requests' => '1',
  'user-agent' => 'Mozilla/5.0 (Windows NT 10.0; WOW64) AppleWebKit/537.36 (KHTML, like Gecko) Chrome/66.0.3355.4 Safari/537.36',
  'accept' => 'text/html,application/xhtml+xml,application/xml;q=0.9,image/webp,image/apng,*/*;q=0.8',
  'accept-encoding' => 'gzip, deflate, br',
  'accept-language' => 'zh-CN,zh;q=0.9',
  'cookie' => 'Phpstorm-bf069ff8=13b54536-8bac-40dd-a4af-052407f8ded3; Hm_lvt_64ecd82404c51e03dc91cb9e8c025574=1517315364',
)
[ info ] [ PARAM ] array (
)
[ info ] [ RUN ] app\wxapi\controller\Plan->generate[ D:\aliuyuhang\phpstudy\PHPTutorial\WWW\lyzg\application\wxapi\controller\Plan.php ]
[ info ] [ LOG ] INIT File
[ error ] [2]file_put_contents(./public/test.jpg): failed to open stream: No such file or directory[D:\aliuyuhang\phpstudy\PHPTutorial\WWW\lyzg\application\wxapi\controller\Plan.php:249]
---------------------------------------------------------------
[ 2018-03-13T20:44:10+08:00 ] 0.0.0.0 GET /lyzg/public/index.php/wxapi/plan/generate
[ info ] localhost/lyzg/public/index.php/wxapi/plan/generate [运行时间：0.874129s][吞吐率：1.14req/s] [内存消耗：1,403.37kb] [文件加载：36]
[ info ] [ LANG ] D:\aliuyuhang\phpstudy\PHPTutorial\WWW\lyzg\thinkphp\lang\zh-cn.php
[ info ] [ ROUTE ] array (
  'type' => 'module',
  'module' => 
  array (
    0 => 'wxapi',
    1 => 'plan',
    2 => 'generate',
  ),
)
[ info ] [ HEADER ] array (
  'host' => 'localhost',
  'connection' => 'keep-alive',
  'cache-control' => 'max-age=0',
  'upgrade-insecure-requests' => '1',
  'user-agent' => 'Mozilla/5.0 (Windows NT 10.0; WOW64) AppleWebKit/537.36 (KHTML, like Gecko) Chrome/66.0.3355.4 Safari/537.36',
  'accept' => 'text/html,application/xhtml+xml,application/xml;q=0.9,image/webp,image/apng,*/*;q=0.8',
  'accept-encoding' => 'gzip, deflate, br',
  'accept-language' => 'zh-CN,zh;q=0.9',
  'cookie' => 'Phpstorm-bf069ff8=13b54536-8bac-40dd-a4af-052407f8ded3; Hm_lvt_64ecd82404c51e03dc91cb9e8c025574=1517315364',
)
[ info ] [ PARAM ] array (
)
[ info ] [ RUN ] app\wxapi\controller\Plan->generate[ D:\aliuyuhang\phpstudy\PHPTutorial\WWW\lyzg\application\wxapi\controller\Plan.php ]
[ info ] [ LOG ] INIT File
---------------------------------------------------------------
[ 2018-03-13T20:45:06+08:00 ] 0.0.0.0 GET /lyzg/public/index.php/wxapi/plan/generate
[ info ] localhost/lyzg/public/index.php/wxapi/plan/generate [运行时间：0.869613s][吞吐率：1.15req/s] [内存消耗：1,403.34kb] [文件加载：36]
[ info ] [ LANG ] D:\aliuyuhang\phpstudy\PHPTutorial\WWW\lyzg\thinkphp\lang\zh-cn.php
[ info ] [ ROUTE ] array (
  'type' => 'module',
  'module' => 
  array (
    0 => 'wxapi',
    1 => 'plan',
    2 => 'generate',
  ),
)
[ info ] [ HEADER ] array (
  'host' => 'localhost',
  'connection' => 'keep-alive',
  'cache-control' => 'max-age=0',
  'upgrade-insecure-requests' => '1',
  'user-agent' => 'Mozilla/5.0 (Windows NT 10.0; WOW64) AppleWebKit/537.36 (KHTML, like Gecko) Chrome/66.0.3355.4 Safari/537.36',
  'accept' => 'text/html,application/xhtml+xml,application/xml;q=0.9,image/webp,image/apng,*/*;q=0.8',
  'accept-encoding' => 'gzip, deflate, br',
  'accept-language' => 'zh-CN,zh;q=0.9',
  'cookie' => 'Phpstorm-bf069ff8=13b54536-8bac-40dd-a4af-052407f8ded3; Hm_lvt_64ecd82404c51e03dc91cb9e8c025574=1517315364',
)
[ info ] [ PARAM ] array (
)
[ info ] [ RUN ] app\wxapi\controller\Plan->generate[ D:\aliuyuhang\phpstudy\PHPTutorial\WWW\lyzg\application\wxapi\controller\Plan.php ]
[ info ] [ LOG ] INIT File
---------------------------------------------------------------
[ 2018-03-13T20:48:36+08:00 ] 0.0.0.0 GET /lyzg/public/index.php/wxapi/plan/generate
[ info ] localhost/lyzg/public/index.php/wxapi/plan/generate [运行时间：0.890079s][吞吐率：1.12req/s] [内存消耗：1,617.87kb] [文件加载：37]
[ info ] [ LANG ] D:\aliuyuhang\phpstudy\PHPTutorial\WWW\lyzg\thinkphp\lang\zh-cn.php
[ info ] [ ROUTE ] array (
  'type' => 'module',
  'module' => 
  array (
    0 => 'wxapi',
    1 => 'plan',
    2 => 'generate',
  ),
)
[ info ] [ HEADER ] array (
  'host' => 'localhost',
  'connection' => 'keep-alive',
  'cache-control' => 'max-age=0',
  'upgrade-insecure-requests' => '1',
  'user-agent' => 'Mozilla/5.0 (Windows NT 10.0; WOW64) AppleWebKit/537.36 (KHTML, like Gecko) Chrome/66.0.3355.4 Safari/537.36',
  'accept' => 'text/html,application/xhtml+xml,application/xml;q=0.9,image/webp,image/apng,*/*;q=0.8',
  'accept-encoding' => 'gzip, deflate, br',
  'accept-language' => 'zh-CN,zh;q=0.9',
  'cookie' => 'Phpstorm-bf069ff8=13b54536-8bac-40dd-a4af-052407f8ded3; Hm_lvt_64ecd82404c51e03dc91cb9e8c025574=1517315364',
)
[ info ] [ PARAM ] array (
)
[ info ] [ RUN ] app\wxapi\controller\Plan->generate[ D:\aliuyuhang\phpstudy\PHPTutorial\WWW\lyzg\application\wxapi\controller\Plan.php ]
[ info ] [ LOG ] INIT File
---------------------------------------------------------------
[ 2018-03-13T20:49:18+08:00 ] 0.0.0.0 GET /lyzg/public/index.php/wxapi/plan/generate
[ info ] localhost/lyzg/public/index.php/wxapi/plan/generate [运行时间：0.802136s][吞吐率：1.25req/s] [内存消耗：1,618.05kb] [文件加载：37]
[ info ] [ LANG ] D:\aliuyuhang\phpstudy\PHPTutorial\WWW\lyzg\thinkphp\lang\zh-cn.php
[ info ] [ ROUTE ] array (
  'type' => 'module',
  'module' => 
  array (
    0 => 'wxapi',
    1 => 'plan',
    2 => 'generate',
  ),
)
[ info ] [ HEADER ] array (
  'host' => 'localhost',
  'connection' => 'keep-alive',
  'cache-control' => 'max-age=0',
  'upgrade-insecure-requests' => '1',
  'user-agent' => 'Mozilla/5.0 (Windows NT 10.0; WOW64) AppleWebKit/537.36 (KHTML, like Gecko) Chrome/66.0.3355.4 Safari/537.36',
  'accept' => 'text/html,application/xhtml+xml,application/xml;q=0.9,image/webp,image/apng,*/*;q=0.8',
  'accept-encoding' => 'gzip, deflate, br',
  'accept-language' => 'zh-CN,zh;q=0.9',
  'cookie' => 'Phpstorm-bf069ff8=13b54536-8bac-40dd-a4af-052407f8ded3; Hm_lvt_64ecd82404c51e03dc91cb9e8c025574=1517315364',
)
[ info ] [ PARAM ] array (
)
[ info ] [ RUN ] app\wxapi\controller\Plan->generate[ D:\aliuyuhang\phpstudy\PHPTutorial\WWW\lyzg\application\wxapi\controller\Plan.php ]
[ info ] [ LOG ] INIT File
---------------------------------------------------------------
[ 2018-03-13T20:50:53+08:00 ] 0.0.0.0 GET /lyzg/public/index.php/wxapi/plan/generate
[ info ] localhost/lyzg/public/index.php/wxapi/plan/generate [运行时间：1.817321s][吞吐率：0.55req/s] [内存消耗：1,494.78kb] [文件加载：36]
[ info ] [ LANG ] D:\aliuyuhang\phpstudy\PHPTutorial\WWW\lyzg\thinkphp\lang\zh-cn.php
[ info ] [ ROUTE ] array (
  'type' => 'module',
  'module' => 
  array (
    0 => 'wxapi',
    1 => 'plan',
    2 => 'generate',
  ),
)
[ info ] [ HEADER ] array (
  'host' => 'localhost',
  'connection' => 'keep-alive',
  'cache-control' => 'max-age=0',
  'upgrade-insecure-requests' => '1',
  'user-agent' => 'Mozilla/5.0 (Windows NT 10.0; WOW64) AppleWebKit/537.36 (KHTML, like Gecko) Chrome/66.0.3355.4 Safari/537.36',
  'accept' => 'text/html,application/xhtml+xml,application/xml;q=0.9,image/webp,image/apng,*/*;q=0.8',
  'accept-encoding' => 'gzip, deflate, br',
  'accept-language' => 'zh-CN,zh;q=0.9',
  'cookie' => 'Phpstorm-bf069ff8=13b54536-8bac-40dd-a4af-052407f8ded3; Hm_lvt_64ecd82404c51e03dc91cb9e8c025574=1517315364',
)
[ info ] [ PARAM ] array (
)
[ info ] [ RUN ] app\wxapi\controller\Plan->generate[ D:\aliuyuhang\phpstudy\PHPTutorial\WWW\lyzg\application\wxapi\controller\Plan.php ]
[ info ] [ LOG ] INIT File
---------------------------------------------------------------
[ 2018-03-13T21:02:19+08:00 ] 0.0.0.0 GET /lyzg/public/index.php/wxapi/plan/generate
[ info ] localhost/lyzg/public/index.php/wxapi/plan/generate [运行时间：1.267468s][吞吐率：0.79req/s] [内存消耗：1,406.46kb] [文件加载：38]
[ info ] [ LANG ] D:\aliuyuhang\phpstudy\PHPTutorial\WWW\lyzg\thinkphp\lang\zh-cn.php
[ info ] [ ROUTE ] array (
  'type' => 'module',
  'module' => 
  array (
    0 => 'wxapi',
    1 => 'plan',
    2 => 'generate',
  ),
)
[ info ] [ HEADER ] array (
  'host' => 'localhost',
  'connection' => 'keep-alive',
  'cache-control' => 'max-age=0',
  'upgrade-insecure-requests' => '1',
  'user-agent' => 'Mozilla/5.0 (Windows NT 10.0; WOW64) AppleWebKit/537.36 (KHTML, like Gecko) Chrome/66.0.3355.4 Safari/537.36',
  'accept' => 'text/html,application/xhtml+xml,application/xml;q=0.9,image/webp,image/apng,*/*;q=0.8',
  'accept-encoding' => 'gzip, deflate, br',
  'accept-language' => 'zh-CN,zh;q=0.9',
  'cookie' => 'Phpstorm-bf069ff8=13b54536-8bac-40dd-a4af-052407f8ded3; Hm_lvt_64ecd82404c51e03dc91cb9e8c025574=1517315364',
)
[ info ] [ PARAM ] array (
)
[ info ] [ RUN ] app\wxapi\controller\Plan->generate[ D:\aliuyuhang\phpstudy\PHPTutorial\WWW\lyzg\application\wxapi\controller\Plan.php ]
[ info ] [ LOG ] INIT File
[ error ] [2]fopen(./public/Uploads/AVATAR/11.jpg): failed to open stream: No such file or directory[D:\aliuyuhang\phpstudy\PHPTutorial\WWW\lyzg\application\wxapi\controller\Plan.php:257]
---------------------------------------------------------------
[ 2018-03-13T21:02:45+08:00 ] 0.0.0.0 GET /lyzg/public/index.php/wxapi/plan/generate
[ info ] localhost/lyzg/public/index.php/wxapi/plan/generate [运行时间：0.856043s][吞吐率：1.17req/s] [内存消耗：1,406.45kb] [文件加载：38]
[ info ] [ LANG ] D:\aliuyuhang\phpstudy\PHPTutorial\WWW\lyzg\thinkphp\lang\zh-cn.php
[ info ] [ ROUTE ] array (
  'type' => 'module',
  'module' => 
  array (
    0 => 'wxapi',
    1 => 'plan',
    2 => 'generate',
  ),
)
[ info ] [ HEADER ] array (
  'host' => 'localhost',
  'connection' => 'keep-alive',
  'cache-control' => 'max-age=0',
  'upgrade-insecure-requests' => '1',
  'user-agent' => 'Mozilla/5.0 (Windows NT 10.0; WOW64) AppleWebKit/537.36 (KHTML, like Gecko) Chrome/66.0.3355.4 Safari/537.36',
  'accept' => 'text/html,application/xhtml+xml,application/xml;q=0.9,image/webp,image/apng,*/*;q=0.8',
  'accept-encoding' => 'gzip, deflate, br',
  'accept-language' => 'zh-CN,zh;q=0.9',
  'cookie' => 'Phpstorm-bf069ff8=13b54536-8bac-40dd-a4af-052407f8ded3; Hm_lvt_64ecd82404c51e03dc91cb9e8c025574=1517315364',
)
[ info ] [ PARAM ] array (
)
[ info ] [ RUN ] app\wxapi\controller\Plan->generate[ D:\aliuyuhang\phpstudy\PHPTutorial\WWW\lyzg\application\wxapi\controller\Plan.php ]
[ info ] [ LOG ] INIT File
[ error ] [2]fopen(./public/11.jpg): failed to open stream: No such file or directory[D:\aliuyuhang\phpstudy\PHPTutorial\WWW\lyzg\application\wxapi\controller\Plan.php:257]
---------------------------------------------------------------
[ 2018-03-13T21:03:52+08:00 ] 0.0.0.0 GET /lyzg/public/index.php/wxapi/plan/generate
[ info ] localhost/lyzg/public/index.php/wxapi/plan/generate [运行时间：1.021012s][吞吐率：0.98req/s] [内存消耗：1,404.24kb] [文件加载：36]
[ info ] [ LANG ] D:\aliuyuhang\phpstudy\PHPTutorial\WWW\lyzg\thinkphp\lang\zh-cn.php
[ info ] [ ROUTE ] array (
  'type' => 'module',
  'module' => 
  array (
    0 => 'wxapi',
    1 => 'plan',
    2 => 'generate',
  ),
)
[ info ] [ HEADER ] array (
  'host' => 'localhost',
  'connection' => 'keep-alive',
  'cache-control' => 'max-age=0',
  'upgrade-insecure-requests' => '1',
  'user-agent' => 'Mozilla/5.0 (Windows NT 10.0; WOW64) AppleWebKit/537.36 (KHTML, like Gecko) Chrome/66.0.3355.4 Safari/537.36',
  'accept' => 'text/html,application/xhtml+xml,application/xml;q=0.9,image/webp,image/apng,*/*;q=0.8',
  'accept-encoding' => 'gzip, deflate, br',
  'accept-language' => 'zh-CN,zh;q=0.9',
  'cookie' => 'Phpstorm-bf069ff8=13b54536-8bac-40dd-a4af-052407f8ded3; Hm_lvt_64ecd82404c51e03dc91cb9e8c025574=1517315364',
)
[ info ] [ PARAM ] array (
)
[ info ] [ RUN ] app\wxapi\controller\Plan->generate[ D:\aliuyuhang\phpstudy\PHPTutorial\WWW\lyzg\application\wxapi\controller\Plan.php ]
[ info ] [ LOG ] INIT File
---------------------------------------------------------------
[ 2018-03-13T21:05:47+08:00 ] 0.0.0.0 GET /lyzg/public/index.php/wxapi/plan/generate
[ info ] localhost/lyzg/public/index.php/wxapi/plan/generate [运行时间：0.826052s][吞吐率：1.21req/s] [内存消耗：1,406.49kb] [文件加载：38]
[ info ] [ LANG ] D:\aliuyuhang\phpstudy\PHPTutorial\WWW\lyzg\thinkphp\lang\zh-cn.php
[ info ] [ ROUTE ] array (
  'type' => 'module',
  'module' => 
  array (
    0 => 'wxapi',
    1 => 'plan',
    2 => 'generate',
  ),
)
[ info ] [ HEADER ] array (
  'host' => 'localhost',
  'connection' => 'keep-alive',
  'cache-control' => 'max-age=0',
  'upgrade-insecure-requests' => '1',
  'user-agent' => 'Mozilla/5.0 (Windows NT 10.0; WOW64) AppleWebKit/537.36 (KHTML, like Gecko) Chrome/66.0.3355.4 Safari/537.36',
  'accept' => 'text/html,application/xhtml+xml,application/xml;q=0.9,image/webp,image/apng,*/*;q=0.8',
  'accept-encoding' => 'gzip, deflate, br',
  'accept-language' => 'zh-CN,zh;q=0.9',
  'cookie' => 'Phpstorm-bf069ff8=13b54536-8bac-40dd-a4af-052407f8ded3; Hm_lvt_64ecd82404c51e03dc91cb9e8c025574=1517315364',
)
[ info ] [ PARAM ] array (
)
[ info ] [ RUN ] app\wxapi\controller\Plan->generate[ D:\aliuyuhang\phpstudy\PHPTutorial\WWW\lyzg\application\wxapi\controller\Plan.php ]
[ info ] [ LOG ] INIT File
[ error ] [2]fopen(../public/uploads/wxcode/11.jpg): failed to open stream: No such file or directory[D:\aliuyuhang\phpstudy\PHPTutorial\WWW\lyzg\application\wxapi\controller\Plan.php:257]
---------------------------------------------------------------
[ 2018-03-13T21:06:44+08:00 ] 0.0.0.0 GET /lyzg/public/index.php/wxapi/plan/generate
[ info ] localhost/lyzg/public/index.php/wxapi/plan/generate [运行时间：0.794474s][吞吐率：1.26req/s] [内存消耗：1,404.25kb] [文件加载：36]
[ info ] [ LANG ] D:\aliuyuhang\phpstudy\PHPTutorial\WWW\lyzg\thinkphp\lang\zh-cn.php
[ info ] [ ROUTE ] array (
  'type' => 'module',
  'module' => 
  array (
    0 => 'wxapi',
    1 => 'plan',
    2 => 'generate',
  ),
)
[ info ] [ HEADER ] array (
  'host' => 'localhost',
  'connection' => 'keep-alive',
  'cache-control' => 'max-age=0',
  'upgrade-insecure-requests' => '1',
  'user-agent' => 'Mozilla/5.0 (Windows NT 10.0; WOW64) AppleWebKit/537.36 (KHTML, like Gecko) Chrome/66.0.3355.4 Safari/537.36',
  'accept' => 'text/html,application/xhtml+xml,application/xml;q=0.9,image/webp,image/apng,*/*;q=0.8',
  'accept-encoding' => 'gzip, deflate, br',
  'accept-language' => 'zh-CN,zh;q=0.9',
  'cookie' => 'Phpstorm-bf069ff8=13b54536-8bac-40dd-a4af-052407f8ded3; Hm_lvt_64ecd82404c51e03dc91cb9e8c025574=1517315364',
)
[ info ] [ PARAM ] array (
)
[ info ] [ RUN ] app\wxapi\controller\Plan->generate[ D:\aliuyuhang\phpstudy\PHPTutorial\WWW\lyzg\application\wxapi\controller\Plan.php ]
[ info ] [ LOG ] INIT File
