---------------------------------------------------------------
[ 2018-03-14T16:03:39+08:00 ] 0.0.0.0 GET /lyzg/public/index.php/wxapi/plan/generate
[ info ] localhost/lyzg/public/index.php/wxapi/plan/generate [运行时间：1.116632s][吞吐率：0.90req/s] [内存消耗：1,404.35kb] [文件加载：36]
[ info ] [ LANG ] D:\aliuyuhang\phpstudy\PHPTutorial\WWW\lyzg\thinkphp\lang\zh-cn.php
[ info ] [ ROUTE ] array (
  'type' => 'module',
  'module' => 
  array (
    0 => 'wxapi',
    1 => 'plan',
    2 => 'generate',
  ),
)
[ info ] [ HEADER ] array (
  'host' => 'localhost',
  'connection' => 'keep-alive',
  'upgrade-insecure-requests' => '1',
  'user-agent' => 'Mozilla/5.0 (Windows NT 10.0; WOW64) AppleWebKit/537.36 (KHTML, like Gecko) Chrome/66.0.3355.4 Safari/537.36',
  'accept' => 'text/html,application/xhtml+xml,application/xml;q=0.9,image/webp,image/apng,*/*;q=0.8',
  'accept-encoding' => 'gzip, deflate, br',
  'accept-language' => 'zh-CN,zh;q=0.9',
  'cookie' => 'Phpstorm-bf069ff8=13b54536-8bac-40dd-a4af-052407f8ded3; Hm_lvt_64ecd82404c51e03dc91cb9e8c025574=1517315364; PHPSESSID=t0t22d0gjf9d1figakhg5t5ad1; pgv_pvi=5210599424; pgv_si=s7088520192',
)
[ info ] [ PARAM ] array (
)
[ info ] [ RUN ] app\wxapi\controller\Plan->generate[ D:\aliuyuhang\phpstudy\PHPTutorial\WWW\lyzg\application\wxapi\controller\Plan.php ]
[ info ] [ LOG ] INIT File
