---------------------------------------------------------------
[ 2018-02-08T15:19:29+08:00 ] 127.0.0.1 GET /lyzg/public/index.php/admin/login/index.html
[ info ] localhost/lyzg/public/index.php/admin/login/index.html [运行时间：0.045898s][吞吐率：21.79req/s] [内存消耗：1,255.83kb] [文件加载：41]
[ info ] [ LANG ] D:\aliuyuhang\phpstudy\PHPTutorial\WWW\lyzg\thinkphp\lang\zh-cn.php
[ info ] [ ROUTE ] array (
  'type' => 'module',
  'module' => 
  array (
    0 => 'admin',
    1 => 'login',
    2 => 'index',
  ),
)
[ info ] [ HEADER ] array (
  'cookie' => 'pgv_pvi=3859317760; Hm_lvt_0ae524064813b8dc07ece5ce724a7b04=1517621463; UM_distinctid=1615949c9d2d8-082285069085a3-3e3d560e-1fa400-1615949c9d37b7; CNZZDATA2947366=cnzz_eid%3D1936444180-1517617395-http%253A%252F%252Flocalhost%252F%26ntime%3D1517617395; a9412_times=1; CNZZDATA1252958410=774362733-1517617412-http%253A%252F%252Flocalhost%252F%7C1517617412; Hm_lvt_2eac95e2df0ea5d2b0aaa92e3dbbe419=1517622575; Hm_lvt_258fa23a79b44bae7819d5e2a301d54b=1517622702; Hm_lvt_fa356a94bf5ae253b76fefa953bb56e4=1517622743; ts_uid=1637515276; Phpstorm-412f56be=80096e11-9860-4477-b87f-2dd663805c50; PHPSESSID=b3cuf0j3ol4u56ehh6ebino321',
  'accept-language' => 'zh-CN,zh;q=0.9',
  'accept-encoding' => 'gzip, deflate, br',
  'referer' => 'http://localhost/lyzg/public/index.php/admin/consult/',
  'accept' => 'text/html,application/xhtml+xml,application/xml;q=0.9,image/webp,image/apng,*/*;q=0.8',
  'user-agent' => 'Mozilla/5.0 (Windows NT 6.1; Win64; x64) AppleWebKit/537.36 (KHTML, like Gecko) Chrome/64.0.3282.119 Safari/537.36',
  'upgrade-insecure-requests' => '1',
  'cache-control' => 'max-age=0',
  'connection' => 'keep-alive',
  'host' => 'localhost',
  'content-length' => '',
  'content-type' => '',
)
[ info ] [ PARAM ] array (
)
[ info ] [ RUN ] app\admin\controller\Login->index[ D:\aliuyuhang\phpstudy\PHPTutorial\WWW\lyzg\application\admin\controller\Login.php ]
[ info ] [ VIEW ] D:\aliuyuhang\phpstudy\PHPTutorial\WWW\lyzg\public/../application/admin\view\login\index.html [ array (
) ]
[ info ] [ LOG ] INIT File
---------------------------------------------------------------
[ 2018-02-08T15:19:40+08:00 ] 127.0.0.1 POST /lyzg/public/index.php/admin/login/index.html
[ info ] localhost/lyzg/public/index.php/admin/login/index.html [运行时间：0.319336s][吞吐率：3.13req/s] [内存消耗：2,015.87kb] [文件加载：49]
[ info ] [ LANG ] D:\aliuyuhang\phpstudy\PHPTutorial\WWW\lyzg\thinkphp\lang\zh-cn.php
[ info ] [ ROUTE ] array (
  'type' => 'module',
  'module' => 
  array (
    0 => 'admin',
    1 => 'login',
    2 => 'index',
  ),
)
[ info ] [ HEADER ] array (
  'cookie' => 'pgv_pvi=3859317760; Hm_lvt_0ae524064813b8dc07ece5ce724a7b04=1517621463; UM_distinctid=1615949c9d2d8-082285069085a3-3e3d560e-1fa400-1615949c9d37b7; CNZZDATA2947366=cnzz_eid%3D1936444180-1517617395-http%253A%252F%252Flocalhost%252F%26ntime%3D1517617395; a9412_times=1; CNZZDATA1252958410=774362733-1517617412-http%253A%252F%252Flocalhost%252F%7C1517617412; Hm_lvt_2eac95e2df0ea5d2b0aaa92e3dbbe419=1517622575; Hm_lvt_258fa23a79b44bae7819d5e2a301d54b=1517622702; Hm_lvt_fa356a94bf5ae253b76fefa953bb56e4=1517622743; ts_uid=1637515276; Phpstorm-412f56be=80096e11-9860-4477-b87f-2dd663805c50; PHPSESSID=b3cuf0j3ol4u56ehh6ebino321',
  'accept-language' => 'zh-CN,zh;q=0.9',
  'accept-encoding' => 'gzip, deflate, br',
  'referer' => 'http://localhost/lyzg/public/index.php/admin/login/index.html',
  'content-type' => 'application/x-www-form-urlencoded; charset=UTF-8',
  'user-agent' => 'Mozilla/5.0 (Windows NT 6.1; Win64; x64) AppleWebKit/537.36 (KHTML, like Gecko) Chrome/64.0.3282.119 Safari/537.36',
  'x-requested-with' => 'XMLHttpRequest',
  'origin' => 'http://localhost',
  'accept' => '*/*',
  'content-length' => '29',
  'connection' => 'keep-alive',
  'host' => 'localhost',
)
[ info ] [ PARAM ] array (
  'username' => 'admin',
  'password' => 'admin',
)
[ info ] [ RUN ] app\admin\controller\Login->index[ D:\aliuyuhang\phpstudy\PHPTutorial\WWW\lyzg\application\admin\controller\Login.php ]
[ info ] [ DB ] INIT mysql
[ info ] [ CACHE ] INIT File
[ info ] [ SESSION ] INIT array (
  'id' => '',
  'var_session_id' => '',
  'prefix' => 'think',
  'type' => '',
  'auto_start' => true,
)
[ info ] [ LOG ] INIT File
[ sql ] [ DB ] CONNECT:[ UseTime:0.084961s ] mysql:host=47.94.175.62;port=3306;dbname=consult;charset=utf8
[ sql ] [ SQL ] SHOW COLUMNS FROM `lyzg_user` [ RunTime:0.064453s ]
[ sql ] [ SQL ] SELECT * FROM `lyzg_user` `a` INNER JOIN `lyzg_usergroup` `b` ON `a`.`levelname`=`b`.`group_id` WHERE  `username` = 'admin' LIMIT 1 [ RunTime:0.057617s ]
[ sql ] [ SQL ] UPDATE `lyzg_user`  SET `loginnum`=77,`loginip`='127.0.0.1',`logintime`=1518074380  WHERE  `uid` = 1 [ RunTime:0.055664s ]
---------------------------------------------------------------
[ 2018-02-08T15:19:40+08:00 ] 127.0.0.1 GET /lyzg/public/index.php/admin/index/index.html
[ info ] localhost/lyzg/public/index.php/admin/index/index.html [运行时间：0.252930s][吞吐率：3.95req/s] [内存消耗：1,887.17kb] [文件加载：48]
[ info ] [ LANG ] D:\aliuyuhang\phpstudy\PHPTutorial\WWW\lyzg\thinkphp\lang\zh-cn.php
[ info ] [ ROUTE ] array (
  'type' => 'module',
  'module' => 
  array (
    0 => 'admin',
    1 => 'index',
    2 => 'index',
  ),
)
[ info ] [ HEADER ] array (
  'cookie' => 'pgv_pvi=3859317760; Hm_lvt_0ae524064813b8dc07ece5ce724a7b04=1517621463; UM_distinctid=1615949c9d2d8-082285069085a3-3e3d560e-1fa400-1615949c9d37b7; CNZZDATA2947366=cnzz_eid%3D1936444180-1517617395-http%253A%252F%252Flocalhost%252F%26ntime%3D1517617395; a9412_times=1; CNZZDATA1252958410=774362733-1517617412-http%253A%252F%252Flocalhost%252F%7C1517617412; Hm_lvt_2eac95e2df0ea5d2b0aaa92e3dbbe419=1517622575; Hm_lvt_258fa23a79b44bae7819d5e2a301d54b=1517622702; Hm_lvt_fa356a94bf5ae253b76fefa953bb56e4=1517622743; ts_uid=1637515276; Phpstorm-412f56be=80096e11-9860-4477-b87f-2dd663805c50; PHPSESSID=b3cuf0j3ol4u56ehh6ebino321',
  'accept-language' => 'zh-CN,zh;q=0.9',
  'accept-encoding' => 'gzip, deflate, br',
  'referer' => 'http://localhost/lyzg/public/index.php/admin/login/index.html',
  'accept' => 'text/html,application/xhtml+xml,application/xml;q=0.9,image/webp,image/apng,*/*;q=0.8',
  'user-agent' => 'Mozilla/5.0 (Windows NT 6.1; Win64; x64) AppleWebKit/537.36 (KHTML, like Gecko) Chrome/64.0.3282.119 Safari/537.36',
  'upgrade-insecure-requests' => '1',
  'connection' => 'keep-alive',
  'host' => 'localhost',
  'content-length' => '',
  'content-type' => '',
)
[ info ] [ PARAM ] array (
)
[ info ] [ SESSION ] INIT array (
  'id' => '',
  'var_session_id' => '',
  'prefix' => 'think',
  'type' => '',
  'auto_start' => true,
)
[ info ] [ DB ] INIT mysql
[ info ] [ RUN ] app\admin\controller\Index->index[ D:\aliuyuhang\phpstudy\PHPTutorial\WWW\lyzg\application\admin\controller\Index.php ]
[ info ] [ VIEW ] D:\aliuyuhang\phpstudy\PHPTutorial\WWW\lyzg\public/../application/admin\view\index\index.html [ array (
) ]
[ info ] [ LOG ] INIT File
[ sql ] [ DB ] CONNECT:[ UseTime:0.082031s ] mysql:host=47.94.175.62;port=3306;dbname=consult;charset=utf8
[ sql ] [ SQL ] SHOW COLUMNS FROM `lyzg_wx` [ RunTime:0.054688s ]
[ sql ] [ SQL ] SELECT * FROM `lyzg_wx` WHERE  `id` = 1 [ RunTime:0.053711s ]
---------------------------------------------------------------
[ 2018-02-08T15:19:43+08:00 ] 127.0.0.1 GET /lyzg/public/index.php/admin/index/index.html
[ info ] localhost/lyzg/public/index.php/admin/index/index.html [运行时间：0.182617s][吞吐率：5.48req/s] [内存消耗：1,750.24kb] [文件加载：46]
[ info ] [ LANG ] D:\aliuyuhang\phpstudy\PHPTutorial\WWW\lyzg\thinkphp\lang\zh-cn.php
[ info ] [ ROUTE ] array (
  'type' => 'module',
  'module' => 
  array (
    0 => 'admin',
    1 => 'index',
    2 => 'index',
  ),
)
[ info ] [ HEADER ] array (
  'cookie' => 'pgv_pvi=3859317760; Hm_lvt_0ae524064813b8dc07ece5ce724a7b04=1517621463; UM_distinctid=1615949c9d2d8-082285069085a3-3e3d560e-1fa400-1615949c9d37b7; CNZZDATA2947366=cnzz_eid%3D1936444180-1517617395-http%253A%252F%252Flocalhost%252F%26ntime%3D1517617395; a9412_times=1; CNZZDATA1252958410=774362733-1517617412-http%253A%252F%252Flocalhost%252F%7C1517617412; Hm_lvt_2eac95e2df0ea5d2b0aaa92e3dbbe419=1517622575; Hm_lvt_258fa23a79b44bae7819d5e2a301d54b=1517622702; Hm_lvt_fa356a94bf5ae253b76fefa953bb56e4=1517622743; ts_uid=1637515276; Phpstorm-412f56be=80096e11-9860-4477-b87f-2dd663805c50; PHPSESSID=b3cuf0j3ol4u56ehh6ebino321',
  'accept-language' => 'zh-CN,zh;q=0.9',
  'accept-encoding' => 'gzip, deflate, br',
  'referer' => 'http://localhost/lyzg/public/index.php/admin/login/index.html',
  'accept' => 'text/html,application/xhtml+xml,application/xml;q=0.9,image/webp,image/apng,*/*;q=0.8',
  'user-agent' => 'Mozilla/5.0 (Windows NT 6.1; Win64; x64) AppleWebKit/537.36 (KHTML, like Gecko) Chrome/64.0.3282.119 Safari/537.36',
  'upgrade-insecure-requests' => '1',
  'cache-control' => 'max-age=0',
  'connection' => 'keep-alive',
  'host' => 'localhost',
  'content-length' => '',
  'content-type' => '',
)
[ info ] [ PARAM ] array (
)
[ info ] [ SESSION ] INIT array (
  'id' => '',
  'var_session_id' => '',
  'prefix' => 'think',
  'type' => '',
  'auto_start' => true,
)
[ info ] [ DB ] INIT mysql
[ info ] [ RUN ] app\admin\controller\Index->index[ D:\aliuyuhang\phpstudy\PHPTutorial\WWW\lyzg\application\admin\controller\Index.php ]
[ info ] [ VIEW ] D:\aliuyuhang\phpstudy\PHPTutorial\WWW\lyzg\public/../application/admin\view\index\index.html [ array (
) ]
[ info ] [ LOG ] INIT File
[ sql ] [ DB ] CONNECT:[ UseTime:0.058594s ] mysql:host=47.94.175.62;port=3306;dbname=consult;charset=utf8
[ sql ] [ SQL ] SHOW COLUMNS FROM `lyzg_wx` [ RunTime:0.040039s ]
[ sql ] [ SQL ] SELECT * FROM `lyzg_wx` WHERE  `id` = 1 [ RunTime:0.035156s ]
---------------------------------------------------------------
[ 2018-02-08T15:19:59+08:00 ] 127.0.0.1 GET /lyzg/public/index.php/admin/smallprogram/index.html
[ info ] localhost/lyzg/public/index.php/admin/smallprogram/index.html [运行时间：0.205078s][吞吐率：4.88req/s] [内存消耗：1,682.16kb] [文件加载：44]
[ info ] [ LANG ] D:\aliuyuhang\phpstudy\PHPTutorial\WWW\lyzg\thinkphp\lang\zh-cn.php
[ info ] [ ROUTE ] array (
  'type' => 'module',
  'module' => 
  array (
    0 => 'admin',
    1 => 'smallprogram',
    2 => 'index',
  ),
)
[ info ] [ HEADER ] array (
  'cookie' => 'pgv_pvi=3859317760; Hm_lvt_0ae524064813b8dc07ece5ce724a7b04=1517621463; UM_distinctid=1615949c9d2d8-082285069085a3-3e3d560e-1fa400-1615949c9d37b7; CNZZDATA2947366=cnzz_eid%3D1936444180-1517617395-http%253A%252F%252Flocalhost%252F%26ntime%3D1517617395; a9412_times=1; CNZZDATA1252958410=774362733-1517617412-http%253A%252F%252Flocalhost%252F%7C1517617412; Hm_lvt_2eac95e2df0ea5d2b0aaa92e3dbbe419=1517622575; Hm_lvt_258fa23a79b44bae7819d5e2a301d54b=1517622702; Hm_lvt_fa356a94bf5ae253b76fefa953bb56e4=1517622743; ts_uid=1637515276; Phpstorm-412f56be=80096e11-9860-4477-b87f-2dd663805c50; PHPSESSID=b3cuf0j3ol4u56ehh6ebino321',
  'accept-language' => 'zh-CN,zh;q=0.9',
  'accept-encoding' => 'gzip, deflate, br',
  'referer' => 'http://localhost/lyzg/public/index.php/admin/index/index.html',
  'accept' => 'text/html,application/xhtml+xml,application/xml;q=0.9,image/webp,image/apng,*/*;q=0.8',
  'user-agent' => 'Mozilla/5.0 (Windows NT 6.1; Win64; x64) AppleWebKit/537.36 (KHTML, like Gecko) Chrome/64.0.3282.119 Safari/537.36',
  'upgrade-insecure-requests' => '1',
  'connection' => 'keep-alive',
  'host' => 'localhost',
  'content-length' => '',
  'content-type' => '',
)
[ info ] [ PARAM ] array (
)
[ info ] [ SESSION ] INIT array (
  'id' => '',
  'var_session_id' => '',
  'prefix' => 'think',
  'type' => '',
  'auto_start' => true,
)
[ info ] [ DB ] INIT mysql
[ info ] [ RUN ] app\admin\controller\Smallprogram->index[ D:\aliuyuhang\phpstudy\PHPTutorial\WWW\lyzg\application\admin\controller\Smallprogram.php ]
[ info ] [ LOG ] INIT File
[ sql ] [ DB ] CONNECT:[ UseTime:0.065429s ] mysql:host=47.94.175.62;port=3306;dbname=consult;charset=utf8
[ sql ] [ SQL ] SHOW COLUMNS FROM `lyzg_wx` [ RunTime:0.044922s ]
[ sql ] [ SQL ] SELECT * FROM `lyzg_wx` WHERE  `id` = 1 [ RunTime:0.048828s ]
---------------------------------------------------------------
[ 2018-02-08T15:20:01+08:00 ] 127.0.0.1 GET /lyzg/public/index.php/admin/index/index.html
[ info ] localhost/lyzg/public/index.php/admin/index/index.html [运行时间：0.216797s][吞吐率：4.61req/s] [内存消耗：1,750.05kb] [文件加载：46]
[ info ] [ LANG ] D:\aliuyuhang\phpstudy\PHPTutorial\WWW\lyzg\thinkphp\lang\zh-cn.php
[ info ] [ ROUTE ] array (
  'type' => 'module',
  'module' => 
  array (
    0 => 'admin',
    1 => 'index',
    2 => 'index',
  ),
)
[ info ] [ HEADER ] array (
  'cookie' => 'pgv_pvi=3859317760; Hm_lvt_0ae524064813b8dc07ece5ce724a7b04=1517621463; UM_distinctid=1615949c9d2d8-082285069085a3-3e3d560e-1fa400-1615949c9d37b7; CNZZDATA2947366=cnzz_eid%3D1936444180-1517617395-http%253A%252F%252Flocalhost%252F%26ntime%3D1517617395; a9412_times=1; CNZZDATA1252958410=774362733-1517617412-http%253A%252F%252Flocalhost%252F%7C1517617412; Hm_lvt_2eac95e2df0ea5d2b0aaa92e3dbbe419=1517622575; Hm_lvt_258fa23a79b44bae7819d5e2a301d54b=1517622702; Hm_lvt_fa356a94bf5ae253b76fefa953bb56e4=1517622743; ts_uid=1637515276; Phpstorm-412f56be=80096e11-9860-4477-b87f-2dd663805c50; PHPSESSID=b3cuf0j3ol4u56ehh6ebino321',
  'accept-language' => 'zh-CN,zh;q=0.9',
  'accept-encoding' => 'gzip, deflate, br',
  'referer' => 'http://localhost/lyzg/public/index.php/admin/login/index.html',
  'accept' => 'text/html,application/xhtml+xml,application/xml;q=0.9,image/webp,image/apng,*/*;q=0.8',
  'user-agent' => 'Mozilla/5.0 (Windows NT 6.1; Win64; x64) AppleWebKit/537.36 (KHTML, like Gecko) Chrome/64.0.3282.119 Safari/537.36',
  'upgrade-insecure-requests' => '1',
  'connection' => 'keep-alive',
  'host' => 'localhost',
  'content-length' => '',
  'content-type' => '',
)
[ info ] [ PARAM ] array (
)
[ info ] [ SESSION ] INIT array (
  'id' => '',
  'var_session_id' => '',
  'prefix' => 'think',
  'type' => '',
  'auto_start' => true,
)
[ info ] [ DB ] INIT mysql
[ info ] [ RUN ] app\admin\controller\Index->index[ D:\aliuyuhang\phpstudy\PHPTutorial\WWW\lyzg\application\admin\controller\Index.php ]
[ info ] [ VIEW ] D:\aliuyuhang\phpstudy\PHPTutorial\WWW\lyzg\public/../application/admin\view\index\index.html [ array (
) ]
[ info ] [ LOG ] INIT File
[ sql ] [ DB ] CONNECT:[ UseTime:0.072266s ] mysql:host=47.94.175.62;port=3306;dbname=consult;charset=utf8
[ sql ] [ SQL ] SHOW COLUMNS FROM `lyzg_wx` [ RunTime:0.044921s ]
[ sql ] [ SQL ] SELECT * FROM `lyzg_wx` WHERE  `id` = 1 [ RunTime:0.049805s ]
---------------------------------------------------------------
[ 2018-02-08T15:47:18+08:00 ] 127.0.0.1 GET /lyzg/public/index.php/wxapi/login/ceshi
[ info ] localhost/lyzg/public/index.php/wxapi/login/ceshi [运行时间：0.040040s][吞吐率：24.98req/s] [内存消耗：1,096.27kb] [文件加载：37]
[ info ] [ LANG ] D:\aliuyuhang\phpstudy\PHPTutorial\WWW\lyzg\thinkphp\lang\zh-cn.php
[ info ] [ ROUTE ] array (
  'type' => 'module',
  'module' => 
  array (
    0 => 'wxapi',
    1 => 'login',
    2 => 'ceshi',
  ),
)
[ info ] [ HEADER ] array (
  'cookie' => 'pgv_pvi=3859317760; Hm_lvt_0ae524064813b8dc07ece5ce724a7b04=1517621463; UM_distinctid=1615949c9d2d8-082285069085a3-3e3d560e-1fa400-1615949c9d37b7; CNZZDATA2947366=cnzz_eid%3D1936444180-1517617395-http%253A%252F%252Flocalhost%252F%26ntime%3D1517617395; a9412_times=1; CNZZDATA1252958410=774362733-1517617412-http%253A%252F%252Flocalhost%252F%7C1517617412; Hm_lvt_2eac95e2df0ea5d2b0aaa92e3dbbe419=1517622575; Hm_lvt_258fa23a79b44bae7819d5e2a301d54b=1517622702; Hm_lvt_fa356a94bf5ae253b76fefa953bb56e4=1517622743; ts_uid=1637515276; Phpstorm-412f56be=80096e11-9860-4477-b87f-2dd663805c50; PHPSESSID=b3cuf0j3ol4u56ehh6ebino321',
  'accept-language' => 'zh-CN,zh;q=0.9',
  'accept-encoding' => 'gzip, deflate, br',
  'accept' => 'text/html,application/xhtml+xml,application/xml;q=0.9,image/webp,image/apng,*/*;q=0.8',
  'user-agent' => 'Mozilla/5.0 (Windows NT 6.1; Win64; x64) AppleWebKit/537.36 (KHTML, like Gecko) Chrome/64.0.3282.119 Safari/537.36',
  'upgrade-insecure-requests' => '1',
  'connection' => 'keep-alive',
  'host' => 'localhost',
  'content-length' => '',
  'content-type' => '',
)
[ info ] [ PARAM ] array (
)
[ info ] [ RUN ] app\wxapi\controller\Login->ceshi[ D:\aliuyuhang\phpstudy\PHPTutorial\WWW\lyzg\application\wxapi\controller\Login.php ]
[ info ] [ LOG ] INIT File
---------------------------------------------------------------
[ 2018-02-08T15:50:58+08:00 ] 127.0.0.1 GET /lyzg/public/index.php/wxapi/login/ceshi
[ info ] localhost/lyzg/public/index.php/wxapi/login/ceshi [运行时间：0.039063s][吞吐率：25.60req/s] [内存消耗：1,071.68kb] [文件加载：36]
[ info ] [ LANG ] D:\aliuyuhang\phpstudy\PHPTutorial\WWW\lyzg\thinkphp\lang\zh-cn.php
[ info ] [ ROUTE ] array (
  'type' => 'module',
  'module' => 
  array (
    0 => 'wxapi',
    1 => 'login',
    2 => 'ceshi',
  ),
)
[ info ] [ HEADER ] array (
  'cookie' => 'pgv_pvi=3859317760; Hm_lvt_0ae524064813b8dc07ece5ce724a7b04=1517621463; UM_distinctid=1615949c9d2d8-082285069085a3-3e3d560e-1fa400-1615949c9d37b7; CNZZDATA2947366=cnzz_eid%3D1936444180-1517617395-http%253A%252F%252Flocalhost%252F%26ntime%3D1517617395; a9412_times=1; CNZZDATA1252958410=774362733-1517617412-http%253A%252F%252Flocalhost%252F%7C1517617412; Hm_lvt_2eac95e2df0ea5d2b0aaa92e3dbbe419=1517622575; Hm_lvt_258fa23a79b44bae7819d5e2a301d54b=1517622702; Hm_lvt_fa356a94bf5ae253b76fefa953bb56e4=1517622743; ts_uid=1637515276; Phpstorm-412f56be=80096e11-9860-4477-b87f-2dd663805c50; PHPSESSID=b3cuf0j3ol4u56ehh6ebino321',
  'accept-language' => 'zh-CN,zh;q=0.9',
  'accept-encoding' => 'gzip, deflate, br',
  'accept' => 'text/html,application/xhtml+xml,application/xml;q=0.9,image/webp,image/apng,*/*;q=0.8',
  'user-agent' => 'Mozilla/5.0 (Windows NT 6.1; Win64; x64) AppleWebKit/537.36 (KHTML, like Gecko) Chrome/64.0.3282.119 Safari/537.36',
  'upgrade-insecure-requests' => '1',
  'cache-control' => 'max-age=0',
  'connection' => 'keep-alive',
  'host' => 'localhost',
  'content-length' => '',
  'content-type' => '',
)
[ info ] [ PARAM ] array (
)
[ info ] [ RUN ] app\wxapi\controller\Login->ceshi[ D:\aliuyuhang\phpstudy\PHPTutorial\WWW\lyzg\application\wxapi\controller\Login.php ]
[ info ] [ LOG ] INIT File
---------------------------------------------------------------
[ 2018-02-08T15:57:32+08:00 ] 127.0.0.1 GET /lyzg/public/index.php/wxapi/login/ceshi
[ info ] localhost/lyzg/public/index.php/wxapi/login/ceshi [运行时间：0.030274s][吞吐率：33.03req/s] [内存消耗：879.71kb] [文件加载：32]
[ info ] [ LANG ] D:\aliuyuhang\phpstudy\PHPTutorial\WWW\lyzg\thinkphp\lang\zh-cn.php
[ info ] [ ROUTE ] array (
  'type' => 'module',
  'module' => 
  array (
    0 => 'wxapi',
    1 => 'login',
    2 => 'ceshi',
  ),
)
[ info ] [ HEADER ] array (
  'cookie' => 'pgv_pvi=3859317760; Hm_lvt_0ae524064813b8dc07ece5ce724a7b04=1517621463; UM_distinctid=1615949c9d2d8-082285069085a3-3e3d560e-1fa400-1615949c9d37b7; CNZZDATA2947366=cnzz_eid%3D1936444180-1517617395-http%253A%252F%252Flocalhost%252F%26ntime%3D1517617395; a9412_times=1; CNZZDATA1252958410=774362733-1517617412-http%253A%252F%252Flocalhost%252F%7C1517617412; Hm_lvt_2eac95e2df0ea5d2b0aaa92e3dbbe419=1517622575; Hm_lvt_258fa23a79b44bae7819d5e2a301d54b=1517622702; Hm_lvt_fa356a94bf5ae253b76fefa953bb56e4=1517622743; ts_uid=1637515276; Phpstorm-412f56be=80096e11-9860-4477-b87f-2dd663805c50; PHPSESSID=b3cuf0j3ol4u56ehh6ebino321',
  'accept-language' => 'zh-CN,zh;q=0.9',
  'accept-encoding' => 'gzip, deflate, br',
  'accept' => 'text/html,application/xhtml+xml,application/xml;q=0.9,image/webp,image/apng,*/*;q=0.8',
  'user-agent' => 'Mozilla/5.0 (Windows NT 6.1; Win64; x64) AppleWebKit/537.36 (KHTML, like Gecko) Chrome/64.0.3282.119 Safari/537.36',
  'upgrade-insecure-requests' => '1',
  'cache-control' => 'max-age=0',
  'connection' => 'keep-alive',
  'host' => 'localhost',
  'content-length' => '',
  'content-type' => '',
)
[ info ] [ PARAM ] array (
)
[ info ] [ LOG ] INIT File
[ error ] [0]方法参数错误:code[D:\aliuyuhang\phpstudy\PHPTutorial\WWW\lyzg\thinkphp\library\think\App.php:431]
---------------------------------------------------------------
[ 2018-02-08T15:58:36+08:00 ] 127.0.0.1 GET /lyzg/public/index.php/wxapi/login/ceshi
[ info ] localhost/lyzg/public/index.php/wxapi/login/ceshi [运行时间：0.025390s][吞吐率：39.39req/s] [内存消耗：892.31kb] [文件加载：34]
[ info ] [ LANG ] D:\aliuyuhang\phpstudy\PHPTutorial\WWW\lyzg\thinkphp\lang\zh-cn.php
[ info ] [ ROUTE ] array (
  'type' => 'module',
  'module' => 
  array (
    0 => 'wxapi',
    1 => 'login',
    2 => 'ceshi',
  ),
)
[ info ] [ HEADER ] array (
  'cookie' => 'pgv_pvi=3859317760; Hm_lvt_0ae524064813b8dc07ece5ce724a7b04=1517621463; UM_distinctid=1615949c9d2d8-082285069085a3-3e3d560e-1fa400-1615949c9d37b7; CNZZDATA2947366=cnzz_eid%3D1936444180-1517617395-http%253A%252F%252Flocalhost%252F%26ntime%3D1517617395; a9412_times=1; CNZZDATA1252958410=774362733-1517617412-http%253A%252F%252Flocalhost%252F%7C1517617412; Hm_lvt_2eac95e2df0ea5d2b0aaa92e3dbbe419=1517622575; Hm_lvt_258fa23a79b44bae7819d5e2a301d54b=1517622702; Hm_lvt_fa356a94bf5ae253b76fefa953bb56e4=1517622743; ts_uid=1637515276; Phpstorm-412f56be=80096e11-9860-4477-b87f-2dd663805c50; PHPSESSID=b3cuf0j3ol4u56ehh6ebino321',
  'accept-language' => 'zh-CN,zh;q=0.9',
  'accept-encoding' => 'gzip, deflate, br',
  'accept' => 'text/html,application/xhtml+xml,application/xml;q=0.9,image/webp,image/apng,*/*;q=0.8',
  'user-agent' => 'Mozilla/5.0 (Windows NT 6.1; Win64; x64) AppleWebKit/537.36 (KHTML, like Gecko) Chrome/64.0.3282.119 Safari/537.36',
  'upgrade-insecure-requests' => '1',
  'cache-control' => 'max-age=0',
  'connection' => 'keep-alive',
  'host' => 'localhost',
  'content-length' => '',
  'content-type' => '',
)
[ info ] [ PARAM ] array (
)
[ info ] [ LOG ] INIT File
[ error ] [8]Undefined property: app\wxapi\controller\Login::$code[D:\aliuyuhang\phpstudy\PHPTutorial\WWW\lyzg\application\wxapi\controller\Login.php:25]
---------------------------------------------------------------
[ 2018-02-08T15:59:03+08:00 ] 127.0.0.1 GET /lyzg/public/index.php/wxapi/login/ceshi
[ info ] localhost/lyzg/public/index.php/wxapi/login/ceshi [运行时间：0.024414s][吞吐率：40.96req/s] [内存消耗：892.16kb] [文件加载：34]
[ info ] [ LANG ] D:\aliuyuhang\phpstudy\PHPTutorial\WWW\lyzg\thinkphp\lang\zh-cn.php
[ info ] [ ROUTE ] array (
  'type' => 'module',
  'module' => 
  array (
    0 => 'wxapi',
    1 => 'login',
    2 => 'ceshi',
  ),
)
[ info ] [ HEADER ] array (
  'cookie' => 'pgv_pvi=3859317760; Hm_lvt_0ae524064813b8dc07ece5ce724a7b04=1517621463; UM_distinctid=1615949c9d2d8-082285069085a3-3e3d560e-1fa400-1615949c9d37b7; CNZZDATA2947366=cnzz_eid%3D1936444180-1517617395-http%253A%252F%252Flocalhost%252F%26ntime%3D1517617395; a9412_times=1; CNZZDATA1252958410=774362733-1517617412-http%253A%252F%252Flocalhost%252F%7C1517617412; Hm_lvt_2eac95e2df0ea5d2b0aaa92e3dbbe419=1517622575; Hm_lvt_258fa23a79b44bae7819d5e2a301d54b=1517622702; Hm_lvt_fa356a94bf5ae253b76fefa953bb56e4=1517622743; ts_uid=1637515276; Phpstorm-412f56be=80096e11-9860-4477-b87f-2dd663805c50; PHPSESSID=b3cuf0j3ol4u56ehh6ebino321',
  'accept-language' => 'zh-CN,zh;q=0.9',
  'accept-encoding' => 'gzip, deflate, br',
  'accept' => 'text/html,application/xhtml+xml,application/xml;q=0.9,image/webp,image/apng,*/*;q=0.8',
  'user-agent' => 'Mozilla/5.0 (Windows NT 6.1; Win64; x64) AppleWebKit/537.36 (KHTML, like Gecko) Chrome/64.0.3282.119 Safari/537.36',
  'upgrade-insecure-requests' => '1',
  'cache-control' => 'max-age=0',
  'connection' => 'keep-alive',
  'host' => 'localhost',
  'content-length' => '',
  'content-type' => '',
)
[ info ] [ PARAM ] array (
)
[ info ] [ LOG ] INIT File
[ error ] [2]sprintf(): Too few arguments[D:\aliuyuhang\phpstudy\PHPTutorial\WWW\lyzg\application\wxapi\controller\Login.php:25]
---------------------------------------------------------------
[ 2018-02-08T15:59:29+08:00 ] 127.0.0.1 GET /lyzg/public/index.php/wxapi/login/ceshi
[ info ] localhost/lyzg/public/index.php/wxapi/login/ceshi [运行时间：0.031250s][吞吐率：32.00req/s] [内存消耗：893.02kb] [文件加载：32]
[ info ] [ LANG ] D:\aliuyuhang\phpstudy\PHPTutorial\WWW\lyzg\thinkphp\lang\zh-cn.php
[ info ] [ ROUTE ] array (
  'type' => 'module',
  'module' => 
  array (
    0 => 'wxapi',
    1 => 'login',
    2 => 'ceshi',
  ),
)
[ info ] [ HEADER ] array (
  'cookie' => 'pgv_pvi=3859317760; Hm_lvt_0ae524064813b8dc07ece5ce724a7b04=1517621463; UM_distinctid=1615949c9d2d8-082285069085a3-3e3d560e-1fa400-1615949c9d37b7; CNZZDATA2947366=cnzz_eid%3D1936444180-1517617395-http%253A%252F%252Flocalhost%252F%26ntime%3D1517617395; a9412_times=1; CNZZDATA1252958410=774362733-1517617412-http%253A%252F%252Flocalhost%252F%7C1517617412; Hm_lvt_2eac95e2df0ea5d2b0aaa92e3dbbe419=1517622575; Hm_lvt_258fa23a79b44bae7819d5e2a301d54b=1517622702; Hm_lvt_fa356a94bf5ae253b76fefa953bb56e4=1517622743; ts_uid=1637515276; Phpstorm-412f56be=80096e11-9860-4477-b87f-2dd663805c50; PHPSESSID=b3cuf0j3ol4u56ehh6ebino321',
  'accept-language' => 'zh-CN,zh;q=0.9',
  'accept-encoding' => 'gzip, deflate, br',
  'accept' => 'text/html,application/xhtml+xml,application/xml;q=0.9,image/webp,image/apng,*/*;q=0.8',
  'user-agent' => 'Mozilla/5.0 (Windows NT 6.1; Win64; x64) AppleWebKit/537.36 (KHTML, like Gecko) Chrome/64.0.3282.119 Safari/537.36',
  'upgrade-insecure-requests' => '1',
  'cache-control' => 'max-age=0',
  'connection' => 'keep-alive',
  'host' => 'localhost',
  'content-length' => '',
  'content-type' => '',
)
[ info ] [ PARAM ] array (
)
[ info ] [ RUN ] app\wxapi\controller\Login->ceshi[ D:\aliuyuhang\phpstudy\PHPTutorial\WWW\lyzg\application\wxapi\controller\Login.php ]
[ info ] [ LOG ] INIT File
---------------------------------------------------------------
[ 2018-02-08T16:00:02+08:00 ] 127.0.0.1 GET /lyzg/public/index.php/wxapi/login/ceshi
[ info ] localhost/lyzg/public/index.php/wxapi/login/ceshi [运行时间：0.034179s][吞吐率：29.26req/s] [内存消耗：893.02kb] [文件加载：32]
[ info ] [ LANG ] D:\aliuyuhang\phpstudy\PHPTutorial\WWW\lyzg\thinkphp\lang\zh-cn.php
[ info ] [ ROUTE ] array (
  'type' => 'module',
  'module' => 
  array (
    0 => 'wxapi',
    1 => 'login',
    2 => 'ceshi',
  ),
)
[ info ] [ HEADER ] array (
  'cookie' => 'pgv_pvi=3859317760; Hm_lvt_0ae524064813b8dc07ece5ce724a7b04=1517621463; UM_distinctid=1615949c9d2d8-082285069085a3-3e3d560e-1fa400-1615949c9d37b7; CNZZDATA2947366=cnzz_eid%3D1936444180-1517617395-http%253A%252F%252Flocalhost%252F%26ntime%3D1517617395; a9412_times=1; CNZZDATA1252958410=774362733-1517617412-http%253A%252F%252Flocalhost%252F%7C1517617412; Hm_lvt_2eac95e2df0ea5d2b0aaa92e3dbbe419=1517622575; Hm_lvt_258fa23a79b44bae7819d5e2a301d54b=1517622702; Hm_lvt_fa356a94bf5ae253b76fefa953bb56e4=1517622743; ts_uid=1637515276; Phpstorm-412f56be=80096e11-9860-4477-b87f-2dd663805c50; PHPSESSID=b3cuf0j3ol4u56ehh6ebino321',
  'accept-language' => 'zh-CN,zh;q=0.9',
  'accept-encoding' => 'gzip, deflate, br',
  'accept' => 'text/html,application/xhtml+xml,application/xml;q=0.9,image/webp,image/apng,*/*;q=0.8',
  'user-agent' => 'Mozilla/5.0 (Windows NT 6.1; Win64; x64) AppleWebKit/537.36 (KHTML, like Gecko) Chrome/64.0.3282.119 Safari/537.36',
  'upgrade-insecure-requests' => '1',
  'cache-control' => 'max-age=0',
  'connection' => 'keep-alive',
  'host' => 'localhost',
  'content-length' => '',
  'content-type' => '',
)
[ info ] [ PARAM ] array (
)
[ info ] [ RUN ] app\wxapi\controller\Login->ceshi[ D:\aliuyuhang\phpstudy\PHPTutorial\WWW\lyzg\application\wxapi\controller\Login.php ]
[ info ] [ LOG ] INIT File
---------------------------------------------------------------
[ 2018-02-08T16:01:46+08:00 ] 127.0.0.1 GET /lyzg/public/index.php/wxapi/login/ceshi
[ info ] localhost/lyzg/public/index.php/wxapi/login/ceshi [运行时间：0.035156s][吞吐率：28.44req/s] [内存消耗：893.91kb] [文件加载：32]
[ info ] [ LANG ] D:\aliuyuhang\phpstudy\PHPTutorial\WWW\lyzg\thinkphp\lang\zh-cn.php
[ info ] [ ROUTE ] array (
  'type' => 'module',
  'module' => 
  array (
    0 => 'wxapi',
    1 => 'login',
    2 => 'ceshi',
  ),
)
[ info ] [ HEADER ] array (
  'cookie' => 'pgv_pvi=3859317760; Hm_lvt_0ae524064813b8dc07ece5ce724a7b04=1517621463; UM_distinctid=1615949c9d2d8-082285069085a3-3e3d560e-1fa400-1615949c9d37b7; CNZZDATA2947366=cnzz_eid%3D1936444180-1517617395-http%253A%252F%252Flocalhost%252F%26ntime%3D1517617395; a9412_times=1; CNZZDATA1252958410=774362733-1517617412-http%253A%252F%252Flocalhost%252F%7C1517617412; Hm_lvt_2eac95e2df0ea5d2b0aaa92e3dbbe419=1517622575; Hm_lvt_258fa23a79b44bae7819d5e2a301d54b=1517622702; Hm_lvt_fa356a94bf5ae253b76fefa953bb56e4=1517622743; ts_uid=1637515276; Phpstorm-412f56be=80096e11-9860-4477-b87f-2dd663805c50; PHPSESSID=b3cuf0j3ol4u56ehh6ebino321',
  'accept-language' => 'zh-CN,zh;q=0.9',
  'accept-encoding' => 'gzip, deflate, br',
  'accept' => 'text/html,application/xhtml+xml,application/xml;q=0.9,image/webp,image/apng,*/*;q=0.8',
  'user-agent' => 'Mozilla/5.0 (Windows NT 6.1; Win64; x64) AppleWebKit/537.36 (KHTML, like Gecko) Chrome/64.0.3282.119 Safari/537.36',
  'upgrade-insecure-requests' => '1',
  'cache-control' => 'max-age=0',
  'connection' => 'keep-alive',
  'host' => 'localhost',
  'content-length' => '',
  'content-type' => '',
)
[ info ] [ PARAM ] array (
)
[ info ] [ RUN ] app\wxapi\controller\Login->ceshi[ D:\aliuyuhang\phpstudy\PHPTutorial\WWW\lyzg\application\wxapi\controller\Login.php ]
[ info ] [ LOG ] INIT File
---------------------------------------------------------------
[ 2018-02-08T16:03:42+08:00 ] 127.0.0.1 GET /lyzg/public/index.php/wxapi/login/ceshi
[ info ] localhost/lyzg/public/index.php/wxapi/login/ceshi [运行时间：0.036132s][吞吐率：27.68req/s] [内存消耗：893.91kb] [文件加载：32]
[ info ] [ LANG ] D:\aliuyuhang\phpstudy\PHPTutorial\WWW\lyzg\thinkphp\lang\zh-cn.php
[ info ] [ ROUTE ] array (
  'type' => 'module',
  'module' => 
  array (
    0 => 'wxapi',
    1 => 'login',
    2 => 'ceshi',
  ),
)
[ info ] [ HEADER ] array (
  'cookie' => 'pgv_pvi=3859317760; Hm_lvt_0ae524064813b8dc07ece5ce724a7b04=1517621463; UM_distinctid=1615949c9d2d8-082285069085a3-3e3d560e-1fa400-1615949c9d37b7; CNZZDATA2947366=cnzz_eid%3D1936444180-1517617395-http%253A%252F%252Flocalhost%252F%26ntime%3D1517617395; a9412_times=1; CNZZDATA1252958410=774362733-1517617412-http%253A%252F%252Flocalhost%252F%7C1517617412; Hm_lvt_2eac95e2df0ea5d2b0aaa92e3dbbe419=1517622575; Hm_lvt_258fa23a79b44bae7819d5e2a301d54b=1517622702; Hm_lvt_fa356a94bf5ae253b76fefa953bb56e4=1517622743; ts_uid=1637515276; Phpstorm-412f56be=80096e11-9860-4477-b87f-2dd663805c50; PHPSESSID=b3cuf0j3ol4u56ehh6ebino321',
  'accept-language' => 'zh-CN,zh;q=0.9',
  'accept-encoding' => 'gzip, deflate, br',
  'accept' => 'text/html,application/xhtml+xml,application/xml;q=0.9,image/webp,image/apng,*/*;q=0.8',
  'user-agent' => 'Mozilla/5.0 (Windows NT 6.1; Win64; x64) AppleWebKit/537.36 (KHTML, like Gecko) Chrome/64.0.3282.119 Safari/537.36',
  'upgrade-insecure-requests' => '1',
  'cache-control' => 'max-age=0',
  'connection' => 'keep-alive',
  'host' => 'localhost',
  'content-length' => '',
  'content-type' => '',
)
[ info ] [ PARAM ] array (
)
[ info ] [ RUN ] app\wxapi\controller\Login->ceshi[ D:\aliuyuhang\phpstudy\PHPTutorial\WWW\lyzg\application\wxapi\controller\Login.php ]
[ info ] [ LOG ] INIT File
---------------------------------------------------------------
[ 2018-02-08T16:14:42+08:00 ] 127.0.0.1 GET /lyzg/public/index.php/wxapi/login/ceshi
[ info ] localhost/lyzg/public/index.php/wxapi/login/ceshi [运行时间：0.035156s][吞吐率：28.44req/s] [内存消耗：901.47kb] [文件加载：32]
[ info ] [ LANG ] D:\aliuyuhang\phpstudy\PHPTutorial\WWW\lyzg\thinkphp\lang\zh-cn.php
[ info ] [ ROUTE ] array (
  'type' => 'module',
  'module' => 
  array (
    0 => 'wxapi',
    1 => 'login',
    2 => 'ceshi',
  ),
)
[ info ] [ HEADER ] array (
  'cookie' => 'pgv_pvi=3859317760; Hm_lvt_0ae524064813b8dc07ece5ce724a7b04=1517621463; UM_distinctid=1615949c9d2d8-082285069085a3-3e3d560e-1fa400-1615949c9d37b7; CNZZDATA2947366=cnzz_eid%3D1936444180-1517617395-http%253A%252F%252Flocalhost%252F%26ntime%3D1517617395; a9412_times=1; CNZZDATA1252958410=774362733-1517617412-http%253A%252F%252Flocalhost%252F%7C1517617412; Hm_lvt_2eac95e2df0ea5d2b0aaa92e3dbbe419=1517622575; Hm_lvt_258fa23a79b44bae7819d5e2a301d54b=1517622702; Hm_lvt_fa356a94bf5ae253b76fefa953bb56e4=1517622743; ts_uid=1637515276; Phpstorm-412f56be=80096e11-9860-4477-b87f-2dd663805c50; PHPSESSID=b3cuf0j3ol4u56ehh6ebino321',
  'accept-language' => 'zh-CN,zh;q=0.9',
  'accept-encoding' => 'gzip, deflate, br',
  'accept' => 'text/html,application/xhtml+xml,application/xml;q=0.9,image/webp,image/apng,*/*;q=0.8',
  'user-agent' => 'Mozilla/5.0 (Windows NT 6.1; Win64; x64) AppleWebKit/537.36 (KHTML, like Gecko) Chrome/64.0.3282.119 Safari/537.36',
  'upgrade-insecure-requests' => '1',
  'cache-control' => 'max-age=0',
  'connection' => 'keep-alive',
  'host' => 'localhost',
  'content-length' => '',
  'content-type' => '',
)
[ info ] [ PARAM ] array (
)
[ info ] [ RUN ] app\wxapi\controller\Login->ceshi[ D:\aliuyuhang\phpstudy\PHPTutorial\WWW\lyzg\application\wxapi\controller\Login.php ]
[ info ] [ LOG ] INIT File
---------------------------------------------------------------
[ 2018-02-08T16:14:44+08:00 ] 127.0.0.1 GET /lyzg/public/index.php/wxapi/login/ceshi
[ info ] localhost/lyzg/public/index.php/wxapi/login/ceshi [运行时间：0.036133s][吞吐率：27.68req/s] [内存消耗：901.47kb] [文件加载：32]
[ info ] [ LANG ] D:\aliuyuhang\phpstudy\PHPTutorial\WWW\lyzg\thinkphp\lang\zh-cn.php
[ info ] [ ROUTE ] array (
  'type' => 'module',
  'module' => 
  array (
    0 => 'wxapi',
    1 => 'login',
    2 => 'ceshi',
  ),
)
[ info ] [ HEADER ] array (
  'cookie' => 'pgv_pvi=3859317760; Hm_lvt_0ae524064813b8dc07ece5ce724a7b04=1517621463; UM_distinctid=1615949c9d2d8-082285069085a3-3e3d560e-1fa400-1615949c9d37b7; CNZZDATA2947366=cnzz_eid%3D1936444180-1517617395-http%253A%252F%252Flocalhost%252F%26ntime%3D1517617395; a9412_times=1; CNZZDATA1252958410=774362733-1517617412-http%253A%252F%252Flocalhost%252F%7C1517617412; Hm_lvt_2eac95e2df0ea5d2b0aaa92e3dbbe419=1517622575; Hm_lvt_258fa23a79b44bae7819d5e2a301d54b=1517622702; Hm_lvt_fa356a94bf5ae253b76fefa953bb56e4=1517622743; ts_uid=1637515276; Phpstorm-412f56be=80096e11-9860-4477-b87f-2dd663805c50; PHPSESSID=b3cuf0j3ol4u56ehh6ebino321',
  'accept-language' => 'zh-CN,zh;q=0.9',
  'accept-encoding' => 'gzip, deflate, br',
  'accept' => 'text/html,application/xhtml+xml,application/xml;q=0.9,image/webp,image/apng,*/*;q=0.8',
  'user-agent' => 'Mozilla/5.0 (Windows NT 6.1; Win64; x64) AppleWebKit/537.36 (KHTML, like Gecko) Chrome/64.0.3282.119 Safari/537.36',
  'upgrade-insecure-requests' => '1',
  'cache-control' => 'max-age=0',
  'connection' => 'keep-alive',
  'host' => 'localhost',
  'content-length' => '',
  'content-type' => '',
)
[ info ] [ PARAM ] array (
)
[ info ] [ RUN ] app\wxapi\controller\Login->ceshi[ D:\aliuyuhang\phpstudy\PHPTutorial\WWW\lyzg\application\wxapi\controller\Login.php ]
[ info ] [ LOG ] INIT File
---------------------------------------------------------------
[ 2018-02-08T16:14:45+08:00 ] 127.0.0.1 GET /lyzg/public/index.php/wxapi/login/ceshi
[ info ] localhost/lyzg/public/index.php/wxapi/login/ceshi [运行时间：0.035156s][吞吐率：28.44req/s] [内存消耗：901.47kb] [文件加载：32]
[ info ] [ LANG ] D:\aliuyuhang\phpstudy\PHPTutorial\WWW\lyzg\thinkphp\lang\zh-cn.php
[ info ] [ ROUTE ] array (
  'type' => 'module',
  'module' => 
  array (
    0 => 'wxapi',
    1 => 'login',
    2 => 'ceshi',
  ),
)
[ info ] [ HEADER ] array (
  'cookie' => 'pgv_pvi=3859317760; Hm_lvt_0ae524064813b8dc07ece5ce724a7b04=1517621463; UM_distinctid=1615949c9d2d8-082285069085a3-3e3d560e-1fa400-1615949c9d37b7; CNZZDATA2947366=cnzz_eid%3D1936444180-1517617395-http%253A%252F%252Flocalhost%252F%26ntime%3D1517617395; a9412_times=1; CNZZDATA1252958410=774362733-1517617412-http%253A%252F%252Flocalhost%252F%7C1517617412; Hm_lvt_2eac95e2df0ea5d2b0aaa92e3dbbe419=1517622575; Hm_lvt_258fa23a79b44bae7819d5e2a301d54b=1517622702; Hm_lvt_fa356a94bf5ae253b76fefa953bb56e4=1517622743; ts_uid=1637515276; Phpstorm-412f56be=80096e11-9860-4477-b87f-2dd663805c50; PHPSESSID=b3cuf0j3ol4u56ehh6ebino321',
  'accept-language' => 'zh-CN,zh;q=0.9',
  'accept-encoding' => 'gzip, deflate, br',
  'accept' => 'text/html,application/xhtml+xml,application/xml;q=0.9,image/webp,image/apng,*/*;q=0.8',
  'user-agent' => 'Mozilla/5.0 (Windows NT 6.1; Win64; x64) AppleWebKit/537.36 (KHTML, like Gecko) Chrome/64.0.3282.119 Safari/537.36',
  'upgrade-insecure-requests' => '1',
  'cache-control' => 'max-age=0',
  'connection' => 'keep-alive',
  'host' => 'localhost',
  'content-length' => '',
  'content-type' => '',
)
[ info ] [ PARAM ] array (
)
[ info ] [ RUN ] app\wxapi\controller\Login->ceshi[ D:\aliuyuhang\phpstudy\PHPTutorial\WWW\lyzg\application\wxapi\controller\Login.php ]
[ info ] [ LOG ] INIT File
---------------------------------------------------------------
[ 2018-02-08T16:15:16+08:00 ] 127.0.0.1 GET /lyzg/public/index.php/wxapi/login/ceshi
[ info ] localhost/lyzg/public/index.php/wxapi/login/ceshi [运行时间：0.034180s][吞吐率：29.26req/s] [内存消耗：901.55kb] [文件加载：32]
[ info ] [ LANG ] D:\aliuyuhang\phpstudy\PHPTutorial\WWW\lyzg\thinkphp\lang\zh-cn.php
[ info ] [ ROUTE ] array (
  'type' => 'module',
  'module' => 
  array (
    0 => 'wxapi',
    1 => 'login',
    2 => 'ceshi',
  ),
)
[ info ] [ HEADER ] array (
  'cookie' => 'pgv_pvi=3859317760; Hm_lvt_0ae524064813b8dc07ece5ce724a7b04=1517621463; UM_distinctid=1615949c9d2d8-082285069085a3-3e3d560e-1fa400-1615949c9d37b7; CNZZDATA2947366=cnzz_eid%3D1936444180-1517617395-http%253A%252F%252Flocalhost%252F%26ntime%3D1517617395; a9412_times=1; CNZZDATA1252958410=774362733-1517617412-http%253A%252F%252Flocalhost%252F%7C1517617412; Hm_lvt_2eac95e2df0ea5d2b0aaa92e3dbbe419=1517622575; Hm_lvt_258fa23a79b44bae7819d5e2a301d54b=1517622702; Hm_lvt_fa356a94bf5ae253b76fefa953bb56e4=1517622743; ts_uid=1637515276; Phpstorm-412f56be=80096e11-9860-4477-b87f-2dd663805c50; PHPSESSID=b3cuf0j3ol4u56ehh6ebino321',
  'accept-language' => 'zh-CN,zh;q=0.9',
  'accept-encoding' => 'gzip, deflate, br',
  'accept' => 'text/html,application/xhtml+xml,application/xml;q=0.9,image/webp,image/apng,*/*;q=0.8',
  'user-agent' => 'Mozilla/5.0 (Windows NT 6.1; Win64; x64) AppleWebKit/537.36 (KHTML, like Gecko) Chrome/64.0.3282.119 Safari/537.36',
  'upgrade-insecure-requests' => '1',
  'cache-control' => 'max-age=0',
  'connection' => 'keep-alive',
  'host' => 'localhost',
  'content-length' => '',
  'content-type' => '',
)
[ info ] [ PARAM ] array (
)
[ info ] [ RUN ] app\wxapi\controller\Login->ceshi[ D:\aliuyuhang\phpstudy\PHPTutorial\WWW\lyzg\application\wxapi\controller\Login.php ]
[ info ] [ LOG ] INIT File
---------------------------------------------------------------
[ 2018-02-08T16:15:16+08:00 ] 127.0.0.1 GET /lyzg/public/index.php/wxapi/login/ceshi
[ info ] localhost/lyzg/public/index.php/wxapi/login/ceshi [运行时间：0.035157s][吞吐率：28.44req/s] [内存消耗：901.55kb] [文件加载：32]
[ info ] [ LANG ] D:\aliuyuhang\phpstudy\PHPTutorial\WWW\lyzg\thinkphp\lang\zh-cn.php
[ info ] [ ROUTE ] array (
  'type' => 'module',
  'module' => 
  array (
    0 => 'wxapi',
    1 => 'login',
    2 => 'ceshi',
  ),
)
[ info ] [ HEADER ] array (
  'cookie' => 'pgv_pvi=3859317760; Hm_lvt_0ae524064813b8dc07ece5ce724a7b04=1517621463; UM_distinctid=1615949c9d2d8-082285069085a3-3e3d560e-1fa400-1615949c9d37b7; CNZZDATA2947366=cnzz_eid%3D1936444180-1517617395-http%253A%252F%252Flocalhost%252F%26ntime%3D1517617395; a9412_times=1; CNZZDATA1252958410=774362733-1517617412-http%253A%252F%252Flocalhost%252F%7C1517617412; Hm_lvt_2eac95e2df0ea5d2b0aaa92e3dbbe419=1517622575; Hm_lvt_258fa23a79b44bae7819d5e2a301d54b=1517622702; Hm_lvt_fa356a94bf5ae253b76fefa953bb56e4=1517622743; ts_uid=1637515276; Phpstorm-412f56be=80096e11-9860-4477-b87f-2dd663805c50; PHPSESSID=b3cuf0j3ol4u56ehh6ebino321',
  'accept-language' => 'zh-CN,zh;q=0.9',
  'accept-encoding' => 'gzip, deflate, br',
  'accept' => 'text/html,application/xhtml+xml,application/xml;q=0.9,image/webp,image/apng,*/*;q=0.8',
  'user-agent' => 'Mozilla/5.0 (Windows NT 6.1; Win64; x64) AppleWebKit/537.36 (KHTML, like Gecko) Chrome/64.0.3282.119 Safari/537.36',
  'upgrade-insecure-requests' => '1',
  'cache-control' => 'max-age=0',
  'connection' => 'keep-alive',
  'host' => 'localhost',
  'content-length' => '',
  'content-type' => '',
)
[ info ] [ PARAM ] array (
)
[ info ] [ RUN ] app\wxapi\controller\Login->ceshi[ D:\aliuyuhang\phpstudy\PHPTutorial\WWW\lyzg\application\wxapi\controller\Login.php ]
[ info ] [ LOG ] INIT File
---------------------------------------------------------------
[ 2018-02-08T16:15:22+08:00 ] 127.0.0.1 GET /lyzg/public/index.php/wxapi/login/index
[ info ] localhost/lyzg/public/index.php/wxapi/login/index [运行时间：1.148437s][吞吐率：0.87req/s] [内存消耗：909.39kb] [文件加载：34]
[ info ] [ LANG ] D:\aliuyuhang\phpstudy\PHPTutorial\WWW\lyzg\thinkphp\lang\zh-cn.php
[ info ] [ ROUTE ] array (
  'type' => 'module',
  'module' => 
  array (
    0 => 'wxapi',
    1 => 'login',
    2 => 'index',
  ),
)
[ info ] [ HEADER ] array (
  'cookie' => 'pgv_pvi=3859317760; Hm_lvt_0ae524064813b8dc07ece5ce724a7b04=1517621463; UM_distinctid=1615949c9d2d8-082285069085a3-3e3d560e-1fa400-1615949c9d37b7; CNZZDATA2947366=cnzz_eid%3D1936444180-1517617395-http%253A%252F%252Flocalhost%252F%26ntime%3D1517617395; a9412_times=1; CNZZDATA1252958410=774362733-1517617412-http%253A%252F%252Flocalhost%252F%7C1517617412; Hm_lvt_2eac95e2df0ea5d2b0aaa92e3dbbe419=1517622575; Hm_lvt_258fa23a79b44bae7819d5e2a301d54b=1517622702; Hm_lvt_fa356a94bf5ae253b76fefa953bb56e4=1517622743; ts_uid=1637515276; Phpstorm-412f56be=80096e11-9860-4477-b87f-2dd663805c50; PHPSESSID=b3cuf0j3ol4u56ehh6ebino321',
  'accept-language' => 'zh-CN,zh;q=0.9',
  'accept-encoding' => 'gzip, deflate, br',
  'accept' => 'text/html,application/xhtml+xml,application/xml;q=0.9,image/webp,image/apng,*/*;q=0.8',
  'user-agent' => 'Mozilla/5.0 (Windows NT 6.1; Win64; x64) AppleWebKit/537.36 (KHTML, like Gecko) Chrome/64.0.3282.119 Safari/537.36',
  'upgrade-insecure-requests' => '1',
  'connection' => 'keep-alive',
  'host' => 'localhost',
  'content-length' => '',
  'content-type' => '',
)
[ info ] [ PARAM ] array (
)
[ info ] [ RUN ] app\wxapi\controller\Login->index[ D:\aliuyuhang\phpstudy\PHPTutorial\WWW\lyzg\application\wxapi\controller\Login.php ]
[ info ] [ LOG ] INIT File
[ error ] [1]Call to undefined function app\wxapi\controller\dumo()[D:\aliuyuhang\phpstudy\PHPTutorial\WWW\lyzg\application\wxapi\controller\Login.php:38]
---------------------------------------------------------------
[ 2018-02-08T16:15:34+08:00 ] 127.0.0.1 GET /lyzg/public/index.php/wxapi/login/index
[ info ] localhost/lyzg/public/index.php/wxapi/login/index [运行时间：0.268555s][吞吐率：3.72req/s] [内存消耗：926.52kb] [文件加载：33]
[ info ] [ LANG ] D:\aliuyuhang\phpstudy\PHPTutorial\WWW\lyzg\thinkphp\lang\zh-cn.php
[ info ] [ ROUTE ] array (
  'type' => 'module',
  'module' => 
  array (
    0 => 'wxapi',
    1 => 'login',
    2 => 'index',
  ),
)
[ info ] [ HEADER ] array (
  'cookie' => 'pgv_pvi=3859317760; Hm_lvt_0ae524064813b8dc07ece5ce724a7b04=1517621463; UM_distinctid=1615949c9d2d8-082285069085a3-3e3d560e-1fa400-1615949c9d37b7; CNZZDATA2947366=cnzz_eid%3D1936444180-1517617395-http%253A%252F%252Flocalhost%252F%26ntime%3D1517617395; a9412_times=1; CNZZDATA1252958410=774362733-1517617412-http%253A%252F%252Flocalhost%252F%7C1517617412; Hm_lvt_2eac95e2df0ea5d2b0aaa92e3dbbe419=1517622575; Hm_lvt_258fa23a79b44bae7819d5e2a301d54b=1517622702; Hm_lvt_fa356a94bf5ae253b76fefa953bb56e4=1517622743; ts_uid=1637515276; Phpstorm-412f56be=80096e11-9860-4477-b87f-2dd663805c50; PHPSESSID=b3cuf0j3ol4u56ehh6ebino321',
  'accept-language' => 'zh-CN,zh;q=0.9',
  'accept-encoding' => 'gzip, deflate, br',
  'accept' => 'text/html,application/xhtml+xml,application/xml;q=0.9,image/webp,image/apng,*/*;q=0.8',
  'user-agent' => 'Mozilla/5.0 (Windows NT 6.1; Win64; x64) AppleWebKit/537.36 (KHTML, like Gecko) Chrome/64.0.3282.119 Safari/537.36',
  'upgrade-insecure-requests' => '1',
  'cache-control' => 'max-age=0',
  'connection' => 'keep-alive',
  'host' => 'localhost',
  'content-length' => '',
  'content-type' => '',
)
[ info ] [ PARAM ] array (
)
[ info ] [ RUN ] app\wxapi\controller\Login->index[ D:\aliuyuhang\phpstudy\PHPTutorial\WWW\lyzg\application\wxapi\controller\Login.php ]
[ info ] [ LOG ] INIT File
---------------------------------------------------------------
[ 2018-02-08T16:19:38+08:00 ] 127.0.0.1 GET /lyzg/public/index.php/wxapi/login/index
[ info ] localhost/lyzg/public/index.php/wxapi/login/index [运行时间：0.030273s][吞吐率：33.03req/s] [内存消耗：887.36kb] [文件加载：32]
[ info ] [ LANG ] D:\aliuyuhang\phpstudy\PHPTutorial\WWW\lyzg\thinkphp\lang\zh-cn.php
[ info ] [ ROUTE ] array (
  'type' => 'module',
  'module' => 
  array (
    0 => 'wxapi',
    1 => 'login',
    2 => 'index',
  ),
)
[ info ] [ HEADER ] array (
  'cookie' => 'pgv_pvi=3859317760; Hm_lvt_0ae524064813b8dc07ece5ce724a7b04=1517621463; UM_distinctid=1615949c9d2d8-082285069085a3-3e3d560e-1fa400-1615949c9d37b7; CNZZDATA2947366=cnzz_eid%3D1936444180-1517617395-http%253A%252F%252Flocalhost%252F%26ntime%3D1517617395; a9412_times=1; CNZZDATA1252958410=774362733-1517617412-http%253A%252F%252Flocalhost%252F%7C1517617412; Hm_lvt_2eac95e2df0ea5d2b0aaa92e3dbbe419=1517622575; Hm_lvt_258fa23a79b44bae7819d5e2a301d54b=1517622702; Hm_lvt_fa356a94bf5ae253b76fefa953bb56e4=1517622743; ts_uid=1637515276; Phpstorm-412f56be=80096e11-9860-4477-b87f-2dd663805c50; PHPSESSID=b3cuf0j3ol4u56ehh6ebino321',
  'accept-language' => 'zh-CN,zh;q=0.9',
  'accept-encoding' => 'gzip, deflate, br',
  'accept' => 'text/html,application/xhtml+xml,application/xml;q=0.9,image/webp,image/apng,*/*;q=0.8',
  'user-agent' => 'Mozilla/5.0 (Windows NT 6.1; Win64; x64) AppleWebKit/537.36 (KHTML, like Gecko) Chrome/64.0.3282.119 Safari/537.36',
  'upgrade-insecure-requests' => '1',
  'cache-control' => 'max-age=0',
  'connection' => 'keep-alive',
  'host' => 'localhost',
  'content-length' => '',
  'content-type' => '',
)
[ info ] [ PARAM ] array (
)
[ info ] [ LOG ] INIT File
[ error ] [0]方法参数错误:code[D:\aliuyuhang\phpstudy\PHPTutorial\WWW\lyzg\thinkphp\library\think\App.php:431]
---------------------------------------------------------------
[ 2018-02-08T16:19:53+08:00 ] 127.0.0.1 GET /lyzg/public/index.php/wxapi/login/index
[ info ] localhost/lyzg/public/index.php/wxapi/login/index [运行时间：0.273438s][吞吐率：3.66req/s] [内存消耗：926.52kb] [文件加载：33]
[ info ] [ LANG ] D:\aliuyuhang\phpstudy\PHPTutorial\WWW\lyzg\thinkphp\lang\zh-cn.php
[ info ] [ ROUTE ] array (
  'type' => 'module',
  'module' => 
  array (
    0 => 'wxapi',
    1 => 'login',
    2 => 'index',
  ),
)
[ info ] [ HEADER ] array (
  'cookie' => 'pgv_pvi=3859317760; Hm_lvt_0ae524064813b8dc07ece5ce724a7b04=1517621463; UM_distinctid=1615949c9d2d8-082285069085a3-3e3d560e-1fa400-1615949c9d37b7; CNZZDATA2947366=cnzz_eid%3D1936444180-1517617395-http%253A%252F%252Flocalhost%252F%26ntime%3D1517617395; a9412_times=1; CNZZDATA1252958410=774362733-1517617412-http%253A%252F%252Flocalhost%252F%7C1517617412; Hm_lvt_2eac95e2df0ea5d2b0aaa92e3dbbe419=1517622575; Hm_lvt_258fa23a79b44bae7819d5e2a301d54b=1517622702; Hm_lvt_fa356a94bf5ae253b76fefa953bb56e4=1517622743; ts_uid=1637515276; Phpstorm-412f56be=80096e11-9860-4477-b87f-2dd663805c50; PHPSESSID=b3cuf0j3ol4u56ehh6ebino321',
  'accept-language' => 'zh-CN,zh;q=0.9',
  'accept-encoding' => 'gzip, deflate, br',
  'accept' => 'text/html,application/xhtml+xml,application/xml;q=0.9,image/webp,image/apng,*/*;q=0.8',
  'user-agent' => 'Mozilla/5.0 (Windows NT 6.1; Win64; x64) AppleWebKit/537.36 (KHTML, like Gecko) Chrome/64.0.3282.119 Safari/537.36',
  'upgrade-insecure-requests' => '1',
  'cache-control' => 'max-age=0',
  'connection' => 'keep-alive',
  'host' => 'localhost',
  'content-length' => '',
  'content-type' => '',
)
[ info ] [ PARAM ] array (
)
[ info ] [ RUN ] app\wxapi\controller\Login->index[ D:\aliuyuhang\phpstudy\PHPTutorial\WWW\lyzg\application\wxapi\controller\Login.php ]
[ info ] [ LOG ] INIT File
