---------------------------------------------------------------
[ 2018-02-09T09:47:21+08:00 ] 127.0.0.1 GET /lyzg/public/index.php/wxapi/login/ceshi
[ info ] localhost/lyzg/public/index.php/wxapi/login/ceshi [运行时间：0.043946s][吞吐率：22.76req/s] [内存消耗：894.92kb] [文件加载：33]
[ info ] [ LANG ] D:\aliuyuhang\phpstudy\PHPTutorial\WWW\lyzg\thinkphp\lang\zh-cn.php
[ info ] [ ROUTE ] array (
  'type' => 'module',
  'module' => 
  array (
    0 => 'wxapi',
    1 => 'login',
    2 => 'ceshi',
  ),
)
[ info ] [ HEADER ] array (
  'cookie' => 'pgv_pvi=3859317760; Hm_lvt_0ae524064813b8dc07ece5ce724a7b04=1517621463; UM_distinctid=1615949c9d2d8-082285069085a3-3e3d560e-1fa400-1615949c9d37b7; CNZZDATA2947366=cnzz_eid%3D1936444180-1517617395-http%253A%252F%252Flocalhost%252F%26ntime%3D1517617395; a9412_times=1; CNZZDATA1252958410=774362733-1517617412-http%253A%252F%252Flocalhost%252F%7C1517617412; Hm_lvt_2eac95e2df0ea5d2b0aaa92e3dbbe419=1517622575; Hm_lvt_258fa23a79b44bae7819d5e2a301d54b=1517622702; Hm_lvt_fa356a94bf5ae253b76fefa953bb56e4=1517622743; ts_uid=1637515276; Phpstorm-412f56be=80096e11-9860-4477-b87f-2dd663805c50',
  'accept-language' => 'zh-CN,zh;q=0.9',
  'accept-encoding' => 'gzip, deflate, br',
  'accept' => 'text/html,application/xhtml+xml,application/xml;q=0.9,image/webp,image/apng,*/*;q=0.8',
  'user-agent' => 'Mozilla/5.0 (Windows NT 6.1; Win64; x64) AppleWebKit/537.36 (KHTML, like Gecko) Chrome/64.0.3282.119 Safari/537.36',
  'upgrade-insecure-requests' => '1',
  'connection' => 'keep-alive',
  'host' => 'localhost',
  'content-length' => '',
  'content-type' => '',
)
[ info ] [ PARAM ] array (
)
[ info ] [ LOG ] INIT File
---------------------------------------------------------------
[ 2018-02-09T09:47:25+08:00 ] 127.0.0.1 GET /lyzg/public/index.php/wxapi/login/get
[ info ] localhost/lyzg/public/index.php/wxapi/login/get [运行时间：1.599609s][吞吐率：0.63req/s] [内存消耗：833.41kb] [文件加载：29]
[ info ] [ LANG ] D:\aliuyuhang\phpstudy\PHPTutorial\WWW\lyzg\thinkphp\lang\zh-cn.php
[ info ] [ ROUTE ] array (
  'type' => 'module',
  'module' => 
  array (
    0 => 'wxapi',
    1 => 'login',
    2 => 'get',
  ),
)
[ info ] [ HEADER ] array (
  'cookie' => 'pgv_pvi=3859317760; Hm_lvt_0ae524064813b8dc07ece5ce724a7b04=1517621463; UM_distinctid=1615949c9d2d8-082285069085a3-3e3d560e-1fa400-1615949c9d37b7; CNZZDATA2947366=cnzz_eid%3D1936444180-1517617395-http%253A%252F%252Flocalhost%252F%26ntime%3D1517617395; a9412_times=1; CNZZDATA1252958410=774362733-1517617412-http%253A%252F%252Flocalhost%252F%7C1517617412; Hm_lvt_2eac95e2df0ea5d2b0aaa92e3dbbe419=1517622575; Hm_lvt_258fa23a79b44bae7819d5e2a301d54b=1517622702; Hm_lvt_fa356a94bf5ae253b76fefa953bb56e4=1517622743; ts_uid=1637515276; Phpstorm-412f56be=80096e11-9860-4477-b87f-2dd663805c50',
  'accept-language' => 'zh-CN,zh;q=0.9',
  'accept-encoding' => 'gzip, deflate, br',
  'accept' => 'text/html,application/xhtml+xml,application/xml;q=0.9,image/webp,image/apng,*/*;q=0.8',
  'user-agent' => 'Mozilla/5.0 (Windows NT 6.1; Win64; x64) AppleWebKit/537.36 (KHTML, like Gecko) Chrome/64.0.3282.119 Safari/537.36',
  'upgrade-insecure-requests' => '1',
  'connection' => 'keep-alive',
  'host' => 'localhost',
  'content-length' => '',
  'content-type' => '',
)
[ info ] [ PARAM ] array (
)
[ info ] [ RUN ] app\wxapi\controller\Login->get[ D:\aliuyuhang\phpstudy\PHPTutorial\WWW\lyzg\application\wxapi\controller\Login.php ]
[ info ] [ LOG ] INIT File
---------------------------------------------------------------
[ 2018-02-09T10:36:36+08:00 ] 127.0.0.1 GET /lyzg/public/index.php/wxapi/login/ceshi
[ info ] localhost/lyzg/public/index.php/wxapi/login/ceshi [运行时间：0.035156s][吞吐率：28.44req/s] [内存消耗：1,168.58kb] [文件加载：36]
[ info ] [ LANG ] D:\aliuyuhang\phpstudy\PHPTutorial\WWW\lyzg\thinkphp\lang\zh-cn.php
[ info ] [ ROUTE ] array (
  'type' => 'module',
  'module' => 
  array (
    0 => 'wxapi',
    1 => 'login',
    2 => 'ceshi',
  ),
)
[ info ] [ HEADER ] array (
  'cookie' => 'pgv_pvi=3859317760; Hm_lvt_0ae524064813b8dc07ece5ce724a7b04=1517621463; UM_distinctid=1615949c9d2d8-082285069085a3-3e3d560e-1fa400-1615949c9d37b7; CNZZDATA2947366=cnzz_eid%3D1936444180-1517617395-http%253A%252F%252Flocalhost%252F%26ntime%3D1517617395; a9412_times=1; CNZZDATA1252958410=774362733-1517617412-http%253A%252F%252Flocalhost%252F%7C1517617412; Hm_lvt_2eac95e2df0ea5d2b0aaa92e3dbbe419=1517622575; Hm_lvt_258fa23a79b44bae7819d5e2a301d54b=1517622702; Hm_lvt_fa356a94bf5ae253b76fefa953bb56e4=1517622743; ts_uid=1637515276; Phpstorm-412f56be=80096e11-9860-4477-b87f-2dd663805c50',
  'accept-language' => 'zh-CN,zh;q=0.9',
  'accept-encoding' => 'gzip, deflate, br',
  'accept' => 'text/html,application/xhtml+xml,application/xml;q=0.9,image/webp,image/apng,*/*;q=0.8',
  'user-agent' => 'Mozilla/5.0 (Windows NT 6.1; Win64; x64) AppleWebKit/537.36 (KHTML, like Gecko) Chrome/64.0.3282.119 Safari/537.36',
  'upgrade-insecure-requests' => '1',
  'connection' => 'keep-alive',
  'host' => 'localhost',
  'content-length' => '',
  'content-type' => '',
)
[ info ] [ PARAM ] array (
)
[ info ] [ RUN ] app\wxapi\controller\Login->ceshi[ D:\aliuyuhang\phpstudy\PHPTutorial\WWW\lyzg\application\wxapi\controller\Login.php ]
[ info ] [ LOG ] INIT File
[ error ] [1]Class 'app\wxapi\model\Spuer' not found[D:\aliuyuhang\phpstudy\PHPTutorial\WWW\lyzg\application\wxapi\model\User.php:20]
---------------------------------------------------------------
[ 2018-02-09T10:38:23+08:00 ] 127.0.0.1 GET /lyzg/public/index.php/wxapi/login/ceshi
[ info ] localhost/lyzg/public/index.php/wxapi/login/ceshi [运行时间：0.250977s][吞吐率：3.98req/s] [内存消耗：1,759.64kb] [文件加载：41]
[ info ] [ LANG ] D:\aliuyuhang\phpstudy\PHPTutorial\WWW\lyzg\thinkphp\lang\zh-cn.php
[ info ] [ ROUTE ] array (
  'type' => 'module',
  'module' => 
  array (
    0 => 'wxapi',
    1 => 'login',
    2 => 'ceshi',
  ),
)
[ info ] [ HEADER ] array (
  'cookie' => 'pgv_pvi=3859317760; Hm_lvt_0ae524064813b8dc07ece5ce724a7b04=1517621463; UM_distinctid=1615949c9d2d8-082285069085a3-3e3d560e-1fa400-1615949c9d37b7; CNZZDATA2947366=cnzz_eid%3D1936444180-1517617395-http%253A%252F%252Flocalhost%252F%26ntime%3D1517617395; a9412_times=1; CNZZDATA1252958410=774362733-1517617412-http%253A%252F%252Flocalhost%252F%7C1517617412; Hm_lvt_2eac95e2df0ea5d2b0aaa92e3dbbe419=1517622575; Hm_lvt_258fa23a79b44bae7819d5e2a301d54b=1517622702; Hm_lvt_fa356a94bf5ae253b76fefa953bb56e4=1517622743; ts_uid=1637515276; Phpstorm-412f56be=80096e11-9860-4477-b87f-2dd663805c50',
  'accept-language' => 'zh-CN,zh;q=0.9',
  'accept-encoding' => 'gzip, deflate, br',
  'accept' => 'text/html,application/xhtml+xml,application/xml;q=0.9,image/webp,image/apng,*/*;q=0.8',
  'user-agent' => 'Mozilla/5.0 (Windows NT 6.1; Win64; x64) AppleWebKit/537.36 (KHTML, like Gecko) Chrome/64.0.3282.119 Safari/537.36',
  'upgrade-insecure-requests' => '1',
  'cache-control' => 'max-age=0',
  'connection' => 'keep-alive',
  'host' => 'localhost',
  'content-length' => '',
  'content-type' => '',
)
[ info ] [ PARAM ] array (
)
[ info ] [ RUN ] app\wxapi\controller\Login->ceshi[ D:\aliuyuhang\phpstudy\PHPTutorial\WWW\lyzg\application\wxapi\controller\Login.php ]
[ info ] [ DB ] INIT mysql
[ info ] [ LOG ] INIT File
[ sql ] [ DB ] CONNECT:[ UseTime:0.087891s ] mysql:host=47.94.175.62;port=3306;dbname=consult;charset=utf8
[ sql ] [ SQL ] SHOW COLUMNS FROM `lyzg_spuser` [ RunTime:0.059571s ]
[ sql ] [ SQL ] SELECT * FROM `lyzg_spuser` WHERE  `openid` = '021AqMLI1vq5350Gz6NI1aXqLI1AqMLo' LIMIT 1 [ RunTime:0.056641s ]
---------------------------------------------------------------
[ 2018-02-09T10:43:14+08:00 ] 127.0.0.1 GET /lyzg/public/index.php/wxapi/login/ceshi
[ info ] localhost/lyzg/public/index.php/wxapi/login/ceshi [运行时间：0.033203s][吞吐率：30.12req/s] [内存消耗：1,161.01kb] [文件加载：36]
[ info ] [ LANG ] D:\aliuyuhang\phpstudy\PHPTutorial\WWW\lyzg\thinkphp\lang\zh-cn.php
[ info ] [ ROUTE ] array (
  'type' => 'module',
  'module' => 
  array (
    0 => 'wxapi',
    1 => 'login',
    2 => 'ceshi',
  ),
)
[ info ] [ HEADER ] array (
  'cookie' => 'pgv_pvi=3859317760; Hm_lvt_0ae524064813b8dc07ece5ce724a7b04=1517621463; UM_distinctid=1615949c9d2d8-082285069085a3-3e3d560e-1fa400-1615949c9d37b7; CNZZDATA2947366=cnzz_eid%3D1936444180-1517617395-http%253A%252F%252Flocalhost%252F%26ntime%3D1517617395; a9412_times=1; CNZZDATA1252958410=774362733-1517617412-http%253A%252F%252Flocalhost%252F%7C1517617412; Hm_lvt_2eac95e2df0ea5d2b0aaa92e3dbbe419=1517622575; Hm_lvt_258fa23a79b44bae7819d5e2a301d54b=1517622702; Hm_lvt_fa356a94bf5ae253b76fefa953bb56e4=1517622743; ts_uid=1637515276; Phpstorm-412f56be=80096e11-9860-4477-b87f-2dd663805c50',
  'accept-language' => 'zh-CN,zh;q=0.9',
  'accept-encoding' => 'gzip, deflate, br',
  'accept' => 'text/html,application/xhtml+xml,application/xml;q=0.9,image/webp,image/apng,*/*;q=0.8',
  'user-agent' => 'Mozilla/5.0 (Windows NT 6.1; Win64; x64) AppleWebKit/537.36 (KHTML, like Gecko) Chrome/64.0.3282.119 Safari/537.36',
  'upgrade-insecure-requests' => '1',
  'cache-control' => 'max-age=0',
  'connection' => 'keep-alive',
  'host' => 'localhost',
  'content-length' => '',
  'content-type' => '',
)
[ info ] [ PARAM ] array (
)
[ info ] [ RUN ] app\wxapi\controller\Login->ceshi[ D:\aliuyuhang\phpstudy\PHPTutorial\WWW\lyzg\application\wxapi\controller\Login.php ]
[ info ] [ LOG ] INIT File
[ error ] [8192]Non-static method app\wxapi\model\User::newUser() should not be called statically, assuming $this from incompatible context[D:\aliuyuhang\phpstudy\PHPTutorial\WWW\lyzg\application\wxapi\controller\Login.php:108]
---------------------------------------------------------------
[ 2018-02-09T10:44:09+08:00 ] 127.0.0.1 GET /lyzg/public/index.php/wxapi/login/ceshi
[ info ] localhost/lyzg/public/index.php/wxapi/login/ceshi [运行时间：0.167969s][吞吐率：5.95req/s] [内存消耗：1,756.66kb] [文件加载：41]
[ info ] [ LANG ] D:\aliuyuhang\phpstudy\PHPTutorial\WWW\lyzg\thinkphp\lang\zh-cn.php
[ info ] [ ROUTE ] array (
  'type' => 'module',
  'module' => 
  array (
    0 => 'wxapi',
    1 => 'login',
    2 => 'ceshi',
  ),
)
[ info ] [ HEADER ] array (
  'cookie' => 'pgv_pvi=3859317760; Hm_lvt_0ae524064813b8dc07ece5ce724a7b04=1517621463; UM_distinctid=1615949c9d2d8-082285069085a3-3e3d560e-1fa400-1615949c9d37b7; CNZZDATA2947366=cnzz_eid%3D1936444180-1517617395-http%253A%252F%252Flocalhost%252F%26ntime%3D1517617395; a9412_times=1; CNZZDATA1252958410=774362733-1517617412-http%253A%252F%252Flocalhost%252F%7C1517617412; Hm_lvt_2eac95e2df0ea5d2b0aaa92e3dbbe419=1517622575; Hm_lvt_258fa23a79b44bae7819d5e2a301d54b=1517622702; Hm_lvt_fa356a94bf5ae253b76fefa953bb56e4=1517622743; ts_uid=1637515276; Phpstorm-412f56be=80096e11-9860-4477-b87f-2dd663805c50',
  'accept-language' => 'zh-CN,zh;q=0.9',
  'accept-encoding' => 'gzip, deflate, br',
  'accept' => 'text/html,application/xhtml+xml,application/xml;q=0.9,image/webp,image/apng,*/*;q=0.8',
  'user-agent' => 'Mozilla/5.0 (Windows NT 6.1; Win64; x64) AppleWebKit/537.36 (KHTML, like Gecko) Chrome/64.0.3282.119 Safari/537.36',
  'upgrade-insecure-requests' => '1',
  'cache-control' => 'max-age=0',
  'connection' => 'keep-alive',
  'host' => 'localhost',
  'content-length' => '',
  'content-type' => '',
)
[ info ] [ PARAM ] array (
)
[ info ] [ RUN ] app\wxapi\controller\Login->ceshi[ D:\aliuyuhang\phpstudy\PHPTutorial\WWW\lyzg\application\wxapi\controller\Login.php ]
[ info ] [ DB ] INIT mysql
[ info ] [ LOG ] INIT File
[ sql ] [ DB ] CONNECT:[ UseTime:0.054688s ] mysql:host=47.94.175.62;port=3306;dbname=consult;charset=utf8
[ sql ] [ SQL ] SHOW COLUMNS FROM `lyzg_spuser` [ RunTime:0.037110s ]
[ sql ] [ SQL ] INSERT INTO `lyzg_spuser` (`openid`) VALUES ('021AqMLI1vq5350Gz6NI1aXqLI1AqMLo') [ RunTime:0.037109s ]
---------------------------------------------------------------
[ 2018-02-09T10:45:24+08:00 ] 127.0.0.1 GET /lyzg/public/index.php/wxapi/login/ceshi
[ info ] localhost/lyzg/public/index.php/wxapi/login/ceshi [运行时间：0.207031s][吞吐率：4.83req/s] [内存消耗：1,759.96kb] [文件加载：41]
[ info ] [ LANG ] D:\aliuyuhang\phpstudy\PHPTutorial\WWW\lyzg\thinkphp\lang\zh-cn.php
[ info ] [ ROUTE ] array (
  'type' => 'module',
  'module' => 
  array (
    0 => 'wxapi',
    1 => 'login',
    2 => 'ceshi',
  ),
)
[ info ] [ HEADER ] array (
  'cookie' => 'pgv_pvi=3859317760; Hm_lvt_0ae524064813b8dc07ece5ce724a7b04=1517621463; UM_distinctid=1615949c9d2d8-082285069085a3-3e3d560e-1fa400-1615949c9d37b7; CNZZDATA2947366=cnzz_eid%3D1936444180-1517617395-http%253A%252F%252Flocalhost%252F%26ntime%3D1517617395; a9412_times=1; CNZZDATA1252958410=774362733-1517617412-http%253A%252F%252Flocalhost%252F%7C1517617412; Hm_lvt_2eac95e2df0ea5d2b0aaa92e3dbbe419=1517622575; Hm_lvt_258fa23a79b44bae7819d5e2a301d54b=1517622702; Hm_lvt_fa356a94bf5ae253b76fefa953bb56e4=1517622743; ts_uid=1637515276; Phpstorm-412f56be=80096e11-9860-4477-b87f-2dd663805c50',
  'accept-language' => 'zh-CN,zh;q=0.9',
  'accept-encoding' => 'gzip, deflate, br',
  'accept' => 'text/html,application/xhtml+xml,application/xml;q=0.9,image/webp,image/apng,*/*;q=0.8',
  'user-agent' => 'Mozilla/5.0 (Windows NT 6.1; Win64; x64) AppleWebKit/537.36 (KHTML, like Gecko) Chrome/64.0.3282.119 Safari/537.36',
  'upgrade-insecure-requests' => '1',
  'cache-control' => 'max-age=0',
  'connection' => 'keep-alive',
  'host' => 'localhost',
  'content-length' => '',
  'content-type' => '',
)
[ info ] [ PARAM ] array (
)
[ info ] [ RUN ] app\wxapi\controller\Login->ceshi[ D:\aliuyuhang\phpstudy\PHPTutorial\WWW\lyzg\application\wxapi\controller\Login.php ]
[ info ] [ DB ] INIT mysql
[ info ] [ LOG ] INIT File
[ sql ] [ DB ] CONNECT:[ UseTime:0.067383s ] mysql:host=47.94.175.62;port=3306;dbname=consult;charset=utf8
[ sql ] [ SQL ] SHOW COLUMNS FROM `lyzg_spuser` [ RunTime:0.050781s ]
[ sql ] [ SQL ] SELECT * FROM `lyzg_spuser` WHERE  `openid` = '021AqMLI1vq5350Gz6NI1aXqLI1AqMLo' LIMIT 1 [ RunTime:0.044922s ]
---------------------------------------------------------------
[ 2018-02-09T10:45:27+08:00 ] 127.0.0.1 GET /lyzg/public/index.php/wxapi/login/ceshi
[ info ] localhost/lyzg/public/index.php/wxapi/login/ceshi [运行时间：0.208984s][吞吐率：4.79req/s] [内存消耗：1,759.96kb] [文件加载：41]
[ info ] [ LANG ] D:\aliuyuhang\phpstudy\PHPTutorial\WWW\lyzg\thinkphp\lang\zh-cn.php
[ info ] [ ROUTE ] array (
  'type' => 'module',
  'module' => 
  array (
    0 => 'wxapi',
    1 => 'login',
    2 => 'ceshi',
  ),
)
[ info ] [ HEADER ] array (
  'cookie' => 'pgv_pvi=3859317760; Hm_lvt_0ae524064813b8dc07ece5ce724a7b04=1517621463; UM_distinctid=1615949c9d2d8-082285069085a3-3e3d560e-1fa400-1615949c9d37b7; CNZZDATA2947366=cnzz_eid%3D1936444180-1517617395-http%253A%252F%252Flocalhost%252F%26ntime%3D1517617395; a9412_times=1; CNZZDATA1252958410=774362733-1517617412-http%253A%252F%252Flocalhost%252F%7C1517617412; Hm_lvt_2eac95e2df0ea5d2b0aaa92e3dbbe419=1517622575; Hm_lvt_258fa23a79b44bae7819d5e2a301d54b=1517622702; Hm_lvt_fa356a94bf5ae253b76fefa953bb56e4=1517622743; ts_uid=1637515276; Phpstorm-412f56be=80096e11-9860-4477-b87f-2dd663805c50',
  'accept-language' => 'zh-CN,zh;q=0.9',
  'accept-encoding' => 'gzip, deflate, br',
  'accept' => 'text/html,application/xhtml+xml,application/xml;q=0.9,image/webp,image/apng,*/*;q=0.8',
  'user-agent' => 'Mozilla/5.0 (Windows NT 6.1; Win64; x64) AppleWebKit/537.36 (KHTML, like Gecko) Chrome/64.0.3282.119 Safari/537.36',
  'upgrade-insecure-requests' => '1',
  'cache-control' => 'max-age=0',
  'connection' => 'keep-alive',
  'host' => 'localhost',
  'content-length' => '',
  'content-type' => '',
)
[ info ] [ PARAM ] array (
)
[ info ] [ RUN ] app\wxapi\controller\Login->ceshi[ D:\aliuyuhang\phpstudy\PHPTutorial\WWW\lyzg\application\wxapi\controller\Login.php ]
[ info ] [ DB ] INIT mysql
[ info ] [ LOG ] INIT File
[ sql ] [ DB ] CONNECT:[ UseTime:0.071289s ] mysql:host=47.94.175.62;port=3306;dbname=consult;charset=utf8
[ sql ] [ SQL ] SHOW COLUMNS FROM `lyzg_spuser` [ RunTime:0.046875s ]
[ sql ] [ SQL ] SELECT * FROM `lyzg_spuser` WHERE  `openid` = '021AqMLI1vq5350Gz6NI1aXqLI1AqMLo' LIMIT 1 [ RunTime:0.045898s ]
---------------------------------------------------------------
[ 2018-02-09T10:45:43+08:00 ] 127.0.0.1 GET /lyzg/public/index.php/wxapi/login/ceshi
[ info ] localhost/lyzg/public/index.php/wxapi/login/ceshi [运行时间：0.252930s][吞吐率：3.95req/s] [内存消耗：1,759.96kb] [文件加载：41]
[ info ] [ LANG ] D:\aliuyuhang\phpstudy\PHPTutorial\WWW\lyzg\thinkphp\lang\zh-cn.php
[ info ] [ ROUTE ] array (
  'type' => 'module',
  'module' => 
  array (
    0 => 'wxapi',
    1 => 'login',
    2 => 'ceshi',
  ),
)
[ info ] [ HEADER ] array (
  'cookie' => 'pgv_pvi=3859317760; Hm_lvt_0ae524064813b8dc07ece5ce724a7b04=1517621463; UM_distinctid=1615949c9d2d8-082285069085a3-3e3d560e-1fa400-1615949c9d37b7; CNZZDATA2947366=cnzz_eid%3D1936444180-1517617395-http%253A%252F%252Flocalhost%252F%26ntime%3D1517617395; a9412_times=1; CNZZDATA1252958410=774362733-1517617412-http%253A%252F%252Flocalhost%252F%7C1517617412; Hm_lvt_2eac95e2df0ea5d2b0aaa92e3dbbe419=1517622575; Hm_lvt_258fa23a79b44bae7819d5e2a301d54b=1517622702; Hm_lvt_fa356a94bf5ae253b76fefa953bb56e4=1517622743; ts_uid=1637515276; Phpstorm-412f56be=80096e11-9860-4477-b87f-2dd663805c50',
  'accept-language' => 'zh-CN,zh;q=0.9',
  'accept-encoding' => 'gzip, deflate, br',
  'accept' => 'text/html,application/xhtml+xml,application/xml;q=0.9,image/webp,image/apng,*/*;q=0.8',
  'user-agent' => 'Mozilla/5.0 (Windows NT 6.1; Win64; x64) AppleWebKit/537.36 (KHTML, like Gecko) Chrome/64.0.3282.119 Safari/537.36',
  'upgrade-insecure-requests' => '1',
  'cache-control' => 'max-age=0',
  'connection' => 'keep-alive',
  'host' => 'localhost',
  'content-length' => '',
  'content-type' => '',
)
[ info ] [ PARAM ] array (
)
[ info ] [ RUN ] app\wxapi\controller\Login->ceshi[ D:\aliuyuhang\phpstudy\PHPTutorial\WWW\lyzg\application\wxapi\controller\Login.php ]
[ info ] [ DB ] INIT mysql
[ info ] [ LOG ] INIT File
[ sql ] [ DB ] CONNECT:[ UseTime:0.089844s ] mysql:host=47.94.175.62;port=3306;dbname=consult;charset=utf8
[ sql ] [ SQL ] SHOW COLUMNS FROM `lyzg_spuser` [ RunTime:0.061524s ]
[ sql ] [ SQL ] SELECT * FROM `lyzg_spuser` WHERE  `openid` = '021AqMLI1vq5350Gz6NI1aXqLI1AqMLo' LIMIT 1 [ RunTime:0.056641s ]
---------------------------------------------------------------
[ 2018-02-09T10:45:57+08:00 ] 127.0.0.1 GET /lyzg/public/index.php/wxapi/login/ceshi
[ info ] localhost/lyzg/public/index.php/wxapi/login/ceshi [运行时间：0.167968s][吞吐率：5.95req/s] [内存消耗：1,759.96kb] [文件加载：41]
[ info ] [ LANG ] D:\aliuyuhang\phpstudy\PHPTutorial\WWW\lyzg\thinkphp\lang\zh-cn.php
[ info ] [ ROUTE ] array (
  'type' => 'module',
  'module' => 
  array (
    0 => 'wxapi',
    1 => 'login',
    2 => 'ceshi',
  ),
)
[ info ] [ HEADER ] array (
  'cookie' => 'pgv_pvi=3859317760; Hm_lvt_0ae524064813b8dc07ece5ce724a7b04=1517621463; UM_distinctid=1615949c9d2d8-082285069085a3-3e3d560e-1fa400-1615949c9d37b7; CNZZDATA2947366=cnzz_eid%3D1936444180-1517617395-http%253A%252F%252Flocalhost%252F%26ntime%3D1517617395; a9412_times=1; CNZZDATA1252958410=774362733-1517617412-http%253A%252F%252Flocalhost%252F%7C1517617412; Hm_lvt_2eac95e2df0ea5d2b0aaa92e3dbbe419=1517622575; Hm_lvt_258fa23a79b44bae7819d5e2a301d54b=1517622702; Hm_lvt_fa356a94bf5ae253b76fefa953bb56e4=1517622743; ts_uid=1637515276; Phpstorm-412f56be=80096e11-9860-4477-b87f-2dd663805c50',
  'accept-language' => 'zh-CN,zh;q=0.9',
  'accept-encoding' => 'gzip, deflate, br',
  'accept' => 'text/html,application/xhtml+xml,application/xml;q=0.9,image/webp,image/apng,*/*;q=0.8',
  'user-agent' => 'Mozilla/5.0 (Windows NT 6.1; Win64; x64) AppleWebKit/537.36 (KHTML, like Gecko) Chrome/64.0.3282.119 Safari/537.36',
  'upgrade-insecure-requests' => '1',
  'cache-control' => 'max-age=0',
  'connection' => 'keep-alive',
  'host' => 'localhost',
  'content-length' => '',
  'content-type' => '',
)
[ info ] [ PARAM ] array (
)
[ info ] [ RUN ] app\wxapi\controller\Login->ceshi[ D:\aliuyuhang\phpstudy\PHPTutorial\WWW\lyzg\application\wxapi\controller\Login.php ]
[ info ] [ DB ] INIT mysql
[ info ] [ LOG ] INIT File
[ sql ] [ DB ] CONNECT:[ UseTime:0.052735s ] mysql:host=47.94.175.62;port=3306;dbname=consult;charset=utf8
[ sql ] [ SQL ] SHOW COLUMNS FROM `lyzg_spuser` [ RunTime:0.036133s ]
[ sql ] [ SQL ] SELECT * FROM `lyzg_spuser` WHERE  `openid` = '021AqMLI1vq5350Gz6NI1aXqLI1AqMLo' LIMIT 1 [ RunTime:0.035156s ]
---------------------------------------------------------------
[ 2018-02-09T10:45:58+08:00 ] 127.0.0.1 GET /lyzg/public/index.php/wxapi/login/ceshi
[ info ] localhost/lyzg/public/index.php/wxapi/login/ceshi [运行时间：0.239258s][吞吐率：4.18req/s] [内存消耗：1,759.96kb] [文件加载：41]
[ info ] [ LANG ] D:\aliuyuhang\phpstudy\PHPTutorial\WWW\lyzg\thinkphp\lang\zh-cn.php
[ info ] [ ROUTE ] array (
  'type' => 'module',
  'module' => 
  array (
    0 => 'wxapi',
    1 => 'login',
    2 => 'ceshi',
  ),
)
[ info ] [ HEADER ] array (
  'cookie' => 'pgv_pvi=3859317760; Hm_lvt_0ae524064813b8dc07ece5ce724a7b04=1517621463; UM_distinctid=1615949c9d2d8-082285069085a3-3e3d560e-1fa400-1615949c9d37b7; CNZZDATA2947366=cnzz_eid%3D1936444180-1517617395-http%253A%252F%252Flocalhost%252F%26ntime%3D1517617395; a9412_times=1; CNZZDATA1252958410=774362733-1517617412-http%253A%252F%252Flocalhost%252F%7C1517617412; Hm_lvt_2eac95e2df0ea5d2b0aaa92e3dbbe419=1517622575; Hm_lvt_258fa23a79b44bae7819d5e2a301d54b=1517622702; Hm_lvt_fa356a94bf5ae253b76fefa953bb56e4=1517622743; ts_uid=1637515276; Phpstorm-412f56be=80096e11-9860-4477-b87f-2dd663805c50',
  'accept-language' => 'zh-CN,zh;q=0.9',
  'accept-encoding' => 'gzip, deflate, br',
  'accept' => 'text/html,application/xhtml+xml,application/xml;q=0.9,image/webp,image/apng,*/*;q=0.8',
  'user-agent' => 'Mozilla/5.0 (Windows NT 6.1; Win64; x64) AppleWebKit/537.36 (KHTML, like Gecko) Chrome/64.0.3282.119 Safari/537.36',
  'upgrade-insecure-requests' => '1',
  'cache-control' => 'max-age=0',
  'connection' => 'keep-alive',
  'host' => 'localhost',
  'content-length' => '',
  'content-type' => '',
)
[ info ] [ PARAM ] array (
)
[ info ] [ RUN ] app\wxapi\controller\Login->ceshi[ D:\aliuyuhang\phpstudy\PHPTutorial\WWW\lyzg\application\wxapi\controller\Login.php ]
[ info ] [ DB ] INIT mysql
[ info ] [ LOG ] INIT File
[ sql ] [ DB ] CONNECT:[ UseTime:0.083008s ] mysql:host=47.94.175.62;port=3306;dbname=consult;charset=utf8
[ sql ] [ SQL ] SHOW COLUMNS FROM `lyzg_spuser` [ RunTime:0.056641s ]
[ sql ] [ SQL ] SELECT * FROM `lyzg_spuser` WHERE  `openid` = '021AqMLI1vq5350Gz6NI1aXqLI1AqMLo' LIMIT 1 [ RunTime:0.055664s ]
---------------------------------------------------------------
[ 2018-02-09T10:46:26+08:00 ] 127.0.0.1 GET /lyzg/public/index.php/wxapi/login/ceshi
[ info ] localhost/lyzg/public/index.php/wxapi/login/ceshi [运行时间：0.182617s][吞吐率：5.48req/s] [内存消耗：1,759.96kb] [文件加载：41]
[ info ] [ LANG ] D:\aliuyuhang\phpstudy\PHPTutorial\WWW\lyzg\thinkphp\lang\zh-cn.php
[ info ] [ ROUTE ] array (
  'type' => 'module',
  'module' => 
  array (
    0 => 'wxapi',
    1 => 'login',
    2 => 'ceshi',
  ),
)
[ info ] [ HEADER ] array (
  'cookie' => 'pgv_pvi=3859317760; Hm_lvt_0ae524064813b8dc07ece5ce724a7b04=1517621463; UM_distinctid=1615949c9d2d8-082285069085a3-3e3d560e-1fa400-1615949c9d37b7; CNZZDATA2947366=cnzz_eid%3D1936444180-1517617395-http%253A%252F%252Flocalhost%252F%26ntime%3D1517617395; a9412_times=1; CNZZDATA1252958410=774362733-1517617412-http%253A%252F%252Flocalhost%252F%7C1517617412; Hm_lvt_2eac95e2df0ea5d2b0aaa92e3dbbe419=1517622575; Hm_lvt_258fa23a79b44bae7819d5e2a301d54b=1517622702; Hm_lvt_fa356a94bf5ae253b76fefa953bb56e4=1517622743; ts_uid=1637515276; Phpstorm-412f56be=80096e11-9860-4477-b87f-2dd663805c50',
  'accept-language' => 'zh-CN,zh;q=0.9',
  'accept-encoding' => 'gzip, deflate, br',
  'accept' => 'text/html,application/xhtml+xml,application/xml;q=0.9,image/webp,image/apng,*/*;q=0.8',
  'user-agent' => 'Mozilla/5.0 (Windows NT 6.1; Win64; x64) AppleWebKit/537.36 (KHTML, like Gecko) Chrome/64.0.3282.119 Safari/537.36',
  'upgrade-insecure-requests' => '1',
  'cache-control' => 'max-age=0',
  'connection' => 'keep-alive',
  'host' => 'localhost',
  'content-length' => '',
  'content-type' => '',
)
[ info ] [ PARAM ] array (
)
[ info ] [ RUN ] app\wxapi\controller\Login->ceshi[ D:\aliuyuhang\phpstudy\PHPTutorial\WWW\lyzg\application\wxapi\controller\Login.php ]
[ info ] [ DB ] INIT mysql
[ info ] [ LOG ] INIT File
[ sql ] [ DB ] CONNECT:[ UseTime:0.057618s ] mysql:host=47.94.175.62;port=3306;dbname=consult;charset=utf8
[ sql ] [ SQL ] SHOW COLUMNS FROM `lyzg_spuser` [ RunTime:0.041016s ]
[ sql ] [ SQL ] SELECT * FROM `lyzg_spuser` WHERE  `openid` = '061AjWcG0vzcAk2UkxaG0lgYcG0AjWcl' LIMIT 1 [ RunTime:0.039062s ]
---------------------------------------------------------------
[ 2018-02-09T10:48:13+08:00 ] 127.0.0.1 GET /lyzg/public/index.php/wxapi/login/ceshi
[ info ] localhost/lyzg/public/index.php/wxapi/login/ceshi [运行时间：0.200195s][吞吐率：5.00req/s] [内存消耗：1,760.16kb] [文件加载：41]
[ info ] [ LANG ] D:\aliuyuhang\phpstudy\PHPTutorial\WWW\lyzg\thinkphp\lang\zh-cn.php
[ info ] [ ROUTE ] array (
  'type' => 'module',
  'module' => 
  array (
    0 => 'wxapi',
    1 => 'login',
    2 => 'ceshi',
  ),
)
[ info ] [ HEADER ] array (
  'cookie' => 'pgv_pvi=3859317760; Hm_lvt_0ae524064813b8dc07ece5ce724a7b04=1517621463; UM_distinctid=1615949c9d2d8-082285069085a3-3e3d560e-1fa400-1615949c9d37b7; CNZZDATA2947366=cnzz_eid%3D1936444180-1517617395-http%253A%252F%252Flocalhost%252F%26ntime%3D1517617395; a9412_times=1; CNZZDATA1252958410=774362733-1517617412-http%253A%252F%252Flocalhost%252F%7C1517617412; Hm_lvt_2eac95e2df0ea5d2b0aaa92e3dbbe419=1517622575; Hm_lvt_258fa23a79b44bae7819d5e2a301d54b=1517622702; Hm_lvt_fa356a94bf5ae253b76fefa953bb56e4=1517622743; ts_uid=1637515276; Phpstorm-412f56be=80096e11-9860-4477-b87f-2dd663805c50',
  'accept-language' => 'zh-CN,zh;q=0.9',
  'accept-encoding' => 'gzip, deflate, br',
  'accept' => 'text/html,application/xhtml+xml,application/xml;q=0.9,image/webp,image/apng,*/*;q=0.8',
  'user-agent' => 'Mozilla/5.0 (Windows NT 6.1; Win64; x64) AppleWebKit/537.36 (KHTML, like Gecko) Chrome/64.0.3282.119 Safari/537.36',
  'upgrade-insecure-requests' => '1',
  'cache-control' => 'max-age=0',
  'connection' => 'keep-alive',
  'host' => 'localhost',
  'content-length' => '',
  'content-type' => '',
)
[ info ] [ PARAM ] array (
)
[ info ] [ RUN ] app\wxapi\controller\Login->ceshi[ D:\aliuyuhang\phpstudy\PHPTutorial\WWW\lyzg\application\wxapi\controller\Login.php ]
[ info ] [ DB ] INIT mysql
[ info ] [ LOG ] INIT File
[ sql ] [ DB ] CONNECT:[ UseTime:0.067383s ] mysql:host=47.94.175.62;port=3306;dbname=consult;charset=utf8
[ sql ] [ SQL ] SHOW COLUMNS FROM `lyzg_spuser` [ RunTime:0.043945s ]
[ sql ] [ SQL ] SELECT * FROM `lyzg_spuser` WHERE  `openid` = '061AjWcG0vzcAk2UkxaG0lgYcG0AjWcl' LIMIT 1 [ RunTime:0.044922s ]
---------------------------------------------------------------
[ 2018-02-09T10:48:19+08:00 ] 127.0.0.1 GET /lyzg/public/index.php/wxapi/login/ceshi
[ info ] localhost/lyzg/public/index.php/wxapi/login/ceshi [运行时间：0.244141s][吞吐率：4.10req/s] [内存消耗：1,760.05kb] [文件加载：41]
[ info ] [ LANG ] D:\aliuyuhang\phpstudy\PHPTutorial\WWW\lyzg\thinkphp\lang\zh-cn.php
[ info ] [ ROUTE ] array (
  'type' => 'module',
  'module' => 
  array (
    0 => 'wxapi',
    1 => 'login',
    2 => 'ceshi',
  ),
)
[ info ] [ HEADER ] array (
  'cookie' => 'pgv_pvi=3859317760; Hm_lvt_0ae524064813b8dc07ece5ce724a7b04=1517621463; UM_distinctid=1615949c9d2d8-082285069085a3-3e3d560e-1fa400-1615949c9d37b7; CNZZDATA2947366=cnzz_eid%3D1936444180-1517617395-http%253A%252F%252Flocalhost%252F%26ntime%3D1517617395; a9412_times=1; CNZZDATA1252958410=774362733-1517617412-http%253A%252F%252Flocalhost%252F%7C1517617412; Hm_lvt_2eac95e2df0ea5d2b0aaa92e3dbbe419=1517622575; Hm_lvt_258fa23a79b44bae7819d5e2a301d54b=1517622702; Hm_lvt_fa356a94bf5ae253b76fefa953bb56e4=1517622743; ts_uid=1637515276; Phpstorm-412f56be=80096e11-9860-4477-b87f-2dd663805c50',
  'accept-language' => 'zh-CN,zh;q=0.9',
  'accept-encoding' => 'gzip, deflate, br',
  'accept' => 'text/html,application/xhtml+xml,application/xml;q=0.9,image/webp,image/apng,*/*;q=0.8',
  'user-agent' => 'Mozilla/5.0 (Windows NT 6.1; Win64; x64) AppleWebKit/537.36 (KHTML, like Gecko) Chrome/64.0.3282.119 Safari/537.36',
  'upgrade-insecure-requests' => '1',
  'cache-control' => 'max-age=0',
  'connection' => 'keep-alive',
  'host' => 'localhost',
  'content-length' => '',
  'content-type' => '',
)
[ info ] [ PARAM ] array (
)
[ info ] [ RUN ] app\wxapi\controller\Login->ceshi[ D:\aliuyuhang\phpstudy\PHPTutorial\WWW\lyzg\application\wxapi\controller\Login.php ]
[ info ] [ DB ] INIT mysql
[ info ] [ LOG ] INIT File
[ sql ] [ DB ] CONNECT:[ UseTime:0.084961s ] mysql:host=47.94.175.62;port=3306;dbname=consult;charset=utf8
[ sql ] [ SQL ] SHOW COLUMNS FROM `lyzg_spuser` [ RunTime:0.057617s ]
[ sql ] [ SQL ] SELECT * FROM `lyzg_spuser` WHERE  `openid` = '061AjWcG0vzcAk2wqeUkxaG0lgYcG0AjWcl' LIMIT 1 [ RunTime:0.057617s ]
---------------------------------------------------------------
[ 2018-02-09T10:48:46+08:00 ] 127.0.0.1 GET /lyzg/public/index.php/wxapi/login/ceshi
[ info ] localhost/lyzg/public/index.php/wxapi/login/ceshi [运行时间：0.258789s][吞吐率：3.86req/s] [内存消耗：1,760.47kb] [文件加载：43]
[ info ] [ LANG ] D:\aliuyuhang\phpstudy\PHPTutorial\WWW\lyzg\thinkphp\lang\zh-cn.php
[ info ] [ ROUTE ] array (
  'type' => 'module',
  'module' => 
  array (
    0 => 'wxapi',
    1 => 'login',
    2 => 'ceshi',
  ),
)
[ info ] [ HEADER ] array (
  'cookie' => 'pgv_pvi=3859317760; Hm_lvt_0ae524064813b8dc07ece5ce724a7b04=1517621463; UM_distinctid=1615949c9d2d8-082285069085a3-3e3d560e-1fa400-1615949c9d37b7; CNZZDATA2947366=cnzz_eid%3D1936444180-1517617395-http%253A%252F%252Flocalhost%252F%26ntime%3D1517617395; a9412_times=1; CNZZDATA1252958410=774362733-1517617412-http%253A%252F%252Flocalhost%252F%7C1517617412; Hm_lvt_2eac95e2df0ea5d2b0aaa92e3dbbe419=1517622575; Hm_lvt_258fa23a79b44bae7819d5e2a301d54b=1517622702; Hm_lvt_fa356a94bf5ae253b76fefa953bb56e4=1517622743; ts_uid=1637515276; Phpstorm-412f56be=80096e11-9860-4477-b87f-2dd663805c50',
  'accept-language' => 'zh-CN,zh;q=0.9',
  'accept-encoding' => 'gzip, deflate, br',
  'accept' => 'text/html,application/xhtml+xml,application/xml;q=0.9,image/webp,image/apng,*/*;q=0.8',
  'user-agent' => 'Mozilla/5.0 (Windows NT 6.1; Win64; x64) AppleWebKit/537.36 (KHTML, like Gecko) Chrome/64.0.3282.119 Safari/537.36',
  'upgrade-insecure-requests' => '1',
  'cache-control' => 'max-age=0',
  'connection' => 'keep-alive',
  'host' => 'localhost',
  'content-length' => '',
  'content-type' => '',
)
[ info ] [ PARAM ] array (
)
[ info ] [ RUN ] app\wxapi\controller\Login->ceshi[ D:\aliuyuhang\phpstudy\PHPTutorial\WWW\lyzg\application\wxapi\controller\Login.php ]
[ info ] [ DB ] INIT mysql
[ info ] [ LOG ] INIT File
[ sql ] [ DB ] CONNECT:[ UseTime:0.088867s ] mysql:host=47.94.175.62;port=3306;dbname=consult;charset=utf8
[ sql ] [ SQL ] SHOW COLUMNS FROM `lyzg_spuser` [ RunTime:0.060547s ]
[ sql ] [ SQL ] SELECT * FROM `lyzg_spuser` WHERE  `openid` = '061AjWcG0vzcAk2wqeUkxaG0lgYcG0AjWcl' LIMIT 1 [ RunTime:0.065430s ]
[ error ] [8]Trying to get property of non-object[D:\aliuyuhang\phpstudy\PHPTutorial\WWW\lyzg\application\wxapi\controller\Login.php:107]
---------------------------------------------------------------
[ 2018-02-09T10:48:58+08:00 ] 127.0.0.1 GET /lyzg/public/index.php/wxapi/login/ceshi
[ info ] localhost/lyzg/public/index.php/wxapi/login/ceshi [运行时间：0.195312s][吞吐率：5.12req/s] [内存消耗：1,760.56kb] [文件加载：43]
[ info ] [ LANG ] D:\aliuyuhang\phpstudy\PHPTutorial\WWW\lyzg\thinkphp\lang\zh-cn.php
[ info ] [ ROUTE ] array (
  'type' => 'module',
  'module' => 
  array (
    0 => 'wxapi',
    1 => 'login',
    2 => 'ceshi',
  ),
)
[ info ] [ HEADER ] array (
  'cookie' => 'pgv_pvi=3859317760; Hm_lvt_0ae524064813b8dc07ece5ce724a7b04=1517621463; UM_distinctid=1615949c9d2d8-082285069085a3-3e3d560e-1fa400-1615949c9d37b7; CNZZDATA2947366=cnzz_eid%3D1936444180-1517617395-http%253A%252F%252Flocalhost%252F%26ntime%3D1517617395; a9412_times=1; CNZZDATA1252958410=774362733-1517617412-http%253A%252F%252Flocalhost%252F%7C1517617412; Hm_lvt_2eac95e2df0ea5d2b0aaa92e3dbbe419=1517622575; Hm_lvt_258fa23a79b44bae7819d5e2a301d54b=1517622702; Hm_lvt_fa356a94bf5ae253b76fefa953bb56e4=1517622743; ts_uid=1637515276; Phpstorm-412f56be=80096e11-9860-4477-b87f-2dd663805c50',
  'accept-language' => 'zh-CN,zh;q=0.9',
  'accept-encoding' => 'gzip, deflate, br',
  'accept' => 'text/html,application/xhtml+xml,application/xml;q=0.9,image/webp,image/apng,*/*;q=0.8',
  'user-agent' => 'Mozilla/5.0 (Windows NT 6.1; Win64; x64) AppleWebKit/537.36 (KHTML, like Gecko) Chrome/64.0.3282.119 Safari/537.36',
  'upgrade-insecure-requests' => '1',
  'cache-control' => 'max-age=0',
  'connection' => 'keep-alive',
  'host' => 'localhost',
  'content-length' => '',
  'content-type' => '',
)
[ info ] [ PARAM ] array (
)
[ info ] [ RUN ] app\wxapi\controller\Login->ceshi[ D:\aliuyuhang\phpstudy\PHPTutorial\WWW\lyzg\application\wxapi\controller\Login.php ]
[ info ] [ DB ] INIT mysql
[ info ] [ LOG ] INIT File
[ sql ] [ DB ] CONNECT:[ UseTime:0.067383s ] mysql:host=47.94.175.62;port=3306;dbname=consult;charset=utf8
[ sql ] [ SQL ] SHOW COLUMNS FROM `lyzg_spuser` [ RunTime:0.045898s ]
[ sql ] [ SQL ] SELECT * FROM `lyzg_spuser` WHERE  `openid` = '081m2NN41iWMLL1N6IP41MoWN41m2NNV' LIMIT 1 [ RunTime:0.043945s ]
[ error ] [8]Trying to get property of non-object[D:\aliuyuhang\phpstudy\PHPTutorial\WWW\lyzg\application\wxapi\controller\Login.php:107]
---------------------------------------------------------------
[ 2018-02-09T10:49:15+08:00 ] 127.0.0.1 GET /lyzg/public/index.php/wxapi/login/ceshi
[ info ] localhost/lyzg/public/index.php/wxapi/login/ceshi [运行时间：0.169922s][吞吐率：5.89req/s] [内存消耗：1,760.34kb] [文件加载：41]
[ info ] [ LANG ] D:\aliuyuhang\phpstudy\PHPTutorial\WWW\lyzg\thinkphp\lang\zh-cn.php
[ info ] [ ROUTE ] array (
  'type' => 'module',
  'module' => 
  array (
    0 => 'wxapi',
    1 => 'login',
    2 => 'ceshi',
  ),
)
[ info ] [ HEADER ] array (
  'cookie' => 'pgv_pvi=3859317760; Hm_lvt_0ae524064813b8dc07ece5ce724a7b04=1517621463; UM_distinctid=1615949c9d2d8-082285069085a3-3e3d560e-1fa400-1615949c9d37b7; CNZZDATA2947366=cnzz_eid%3D1936444180-1517617395-http%253A%252F%252Flocalhost%252F%26ntime%3D1517617395; a9412_times=1; CNZZDATA1252958410=774362733-1517617412-http%253A%252F%252Flocalhost%252F%7C1517617412; Hm_lvt_2eac95e2df0ea5d2b0aaa92e3dbbe419=1517622575; Hm_lvt_258fa23a79b44bae7819d5e2a301d54b=1517622702; Hm_lvt_fa356a94bf5ae253b76fefa953bb56e4=1517622743; ts_uid=1637515276; Phpstorm-412f56be=80096e11-9860-4477-b87f-2dd663805c50',
  'accept-language' => 'zh-CN,zh;q=0.9',
  'accept-encoding' => 'gzip, deflate, br',
  'accept' => 'text/html,application/xhtml+xml,application/xml;q=0.9,image/webp,image/apng,*/*;q=0.8',
  'user-agent' => 'Mozilla/5.0 (Windows NT 6.1; Win64; x64) AppleWebKit/537.36 (KHTML, like Gecko) Chrome/64.0.3282.119 Safari/537.36',
  'upgrade-insecure-requests' => '1',
  'cache-control' => 'max-age=0',
  'connection' => 'keep-alive',
  'host' => 'localhost',
  'content-length' => '',
  'content-type' => '',
)
[ info ] [ PARAM ] array (
)
[ info ] [ RUN ] app\wxapi\controller\Login->ceshi[ D:\aliuyuhang\phpstudy\PHPTutorial\WWW\lyzg\application\wxapi\controller\Login.php ]
[ info ] [ DB ] INIT mysql
[ info ] [ LOG ] INIT File
[ sql ] [ DB ] CONNECT:[ UseTime:0.054688s ] mysql:host=47.94.175.62;port=3306;dbname=consult;charset=utf8
[ sql ] [ SQL ] SHOW COLUMNS FROM `lyzg_spuser` [ RunTime:0.039062s ]
[ sql ] [ SQL ] SELECT * FROM `lyzg_spuser` WHERE  `openid` = '081m2NN41iWMLL1N6IP41MoWN41m2NNV' LIMIT 1 [ RunTime:0.039063s ]
