---------------------------------------------------------------
[ 2018-02-07T16:53:10+08:00 ] 127.0.0.1 GET /lyzg/public/index.php
[ info ] localhost/lyzg/public/index.php [运行时间：1.046291s][吞吐率：0.96req/s] [内存消耗：1,594.18kb] [文件加载：42]
[ info ] [ LANG ] D:\aliuyuhang\phpstudy\PHPTutorial\WWW\lyzg\thinkphp\lang\zh-cn.php
[ info ] [ ROUTE ] array (
  'type' => 'module',
  'module' => 
  array (
    0 => '',
    1 => NULL,
    2 => NULL,
  ),
)
[ info ] [ HEADER ] array (
  'upgrade-insecure-requests' => '1',
  'connection' => 'keep-alive',
  'accept-encoding' => 'gzip, deflate',
  'accept-language' => 'zh-CN,zh;q=0.8,zh-TW;q=0.7,zh-HK;q=0.5,en-US;q=0.3,en;q=0.2',
  'accept' => 'text/html,application/xhtml+xml,application/xml;q=0.9,*/*;q=0.8',
  'user-agent' => 'Mozilla/5.0 (Windows NT 10.0; Win64; x64; rv:58.0) Gecko/20100101 Firefox/58.0',
  'host' => 'localhost',
  'content-length' => '',
  'content-type' => '',
)
[ info ] [ PARAM ] array (
)
[ info ] [ DB ] INIT mysql
[ info ] [ LOG ] INIT File
[ error ] [1045]SQLSTATE[HY000] [1045] Access denied for user 'root'@'123.52.145.99' (using password: YES)[D:\aliuyuhang\phpstudy\PHPTutorial\WWW\lyzg\thinkphp\library\think\db\Connection.php:293]
---------------------------------------------------------------
[ 2018-02-07T16:54:03+08:00 ] 127.0.0.1 GET /lyzg/public/index.php
[ info ] localhost/lyzg/public/index.php [运行时间：0.724170s][吞吐率：1.38req/s] [内存消耗：1,867.78kb] [文件加载：48]
[ info ] [ LANG ] D:\aliuyuhang\phpstudy\PHPTutorial\WWW\lyzg\thinkphp\lang\zh-cn.php
[ info ] [ ROUTE ] array (
  'type' => 'module',
  'module' => 
  array (
    0 => '',
    1 => NULL,
    2 => NULL,
  ),
)
[ info ] [ HEADER ] array (
  'cache-control' => 'max-age=0',
  'upgrade-insecure-requests' => '1',
  'connection' => 'keep-alive',
  'accept-encoding' => 'gzip, deflate',
  'accept-language' => 'zh-CN,zh;q=0.8,zh-TW;q=0.7,zh-HK;q=0.5,en-US;q=0.3,en;q=0.2',
  'accept' => 'text/html,application/xhtml+xml,application/xml;q=0.9,*/*;q=0.8',
  'user-agent' => 'Mozilla/5.0 (Windows NT 10.0; Win64; x64; rv:58.0) Gecko/20100101 Firefox/58.0',
  'host' => 'localhost',
  'content-length' => '',
  'content-type' => '',
)
[ info ] [ PARAM ] array (
)
[ info ] [ DB ] INIT mysql
[ info ] [ RUN ] app\index\controller\Index->index[ D:\aliuyuhang\phpstudy\PHPTutorial\WWW\lyzg\application\index\controller\Index.php ]
[ info ] [ VIEW ] D:\aliuyuhang\phpstudy\PHPTutorial\WWW\lyzg\public/../application/index\view\index\index.html [ array (
  0 => 'user_id',
) ]
[ info ] [ LOG ] INIT File
[ sql ] [ DB ] CONNECT:[ UseTime:0.105570s ] mysql:host=47.94.175.62;port=3306;dbname=consult;charset=utf8
[ sql ] [ SQL ] SHOW COLUMNS FROM `lyzg_wx` [ RunTime:0.308714s ]
[ sql ] [ SQL ] SELECT * FROM `lyzg_wx` WHERE  `id` = 1 [ RunTime:0.054653s ]
---------------------------------------------------------------
[ 2018-02-07T16:54:15+08:00 ] 127.0.0.1 GET /lyzg/public/
[ info ] localhost/lyzg/public/ [运行时间：0.289211s][吞吐率：3.46req/s] [内存消耗：1,742.48kb] [文件加载：46]
[ info ] [ LANG ] D:\aliuyuhang\phpstudy\PHPTutorial\WWW\lyzg\thinkphp\lang\zh-cn.php
[ info ] [ ROUTE ] array (
  'type' => 'module',
  'module' => 
  array (
    0 => '',
    1 => NULL,
    2 => NULL,
  ),
)
[ info ] [ HEADER ] array (
  'upgrade-insecure-requests' => '1',
  'connection' => 'keep-alive',
  'accept-encoding' => 'gzip, deflate',
  'accept-language' => 'zh-CN,zh;q=0.8,zh-TW;q=0.7,zh-HK;q=0.5,en-US;q=0.3,en;q=0.2',
  'accept' => 'text/html,application/xhtml+xml,application/xml;q=0.9,*/*;q=0.8',
  'user-agent' => 'Mozilla/5.0 (Windows NT 10.0; Win64; x64; rv:58.0) Gecko/20100101 Firefox/58.0',
  'host' => 'localhost',
  'content-length' => '',
  'content-type' => '',
)
[ info ] [ PARAM ] array (
)
[ info ] [ DB ] INIT mysql
[ info ] [ RUN ] app\index\controller\Index->index[ D:\aliuyuhang\phpstudy\PHPTutorial\WWW\lyzg\application\index\controller\Index.php ]
[ info ] [ VIEW ] D:\aliuyuhang\phpstudy\PHPTutorial\WWW\lyzg\public/../application/index\view\index\index.html [ array (
  0 => 'user_id',
) ]
[ info ] [ LOG ] INIT File
[ sql ] [ DB ] CONNECT:[ UseTime:0.103243s ] mysql:host=47.94.175.62;port=3306;dbname=consult;charset=utf8
[ sql ] [ SQL ] SHOW COLUMNS FROM `lyzg_wx` [ RunTime:0.070358s ]
[ sql ] [ SQL ] SELECT * FROM `lyzg_wx` WHERE  `id` = 1 [ RunTime:0.059551s ]
---------------------------------------------------------------
[ 2018-02-07T16:54:24+08:00 ] 127.0.0.1 GET /lyzg/public/index.php
[ info ] localhost/lyzg/public/index.php [运行时间：0.274265s][吞吐率：3.65req/s] [内存消耗：1,742.45kb] [文件加载：46]
[ info ] [ LANG ] D:\aliuyuhang\phpstudy\PHPTutorial\WWW\lyzg\thinkphp\lang\zh-cn.php
[ info ] [ ROUTE ] array (
  'type' => 'module',
  'module' => 
  array (
    0 => '',
    1 => NULL,
    2 => NULL,
  ),
)
[ info ] [ HEADER ] array (
  'upgrade-insecure-requests' => '1',
  'connection' => 'keep-alive',
  'accept-encoding' => 'gzip, deflate',
  'accept-language' => 'zh-CN,zh;q=0.8,zh-TW;q=0.7,zh-HK;q=0.5,en-US;q=0.3,en;q=0.2',
  'accept' => 'text/html,application/xhtml+xml,application/xml;q=0.9,*/*;q=0.8',
  'user-agent' => 'Mozilla/5.0 (Windows NT 10.0; Win64; x64; rv:58.0) Gecko/20100101 Firefox/58.0',
  'host' => 'localhost',
  'content-length' => '',
  'content-type' => '',
)
[ info ] [ PARAM ] array (
)
[ info ] [ DB ] INIT mysql
[ info ] [ RUN ] app\index\controller\Index->index[ D:\aliuyuhang\phpstudy\PHPTutorial\WWW\lyzg\application\index\controller\Index.php ]
[ info ] [ VIEW ] D:\aliuyuhang\phpstudy\PHPTutorial\WWW\lyzg\public/../application/index\view\index\index.html [ array (
  0 => 'user_id',
) ]
[ info ] [ LOG ] INIT File
[ sql ] [ DB ] CONNECT:[ UseTime:0.082863s ] mysql:host=47.94.175.62;port=3306;dbname=consult;charset=utf8
[ sql ] [ SQL ] SHOW COLUMNS FROM `lyzg_wx` [ RunTime:0.062400s ]
[ sql ] [ SQL ] SELECT * FROM `lyzg_wx` WHERE  `id` = 1 [ RunTime:0.077583s ]
---------------------------------------------------------------
[ 2018-02-07T16:55:08+08:00 ] 127.0.0.1 GET /lyzg/public/index.php
[ info ] localhost/lyzg/public/index.php [运行时间：0.234560s][吞吐率：4.26req/s] [内存消耗：1,742.75kb] [文件加载：46]
[ info ] [ LANG ] D:\aliuyuhang\phpstudy\PHPTutorial\WWW\lyzg\thinkphp\lang\zh-cn.php
[ info ] [ ROUTE ] array (
  'type' => 'module',
  'module' => 
  array (
    0 => '',
    1 => NULL,
    2 => NULL,
  ),
)
[ info ] [ HEADER ] array (
  'cookie' => 'Phpstorm-bf069ff8=13b54536-8bac-40dd-a4af-052407f8ded3; Hm_lvt_64ecd82404c51e03dc91cb9e8c025574=1517315364',
  'accept-language' => 'zh-CN,zh;q=0.9',
  'accept-encoding' => 'gzip, deflate, br',
  'accept' => 'text/html,application/xhtml+xml,application/xml;q=0.9,image/webp,image/apng,*/*;q=0.8',
  'upgrade-insecure-requests' => '1',
  'user-agent' => 'Mozilla/5.0 (Windows NT 10.0; WOW64) AppleWebKit/537.36 (KHTML, like Gecko) Chrome/63.0.3239.84 Safari/537.36',
  'connection' => 'keep-alive',
  'host' => 'localhost',
  'content-length' => '',
  'content-type' => '',
)
[ info ] [ PARAM ] array (
)
[ info ] [ DB ] INIT mysql
[ info ] [ RUN ] app\index\controller\Index->index[ D:\aliuyuhang\phpstudy\PHPTutorial\WWW\lyzg\application\index\controller\Index.php ]
[ info ] [ VIEW ] D:\aliuyuhang\phpstudy\PHPTutorial\WWW\lyzg\public/../application/index\view\index\index.html [ array (
  0 => 'user_id',
) ]
[ info ] [ LOG ] INIT File
[ sql ] [ DB ] CONNECT:[ UseTime:0.074112s ] mysql:host=47.94.175.62;port=3306;dbname=consult;charset=utf8
[ sql ] [ SQL ] SHOW COLUMNS FROM `lyzg_wx` [ RunTime:0.051163s ]
[ sql ] [ SQL ] SELECT * FROM `lyzg_wx` WHERE  `id` = 1 [ RunTime:0.045179s ]
---------------------------------------------------------------
[ 2018-02-07T16:55:13+08:00 ] 127.0.0.1 GET /lyzg/public/index.php/index/index/ceshi
[ info ] localhost/lyzg/public/index.php/index/index/ceshi [运行时间：0.339893s][吞吐率：2.94req/s] [内存消耗：1,890.85kb] [文件加载：45]
[ info ] [ LANG ] D:\aliuyuhang\phpstudy\PHPTutorial\WWW\lyzg\thinkphp\lang\zh-cn.php
[ info ] [ ROUTE ] array (
  'type' => 'module',
  'module' => 
  array (
    0 => 'index',
    1 => 'index',
    2 => 'ceshi',
  ),
)
[ info ] [ HEADER ] array (
  'cookie' => 'Phpstorm-bf069ff8=13b54536-8bac-40dd-a4af-052407f8ded3; Hm_lvt_64ecd82404c51e03dc91cb9e8c025574=1517315364',
  'accept-language' => 'zh-CN,zh;q=0.9',
  'accept-encoding' => 'gzip, deflate, br',
  'accept' => 'text/html,application/xhtml+xml,application/xml;q=0.9,image/webp,image/apng,*/*;q=0.8',
  'upgrade-insecure-requests' => '1',
  'user-agent' => 'Mozilla/5.0 (Windows NT 10.0; WOW64) AppleWebKit/537.36 (KHTML, like Gecko) Chrome/63.0.3239.84 Safari/537.36',
  'connection' => 'keep-alive',
  'host' => 'localhost',
  'content-length' => '',
  'content-type' => '',
)
[ info ] [ PARAM ] array (
)
[ info ] [ DB ] INIT mysql
[ info ] [ RUN ] app\index\controller\Index->ceshi[ D:\aliuyuhang\phpstudy\PHPTutorial\WWW\lyzg\application\index\controller\Index.php ]
[ info ] [ DB ] INIT mysql
[ info ] [ DB ] INIT mysql
[ info ] [ LOG ] INIT File
[ sql ] [ DB ] CONNECT:[ UseTime:0.078057s ] mysql:host=47.94.175.62;port=3306;dbname=consult;charset=utf8
[ sql ] [ SQL ] SHOW COLUMNS FROM `lyzg_wx` [ RunTime:0.050880s ]
[ sql ] [ SQL ] SELECT * FROM `lyzg_wx` WHERE  `id` = 1 [ RunTime:0.054596s ]
[ error ] [1045]SQLSTATE[HY000] [1045] Access denied for user 'root'@'123.52.145.99' (using password: YES)[D:\aliuyuhang\phpstudy\PHPTutorial\WWW\lyzg\thinkphp\library\think\db\Connection.php:293]
---------------------------------------------------------------
[ 2018-02-07T16:55:49+08:00 ] 127.0.0.1 GET /lyzg/public/index.php/index/index/ceshi
[ info ] localhost/lyzg/public/index.php/index/index/ceshi [运行时间：0.272522s][吞吐率：3.67req/s] [内存消耗：1,890.85kb] [文件加载：45]
[ info ] [ LANG ] D:\aliuyuhang\phpstudy\PHPTutorial\WWW\lyzg\thinkphp\lang\zh-cn.php
[ info ] [ ROUTE ] array (
  'type' => 'module',
  'module' => 
  array (
    0 => 'index',
    1 => 'index',
    2 => 'ceshi',
  ),
)
[ info ] [ HEADER ] array (
  'cookie' => 'Phpstorm-bf069ff8=13b54536-8bac-40dd-a4af-052407f8ded3; Hm_lvt_64ecd82404c51e03dc91cb9e8c025574=1517315364',
  'accept-language' => 'zh-CN,zh;q=0.9',
  'accept-encoding' => 'gzip, deflate, br',
  'accept' => 'text/html,application/xhtml+xml,application/xml;q=0.9,image/webp,image/apng,*/*;q=0.8',
  'upgrade-insecure-requests' => '1',
  'user-agent' => 'Mozilla/5.0 (Windows NT 10.0; WOW64) AppleWebKit/537.36 (KHTML, like Gecko) Chrome/63.0.3239.84 Safari/537.36',
  'connection' => 'keep-alive',
  'host' => 'localhost',
  'content-length' => '',
  'content-type' => '',
)
[ info ] [ PARAM ] array (
)
[ info ] [ DB ] INIT mysql
[ info ] [ RUN ] app\index\controller\Index->ceshi[ D:\aliuyuhang\phpstudy\PHPTutorial\WWW\lyzg\application\index\controller\Index.php ]
[ info ] [ DB ] INIT mysql
[ info ] [ DB ] INIT mysql
[ info ] [ LOG ] INIT File
[ sql ] [ DB ] CONNECT:[ UseTime:0.061330s ] mysql:host=47.94.175.62;port=3306;dbname=consult;charset=utf8
[ sql ] [ SQL ] SHOW COLUMNS FROM `lyzg_wx` [ RunTime:0.039481s ]
[ sql ] [ SQL ] SELECT * FROM `lyzg_wx` WHERE  `id` = 1 [ RunTime:0.037571s ]
[ error ] [1045]SQLSTATE[HY000] [1045] Access denied for user 'root'@'123.52.145.99' (using password: YES)[D:\aliuyuhang\phpstudy\PHPTutorial\WWW\lyzg\thinkphp\library\think\db\Connection.php:293]
---------------------------------------------------------------
[ 2018-02-07T17:05:48+08:00 ] 127.0.0.1 GET /lyzg/public/index.php/index/index/ceshi
[ info ] localhost/lyzg/public/index.php/index/index/ceshi [运行时间：0.218261s][吞吐率：4.58req/s] [内存消耗：1,897.06kb] [文件加载：55]
[ info ] [ LANG ] D:\aliuyuhang\phpstudy\PHPTutorial\WWW\lyzg\thinkphp\lang\zh-cn.php
[ info ] [ ROUTE ] array (
  'type' => 'module',
  'module' => 
  array (
    0 => 'index',
    1 => 'index',
    2 => 'ceshi',
  ),
)
[ info ] [ HEADER ] array (
  'cookie' => 'Phpstorm-bf069ff8=13b54536-8bac-40dd-a4af-052407f8ded3; Hm_lvt_64ecd82404c51e03dc91cb9e8c025574=1517315364',
  'accept-language' => 'zh-CN,zh;q=0.9',
  'accept-encoding' => 'gzip, deflate, br',
  'accept' => 'text/html,application/xhtml+xml,application/xml;q=0.9,image/webp,image/apng,*/*;q=0.8',
  'upgrade-insecure-requests' => '1',
  'user-agent' => 'Mozilla/5.0 (Windows NT 10.0; WOW64) AppleWebKit/537.36 (KHTML, like Gecko) Chrome/63.0.3239.84 Safari/537.36',
  'connection' => 'keep-alive',
  'host' => 'localhost',
  'content-length' => '',
  'content-type' => '',
)
[ info ] [ PARAM ] array (
)
[ info ] [ DB ] INIT mysql
[ info ] [ RUN ] app\index\controller\Index->ceshi[ D:\aliuyuhang\phpstudy\PHPTutorial\WWW\lyzg\application\index\controller\Index.php ]
[ info ] [ VIEW ] D:\aliuyuhang\phpstudy\PHPTutorial\WWW\lyzg\public/../application/index\view\index\ceshi.html [ array (
) ]
[ info ] [ LOG ] INIT File
[ sql ] [ DB ] CONNECT:[ UseTime:0.055344s ] mysql:host=47.94.175.62;port=3306;dbname=consult;charset=utf8
[ sql ] [ SQL ] SHOW COLUMNS FROM `lyzg_wx` [ RunTime:0.036602s ]
[ sql ] [ SQL ] SELECT * FROM `lyzg_wx` WHERE  `id` = 1 [ RunTime:0.042216s ]
---------------------------------------------------------------
[ 2018-02-07T17:05:53+08:00 ] 127.0.0.1 GET /lyzg/public/index.php/index/index/ceshi
[ info ] localhost/lyzg/public/index.php/index/index/ceshi [运行时间：0.234499s][吞吐率：4.26req/s] [内存消耗：1,897.25kb] [文件加载：55]
[ info ] [ LANG ] D:\aliuyuhang\phpstudy\PHPTutorial\WWW\lyzg\thinkphp\lang\zh-cn.php
[ info ] [ ROUTE ] array (
  'type' => 'module',
  'module' => 
  array (
    0 => 'index',
    1 => 'index',
    2 => 'ceshi',
  ),
)
[ info ] [ HEADER ] array (
  'cookie' => 'Phpstorm-bf069ff8=13b54536-8bac-40dd-a4af-052407f8ded3; Hm_lvt_64ecd82404c51e03dc91cb9e8c025574=1517315364',
  'accept-language' => 'zh-CN,zh;q=0.9',
  'accept-encoding' => 'gzip, deflate, br',
  'accept' => 'text/html,application/xhtml+xml,application/xml;q=0.9,image/webp,image/apng,*/*;q=0.8',
  'upgrade-insecure-requests' => '1',
  'user-agent' => 'Mozilla/5.0 (Windows NT 10.0; WOW64) AppleWebKit/537.36 (KHTML, like Gecko) Chrome/63.0.3239.84 Safari/537.36',
  'cache-control' => 'max-age=0',
  'connection' => 'keep-alive',
  'host' => 'localhost',
  'content-length' => '',
  'content-type' => '',
)
[ info ] [ PARAM ] array (
)
[ info ] [ DB ] INIT mysql
[ info ] [ RUN ] app\index\controller\Index->ceshi[ D:\aliuyuhang\phpstudy\PHPTutorial\WWW\lyzg\application\index\controller\Index.php ]
[ info ] [ VIEW ] D:\aliuyuhang\phpstudy\PHPTutorial\WWW\lyzg\public/../application/index\view\index\ceshi.html [ array (
) ]
[ info ] [ LOG ] INIT File
[ sql ] [ DB ] CONNECT:[ UseTime:0.070019s ] mysql:host=47.94.175.62;port=3306;dbname=consult;charset=utf8
[ sql ] [ SQL ] SHOW COLUMNS FROM `lyzg_wx` [ RunTime:0.047522s ]
[ sql ] [ SQL ] SELECT * FROM `lyzg_wx` WHERE  `id` = 1 [ RunTime:0.053065s ]
---------------------------------------------------------------
[ 2018-02-07T17:05:57+08:00 ] 127.0.0.1 GET /lyzg/public/index.php/index/index/index
[ info ] localhost/lyzg/public/index.php/index/index/index [运行时间：0.234190s][吞吐率：4.27req/s] [内存消耗：1,949.00kb] [文件加载：56]
[ info ] [ LANG ] D:\aliuyuhang\phpstudy\PHPTutorial\WWW\lyzg\thinkphp\lang\zh-cn.php
[ info ] [ ROUTE ] array (
  'type' => 'module',
  'module' => 
  array (
    0 => 'index',
    1 => 'index',
    2 => 'index',
  ),
)
[ info ] [ HEADER ] array (
  'cookie' => 'Phpstorm-bf069ff8=13b54536-8bac-40dd-a4af-052407f8ded3; Hm_lvt_64ecd82404c51e03dc91cb9e8c025574=1517315364',
  'accept-language' => 'zh-CN,zh;q=0.9',
  'accept-encoding' => 'gzip, deflate, br',
  'accept' => 'text/html,application/xhtml+xml,application/xml;q=0.9,image/webp,image/apng,*/*;q=0.8',
  'upgrade-insecure-requests' => '1',
  'user-agent' => 'Mozilla/5.0 (Windows NT 10.0; WOW64) AppleWebKit/537.36 (KHTML, like Gecko) Chrome/63.0.3239.84 Safari/537.36',
  'connection' => 'keep-alive',
  'host' => 'localhost',
  'content-length' => '',
  'content-type' => '',
)
[ info ] [ PARAM ] array (
)
[ info ] [ DB ] INIT mysql
[ info ] [ RUN ] app\index\controller\Index->index[ D:\aliuyuhang\phpstudy\PHPTutorial\WWW\lyzg\application\index\controller\Index.php ]
[ info ] [ VIEW ] D:\aliuyuhang\phpstudy\PHPTutorial\WWW\lyzg\public/../application/index\view\index\index.html [ array (
  0 => 'user_id',
) ]
[ info ] [ LOG ] INIT File
[ sql ] [ DB ] CONNECT:[ UseTime:0.072508s ] mysql:host=47.94.175.62;port=3306;dbname=consult;charset=utf8
[ sql ] [ SQL ] SHOW COLUMNS FROM `lyzg_wx` [ RunTime:0.050809s ]
[ sql ] [ SQL ] SELECT * FROM `lyzg_wx` WHERE  `id` = 1 [ RunTime:0.049374s ]
---------------------------------------------------------------
[ 2018-02-07T17:06:08+08:00 ] 127.0.0.1 GET /lyzg/public/index.php/admin
[ info ] localhost/lyzg/public/index.php/admin [运行时间：0.198883s][吞吐率：5.03req/s] [内存消耗：1,347.79kb] [文件加载：50]
[ info ] [ LANG ] D:\aliuyuhang\phpstudy\PHPTutorial\WWW\lyzg\thinkphp\lang\zh-cn.php
[ info ] [ ROUTE ] array (
  'type' => 'module',
  'module' => 
  array (
    0 => 'admin',
    1 => NULL,
    2 => NULL,
  ),
)
[ info ] [ HEADER ] array (
  'cookie' => 'Phpstorm-bf069ff8=13b54536-8bac-40dd-a4af-052407f8ded3; Hm_lvt_64ecd82404c51e03dc91cb9e8c025574=1517315364',
  'accept-language' => 'zh-CN,zh;q=0.9',
  'accept-encoding' => 'gzip, deflate, br',
  'accept' => 'text/html,application/xhtml+xml,application/xml;q=0.9,image/webp,image/apng,*/*;q=0.8',
  'upgrade-insecure-requests' => '1',
  'user-agent' => 'Mozilla/5.0 (Windows NT 10.0; WOW64) AppleWebKit/537.36 (KHTML, like Gecko) Chrome/63.0.3239.84 Safari/537.36',
  'connection' => 'keep-alive',
  'host' => 'localhost',
  'content-length' => '',
  'content-type' => '',
)
[ info ] [ PARAM ] array (
)
[ info ] [ SESSION ] INIT array (
  'id' => '',
  'var_session_id' => '',
  'prefix' => 'think',
  'type' => '',
  'auto_start' => true,
)
[ info ] [ VIEW ] D:\aliuyuhang\phpstudy\PHPTutorial\WWW\lyzg\thinkphp\tpl\dispatch_jump.tpl [ array (
  0 => 'code',
  1 => 'msg',
  2 => 'data',
  3 => 'url',
  4 => 'wait',
) ]
[ info ] [ LOG ] INIT File
---------------------------------------------------------------
[ 2018-02-07T17:06:11+08:00 ] 127.0.0.1 GET /lyzg/public/index.php/admin/login/index.html
[ info ] localhost/lyzg/public/index.php/admin/login/index.html [运行时间：0.044910s][吞吐率：22.27req/s] [内存消耗：1,350.81kb] [文件加载：49]
[ info ] [ LANG ] D:\aliuyuhang\phpstudy\PHPTutorial\WWW\lyzg\thinkphp\lang\zh-cn.php
[ info ] [ ROUTE ] array (
  'type' => 'module',
  'module' => 
  array (
    0 => 'admin',
    1 => 'login',
    2 => 'index',
  ),
)
[ info ] [ HEADER ] array (
  'cookie' => 'Phpstorm-bf069ff8=13b54536-8bac-40dd-a4af-052407f8ded3; Hm_lvt_64ecd82404c51e03dc91cb9e8c025574=1517315364; PHPSESSID=3geigilendfa36lqc33ti7anv5',
  'accept-language' => 'zh-CN,zh;q=0.9',
  'accept-encoding' => 'gzip, deflate, br',
  'referer' => 'http://localhost/lyzg/public/index.php/admin',
  'accept' => 'text/html,application/xhtml+xml,application/xml;q=0.9,image/webp,image/apng,*/*;q=0.8',
  'user-agent' => 'Mozilla/5.0 (Windows NT 10.0; WOW64) AppleWebKit/537.36 (KHTML, like Gecko) Chrome/63.0.3239.84 Safari/537.36',
  'upgrade-insecure-requests' => '1',
  'connection' => 'keep-alive',
  'host' => 'localhost',
  'content-length' => '',
  'content-type' => '',
)
[ info ] [ PARAM ] array (
)
[ info ] [ RUN ] app\admin\controller\Login->index[ D:\aliuyuhang\phpstudy\PHPTutorial\WWW\lyzg\application\admin\controller\Login.php ]
[ info ] [ VIEW ] D:\aliuyuhang\phpstudy\PHPTutorial\WWW\lyzg\public/../application/admin\view\login\index.html [ array (
) ]
[ info ] [ LOG ] INIT File
---------------------------------------------------------------
[ 2018-02-07T17:06:11+08:00 ] 127.0.0.1 GET /lyzg/public/index.php/admin
[ info ] localhost/lyzg/public/index.php/admin [运行时间：0.057555s][吞吐率：17.37req/s] [内存消耗：1,347.88kb] [文件加载：50]
[ info ] [ LANG ] D:\aliuyuhang\phpstudy\PHPTutorial\WWW\lyzg\thinkphp\lang\zh-cn.php
[ info ] [ ROUTE ] array (
  'type' => 'module',
  'module' => 
  array (
    0 => 'admin',
    1 => NULL,
    2 => NULL,
  ),
)
[ info ] [ HEADER ] array (
  'cookie' => 'Phpstorm-bf069ff8=13b54536-8bac-40dd-a4af-052407f8ded3; Hm_lvt_64ecd82404c51e03dc91cb9e8c025574=1517315364; PHPSESSID=3geigilendfa36lqc33ti7anv5',
  'accept-language' => 'zh-CN,zh;q=0.9',
  'accept-encoding' => 'gzip, deflate, br',
  'accept' => 'text/html,application/xhtml+xml,application/xml;q=0.9,image/webp,image/apng,*/*;q=0.8',
  'upgrade-insecure-requests' => '1',
  'user-agent' => 'Mozilla/5.0 (Windows NT 10.0; WOW64) AppleWebKit/537.36 (KHTML, like Gecko) Chrome/63.0.3239.84 Safari/537.36',
  'connection' => 'keep-alive',
  'host' => 'localhost',
  'content-length' => '',
  'content-type' => '',
)
[ info ] [ PARAM ] array (
)
[ info ] [ SESSION ] INIT array (
  'id' => '',
  'var_session_id' => '',
  'prefix' => 'think',
  'type' => '',
  'auto_start' => true,
)
[ info ] [ VIEW ] D:\aliuyuhang\phpstudy\PHPTutorial\WWW\lyzg\thinkphp\tpl\dispatch_jump.tpl [ array (
  0 => 'code',
  1 => 'msg',
  2 => 'data',
  3 => 'url',
  4 => 'wait',
) ]
[ info ] [ LOG ] INIT File
---------------------------------------------------------------
[ 2018-02-07T17:06:14+08:00 ] 127.0.0.1 GET /lyzg/public/index.php/admin/login/index.html
[ info ] localhost/lyzg/public/index.php/admin/login/index.html [运行时间：0.047783s][吞吐率：20.93req/s] [内存消耗：1,350.81kb] [文件加载：49]
[ info ] [ LANG ] D:\aliuyuhang\phpstudy\PHPTutorial\WWW\lyzg\thinkphp\lang\zh-cn.php
[ info ] [ ROUTE ] array (
  'type' => 'module',
  'module' => 
  array (
    0 => 'admin',
    1 => 'login',
    2 => 'index',
  ),
)
[ info ] [ HEADER ] array (
  'cookie' => 'Phpstorm-bf069ff8=13b54536-8bac-40dd-a4af-052407f8ded3; Hm_lvt_64ecd82404c51e03dc91cb9e8c025574=1517315364; PHPSESSID=3geigilendfa36lqc33ti7anv5',
  'accept-language' => 'zh-CN,zh;q=0.9',
  'accept-encoding' => 'gzip, deflate, br',
  'referer' => 'http://localhost/lyzg/public/index.php/admin',
  'accept' => 'text/html,application/xhtml+xml,application/xml;q=0.9,image/webp,image/apng,*/*;q=0.8',
  'user-agent' => 'Mozilla/5.0 (Windows NT 10.0; WOW64) AppleWebKit/537.36 (KHTML, like Gecko) Chrome/63.0.3239.84 Safari/537.36',
  'upgrade-insecure-requests' => '1',
  'connection' => 'keep-alive',
  'host' => 'localhost',
  'content-length' => '',
  'content-type' => '',
)
[ info ] [ PARAM ] array (
)
[ info ] [ RUN ] app\admin\controller\Login->index[ D:\aliuyuhang\phpstudy\PHPTutorial\WWW\lyzg\application\admin\controller\Login.php ]
[ info ] [ VIEW ] D:\aliuyuhang\phpstudy\PHPTutorial\WWW\lyzg\public/../application/admin\view\login\index.html [ array (
) ]
[ info ] [ LOG ] INIT File
---------------------------------------------------------------
[ 2018-02-07T17:07:39+08:00 ] 127.0.0.1 GET /lyzg/public/index.php/
[ info ] localhost/lyzg/public/index.php/ [运行时间：0.228582s][吞吐率：4.37req/s] [内存消耗：1,949.08kb] [文件加载：56]
[ info ] [ LANG ] D:\aliuyuhang\phpstudy\PHPTutorial\WWW\lyzg\thinkphp\lang\zh-cn.php
[ info ] [ ROUTE ] array (
  'type' => 'module',
  'module' => 
  array (
    0 => '',
    1 => NULL,
    2 => NULL,
  ),
)
[ info ] [ HEADER ] array (
  'cookie' => 'Phpstorm-bf069ff8=13b54536-8bac-40dd-a4af-052407f8ded3; Hm_lvt_64ecd82404c51e03dc91cb9e8c025574=1517315364; PHPSESSID=3geigilendfa36lqc33ti7anv5',
  'accept-language' => 'zh-CN,zh;q=0.9',
  'accept-encoding' => 'gzip, deflate, br',
  'accept' => 'text/html,application/xhtml+xml,application/xml;q=0.9,image/webp,image/apng,*/*;q=0.8',
  'upgrade-insecure-requests' => '1',
  'user-agent' => 'Mozilla/5.0 (Windows NT 10.0; WOW64) AppleWebKit/537.36 (KHTML, like Gecko) Chrome/63.0.3239.84 Safari/537.36',
  'connection' => 'keep-alive',
  'host' => 'localhost',
  'content-length' => '',
  'content-type' => '',
)
[ info ] [ PARAM ] array (
)
[ info ] [ DB ] INIT mysql
[ info ] [ RUN ] app\index\controller\Index->index[ D:\aliuyuhang\phpstudy\PHPTutorial\WWW\lyzg\application\index\controller\Index.php ]
[ info ] [ VIEW ] D:\aliuyuhang\phpstudy\PHPTutorial\WWW\lyzg\public/../application/index\view\index\index.html [ array (
  0 => 'user_id',
) ]
[ info ] [ LOG ] INIT File
[ sql ] [ DB ] CONNECT:[ UseTime:0.072043s ] mysql:host=47.94.175.62;port=3306;dbname=consult;charset=utf8
[ sql ] [ SQL ] SHOW COLUMNS FROM `lyzg_wx` [ RunTime:0.046615s ]
[ sql ] [ SQL ] SELECT * FROM `lyzg_wx` WHERE  `id` = 1 [ RunTime:0.046268s ]
---------------------------------------------------------------
[ 2018-02-07T17:07:49+08:00 ] 127.0.0.1 GET /lyzg/public/index.php/index/index/ceshi
[ info ] localhost/lyzg/public/index.php/index/index/ceshi [运行时间：0.245299s][吞吐率：4.08req/s] [内存消耗：1,897.25kb] [文件加载：55]
[ info ] [ LANG ] D:\aliuyuhang\phpstudy\PHPTutorial\WWW\lyzg\thinkphp\lang\zh-cn.php
[ info ] [ ROUTE ] array (
  'type' => 'module',
  'module' => 
  array (
    0 => 'index',
    1 => 'index',
    2 => 'ceshi',
  ),
)
[ info ] [ HEADER ] array (
  'cookie' => 'Phpstorm-bf069ff8=13b54536-8bac-40dd-a4af-052407f8ded3; Hm_lvt_64ecd82404c51e03dc91cb9e8c025574=1517315364; PHPSESSID=3geigilendfa36lqc33ti7anv5',
  'accept-language' => 'zh-CN,zh;q=0.9',
  'accept-encoding' => 'gzip, deflate, br',
  'accept' => 'text/html,application/xhtml+xml,application/xml;q=0.9,image/webp,image/apng,*/*;q=0.8',
  'upgrade-insecure-requests' => '1',
  'user-agent' => 'Mozilla/5.0 (Windows NT 10.0; WOW64) AppleWebKit/537.36 (KHTML, like Gecko) Chrome/63.0.3239.84 Safari/537.36',
  'connection' => 'keep-alive',
  'host' => 'localhost',
  'content-length' => '',
  'content-type' => '',
)
[ info ] [ PARAM ] array (
)
[ info ] [ DB ] INIT mysql
[ info ] [ RUN ] app\index\controller\Index->ceshi[ D:\aliuyuhang\phpstudy\PHPTutorial\WWW\lyzg\application\index\controller\Index.php ]
[ info ] [ VIEW ] D:\aliuyuhang\phpstudy\PHPTutorial\WWW\lyzg\public/../application/index\view\index\ceshi.html [ array (
) ]
[ info ] [ LOG ] INIT File
[ sql ] [ DB ] CONNECT:[ UseTime:0.069312s ] mysql:host=47.94.175.62;port=3306;dbname=consult;charset=utf8
[ sql ] [ SQL ] SHOW COLUMNS FROM `lyzg_wx` [ RunTime:0.057221s ]
[ sql ] [ SQL ] SELECT * FROM `lyzg_wx` WHERE  `id` = 1 [ RunTime:0.047537s ]
---------------------------------------------------------------
[ 2018-02-07T17:07:55+08:00 ] 127.0.0.1 GET /lyzg/public/index.php/index/index/index
[ info ] localhost/lyzg/public/index.php/index/index/index [运行时间：0.248550s][吞吐率：4.02req/s] [内存消耗：1,949.19kb] [文件加载：56]
[ info ] [ LANG ] D:\aliuyuhang\phpstudy\PHPTutorial\WWW\lyzg\thinkphp\lang\zh-cn.php
[ info ] [ ROUTE ] array (
  'type' => 'module',
  'module' => 
  array (
    0 => 'index',
    1 => 'index',
    2 => 'index',
  ),
)
[ info ] [ HEADER ] array (
  'cookie' => 'Phpstorm-bf069ff8=13b54536-8bac-40dd-a4af-052407f8ded3; Hm_lvt_64ecd82404c51e03dc91cb9e8c025574=1517315364; PHPSESSID=3geigilendfa36lqc33ti7anv5',
  'accept-language' => 'zh-CN,zh;q=0.9',
  'accept-encoding' => 'gzip, deflate, br',
  'accept' => 'text/html,application/xhtml+xml,application/xml;q=0.9,image/webp,image/apng,*/*;q=0.8',
  'upgrade-insecure-requests' => '1',
  'user-agent' => 'Mozilla/5.0 (Windows NT 10.0; WOW64) AppleWebKit/537.36 (KHTML, like Gecko) Chrome/63.0.3239.84 Safari/537.36',
  'connection' => 'keep-alive',
  'host' => 'localhost',
  'content-length' => '',
  'content-type' => '',
)
[ info ] [ PARAM ] array (
)
[ info ] [ DB ] INIT mysql
[ info ] [ RUN ] app\index\controller\Index->index[ D:\aliuyuhang\phpstudy\PHPTutorial\WWW\lyzg\application\index\controller\Index.php ]
[ info ] [ VIEW ] D:\aliuyuhang\phpstudy\PHPTutorial\WWW\lyzg\public/../application/index\view\index\index.html [ array (
  0 => 'user_id',
) ]
[ info ] [ LOG ] INIT File
[ sql ] [ DB ] CONNECT:[ UseTime:0.073098s ] mysql:host=47.94.175.62;port=3306;dbname=consult;charset=utf8
[ sql ] [ SQL ] SHOW COLUMNS FROM `lyzg_wx` [ RunTime:0.048181s ]
[ sql ] [ SQL ] SELECT * FROM `lyzg_wx` WHERE  `id` = 1 [ RunTime:0.049131s ]
---------------------------------------------------------------
[ 2018-02-07T17:08:16+08:00 ] 127.0.0.1 GET /lyzg/public/index.php?s=/index/index/ceshi
[ info ] localhost/lyzg/public/index.php?s=/index/index/ceshi [运行时间：0.258829s][吞吐率：3.86req/s] [内存消耗：1,901.78kb] [文件加载：55]
[ info ] [ LANG ] D:\aliuyuhang\phpstudy\PHPTutorial\WWW\lyzg\thinkphp\lang\zh-cn.php
[ info ] [ ROUTE ] array (
  'type' => 'module',
  'module' => 
  array (
    0 => 'index',
    1 => 'index',
    2 => 'ceshi',
  ),
)
[ info ] [ HEADER ] array (
  'cookie' => 'Phpstorm-bf069ff8=13b54536-8bac-40dd-a4af-052407f8ded3; Hm_lvt_64ecd82404c51e03dc91cb9e8c025574=1517315364; PHPSESSID=3geigilendfa36lqc33ti7anv5',
  'accept-language' => 'zh-CN,zh;q=0.9',
  'accept-encoding' => 'gzip, deflate, br',
  'accept' => 'text/html,application/xhtml+xml,application/xml;q=0.9,image/webp,image/apng,*/*;q=0.8',
  'upgrade-insecure-requests' => '1',
  'user-agent' => 'Mozilla/5.0 (Windows NT 10.0; WOW64) AppleWebKit/537.36 (KHTML, like Gecko) Chrome/63.0.3239.84 Safari/537.36',
  'connection' => 'keep-alive',
  'host' => 'localhost',
  'content-length' => '',
  'content-type' => '',
)
[ info ] [ PARAM ] array (
)
[ info ] [ DB ] INIT mysql
[ info ] [ RUN ] app\index\controller\Index->ceshi[ D:\aliuyuhang\phpstudy\PHPTutorial\WWW\lyzg\application\index\controller\Index.php ]
[ info ] [ VIEW ] D:\aliuyuhang\phpstudy\PHPTutorial\WWW\lyzg\public/../application/index\view\index\ceshi.html [ array (
) ]
[ info ] [ LOG ] INIT File
[ sql ] [ DB ] CONNECT:[ UseTime:0.080287s ] mysql:host=47.94.175.62;port=3306;dbname=consult;charset=utf8
[ sql ] [ SQL ] SHOW COLUMNS FROM `lyzg_wx` [ RunTime:0.056665s ]
[ sql ] [ SQL ] SELECT * FROM `lyzg_wx` WHERE  `id` = 1 [ RunTime:0.064924s ]
---------------------------------------------------------------
[ 2018-02-07T17:08:20+08:00 ] 127.0.0.1 GET /lyzg/public/index.php?s=/index/index/ceshi
[ info ] localhost/lyzg/public/index.php?s=/index/index/ceshi [运行时间：0.264348s][吞吐率：3.78req/s] [内存消耗：1,901.84kb] [文件加载：55]
[ info ] [ LANG ] D:\aliuyuhang\phpstudy\PHPTutorial\WWW\lyzg\thinkphp\lang\zh-cn.php
[ info ] [ ROUTE ] array (
  'type' => 'module',
  'module' => 
  array (
    0 => 'index',
    1 => 'index',
    2 => 'ceshi',
  ),
)
[ info ] [ HEADER ] array (
  'cookie' => 'Phpstorm-bf069ff8=13b54536-8bac-40dd-a4af-052407f8ded3; Hm_lvt_64ecd82404c51e03dc91cb9e8c025574=1517315364; PHPSESSID=3geigilendfa36lqc33ti7anv5',
  'accept-language' => 'zh-CN,zh;q=0.9',
  'accept-encoding' => 'gzip, deflate, br',
  'accept' => 'text/html,application/xhtml+xml,application/xml;q=0.9,image/webp,image/apng,*/*;q=0.8',
  'upgrade-insecure-requests' => '1',
  'user-agent' => 'Mozilla/5.0 (Windows NT 10.0; WOW64) AppleWebKit/537.36 (KHTML, like Gecko) Chrome/63.0.3239.84 Safari/537.36',
  'cache-control' => 'max-age=0',
  'connection' => 'keep-alive',
  'host' => 'localhost',
  'content-length' => '',
  'content-type' => '',
)
[ info ] [ PARAM ] array (
)
[ info ] [ DB ] INIT mysql
[ info ] [ RUN ] app\index\controller\Index->ceshi[ D:\aliuyuhang\phpstudy\PHPTutorial\WWW\lyzg\application\index\controller\Index.php ]
[ info ] [ VIEW ] D:\aliuyuhang\phpstudy\PHPTutorial\WWW\lyzg\public/../application/index\view\index\ceshi.html [ array (
) ]
[ info ] [ LOG ] INIT File
[ sql ] [ DB ] CONNECT:[ UseTime:0.086371s ] mysql:host=47.94.175.62;port=3306;dbname=consult;charset=utf8
[ sql ] [ SQL ] SHOW COLUMNS FROM `lyzg_wx` [ RunTime:0.058274s ]
[ sql ] [ SQL ] SELECT * FROM `lyzg_wx` WHERE  `id` = 1 [ RunTime:0.060870s ]
---------------------------------------------------------------
[ 2018-02-07T17:08:37+08:00 ] 127.0.0.1 GET /lyzg/public/index.php?s=/index/index/ceshi
[ info ] localhost/lyzg/public/index.php?s=/index/index/ceshi [运行时间：0.197401s][吞吐率：5.07req/s] [内存消耗：1,926.99kb] [文件加载：55]
[ info ] [ LANG ] D:\aliuyuhang\phpstudy\PHPTutorial\WWW\lyzg\thinkphp\lang\zh-cn.php
[ info ] [ ROUTE ] array (
  'type' => 'module',
  'module' => 
  array (
    0 => 'index',
    1 => 'index',
    2 => 'ceshi',
  ),
)
[ info ] [ HEADER ] array (
  'cookie' => 'Phpstorm-bf069ff8=13b54536-8bac-40dd-a4af-052407f8ded3; Hm_lvt_64ecd82404c51e03dc91cb9e8c025574=1517315364; PHPSESSID=3geigilendfa36lqc33ti7anv5',
  'accept-language' => 'zh-CN,zh;q=0.9',
  'accept-encoding' => 'gzip, deflate, br',
  'accept' => 'text/html,application/xhtml+xml,application/xml;q=0.9,image/webp,image/apng,*/*;q=0.8',
  'upgrade-insecure-requests' => '1',
  'user-agent' => 'Mozilla/5.0 (Windows NT 10.0; WOW64) AppleWebKit/537.36 (KHTML, like Gecko) Chrome/63.0.3239.84 Safari/537.36',
  'cache-control' => 'max-age=0',
  'connection' => 'keep-alive',
  'host' => 'localhost',
  'content-length' => '',
  'content-type' => '',
)
[ info ] [ PARAM ] array (
)
[ info ] [ DB ] INIT mysql
[ info ] [ RUN ] app\index\controller\Index->ceshi[ D:\aliuyuhang\phpstudy\PHPTutorial\WWW\lyzg\application\index\controller\Index.php ]
[ info ] [ VIEW ] D:\aliuyuhang\phpstudy\PHPTutorial\WWW\lyzg\public/../application/index\view\index\ceshi.html [ array (
) ]
[ info ] [ LOG ] INIT File
[ sql ] [ DB ] CONNECT:[ UseTime:0.054820s ] mysql:host=47.94.175.62;port=3306;dbname=consult;charset=utf8
[ sql ] [ SQL ] SHOW COLUMNS FROM `lyzg_wx` [ RunTime:0.035466s ]
[ sql ] [ SQL ] SELECT * FROM `lyzg_wx` WHERE  `id` = 1 [ RunTime:0.041038s ]
---------------------------------------------------------------
[ 2018-02-07T17:08:43+08:00 ] 127.0.0.1 GET /lyzg/public/index.php/index/index/ceshi
[ info ] localhost/lyzg/public/index.php/index/index/ceshi [运行时间：0.220037s][吞吐率：4.54req/s] [内存消耗：1,921.43kb] [文件加载：55]
[ info ] [ LANG ] D:\aliuyuhang\phpstudy\PHPTutorial\WWW\lyzg\thinkphp\lang\zh-cn.php
[ info ] [ ROUTE ] array (
  'type' => 'module',
  'module' => 
  array (
    0 => 'index',
    1 => 'index',
    2 => 'ceshi',
  ),
)
[ info ] [ HEADER ] array (
  'cookie' => 'Phpstorm-bf069ff8=13b54536-8bac-40dd-a4af-052407f8ded3; Hm_lvt_64ecd82404c51e03dc91cb9e8c025574=1517315364; PHPSESSID=3geigilendfa36lqc33ti7anv5',
  'accept-language' => 'zh-CN,zh;q=0.9',
  'accept-encoding' => 'gzip, deflate, br',
  'accept' => 'text/html,application/xhtml+xml,application/xml;q=0.9,image/webp,image/apng,*/*;q=0.8',
  'upgrade-insecure-requests' => '1',
  'user-agent' => 'Mozilla/5.0 (Windows NT 10.0; WOW64) AppleWebKit/537.36 (KHTML, like Gecko) Chrome/63.0.3239.84 Safari/537.36',
  'connection' => 'keep-alive',
  'host' => 'localhost',
  'content-length' => '',
  'content-type' => '',
)
[ info ] [ PARAM ] array (
)
[ info ] [ DB ] INIT mysql
[ info ] [ RUN ] app\index\controller\Index->ceshi[ D:\aliuyuhang\phpstudy\PHPTutorial\WWW\lyzg\application\index\controller\Index.php ]
[ info ] [ VIEW ] D:\aliuyuhang\phpstudy\PHPTutorial\WWW\lyzg\public/../application/index\view\index\ceshi.html [ array (
) ]
[ info ] [ LOG ] INIT File
[ sql ] [ DB ] CONNECT:[ UseTime:0.077428s ] mysql:host=47.94.175.62;port=3306;dbname=consult;charset=utf8
[ sql ] [ SQL ] SHOW COLUMNS FROM `lyzg_wx` [ RunTime:0.049474s ]
[ sql ] [ SQL ] SELECT * FROM `lyzg_wx` WHERE  `id` = 1 [ RunTime:0.045475s ]
---------------------------------------------------------------
[ 2018-02-07T17:08:46+08:00 ] 127.0.0.1 GET /lyzg/public/index.php/index/index/ceshi
[ info ] localhost/lyzg/public/index.php/index/index/ceshi [运行时间：0.234983s][吞吐率：4.26req/s] [内存消耗：1,921.62kb] [文件加载：55]
[ info ] [ LANG ] D:\aliuyuhang\phpstudy\PHPTutorial\WWW\lyzg\thinkphp\lang\zh-cn.php
[ info ] [ ROUTE ] array (
  'type' => 'module',
  'module' => 
  array (
    0 => 'index',
    1 => 'index',
    2 => 'ceshi',
  ),
)
[ info ] [ HEADER ] array (
  'cookie' => 'Phpstorm-bf069ff8=13b54536-8bac-40dd-a4af-052407f8ded3; Hm_lvt_64ecd82404c51e03dc91cb9e8c025574=1517315364; PHPSESSID=3geigilendfa36lqc33ti7anv5',
  'accept-language' => 'zh-CN,zh;q=0.9',
  'accept-encoding' => 'gzip, deflate, br',
  'accept' => 'text/html,application/xhtml+xml,application/xml;q=0.9,image/webp,image/apng,*/*;q=0.8',
  'upgrade-insecure-requests' => '1',
  'user-agent' => 'Mozilla/5.0 (Windows NT 10.0; WOW64) AppleWebKit/537.36 (KHTML, like Gecko) Chrome/63.0.3239.84 Safari/537.36',
  'cache-control' => 'max-age=0',
  'connection' => 'keep-alive',
  'host' => 'localhost',
  'content-length' => '',
  'content-type' => '',
)
[ info ] [ PARAM ] array (
)
[ info ] [ DB ] INIT mysql
[ info ] [ RUN ] app\index\controller\Index->ceshi[ D:\aliuyuhang\phpstudy\PHPTutorial\WWW\lyzg\application\index\controller\Index.php ]
[ info ] [ VIEW ] D:\aliuyuhang\phpstudy\PHPTutorial\WWW\lyzg\public/../application/index\view\index\ceshi.html [ array (
) ]
[ info ] [ LOG ] INIT File
[ sql ] [ DB ] CONNECT:[ UseTime:0.068665s ] mysql:host=47.94.175.62;port=3306;dbname=consult;charset=utf8
[ sql ] [ SQL ] SHOW COLUMNS FROM `lyzg_wx` [ RunTime:0.044577s ]
[ sql ] [ SQL ] SELECT * FROM `lyzg_wx` WHERE  `id` = 1 [ RunTime:0.063321s ]
---------------------------------------------------------------
[ 2018-02-07T20:15:23+08:00 ] 127.0.0.1 GET /lyzg/public/index.php/index/index/ceshi
[ info ] localhost/lyzg/public/index.php/index/index/ceshi [运行时间：0.221736s][吞吐率：4.51req/s] [内存消耗：1,921.32kb] [文件加载：55]
[ info ] [ LANG ] D:\aliuyuhang\phpstudy\PHPTutorial\WWW\lyzg\thinkphp\lang\zh-cn.php
[ info ] [ ROUTE ] array (
  'type' => 'module',
  'module' => 
  array (
    0 => 'index',
    1 => 'index',
    2 => 'ceshi',
  ),
)
[ info ] [ HEADER ] array (
  'cookie' => 'Phpstorm-bf069ff8=13b54536-8bac-40dd-a4af-052407f8ded3; Hm_lvt_64ecd82404c51e03dc91cb9e8c025574=1517315364',
  'accept-language' => 'zh-CN,zh;q=0.9',
  'accept-encoding' => 'gzip, deflate, br',
  'accept' => 'text/html,application/xhtml+xml,application/xml;q=0.9,image/webp,image/apng,*/*;q=0.8',
  'upgrade-insecure-requests' => '1',
  'user-agent' => 'Mozilla/5.0 (Windows NT 10.0; WOW64) AppleWebKit/537.36 (KHTML, like Gecko) Chrome/63.0.3239.84 Safari/537.36',
  'connection' => 'keep-alive',
  'host' => 'localhost',
  'content-length' => '',
  'content-type' => '',
)
[ info ] [ PARAM ] array (
)
[ info ] [ DB ] INIT mysql
[ info ] [ RUN ] app\index\controller\Index->ceshi[ D:\aliuyuhang\phpstudy\PHPTutorial\WWW\lyzg\application\index\controller\Index.php ]
[ info ] [ VIEW ] D:\aliuyuhang\phpstudy\PHPTutorial\WWW\lyzg\public/../application/index\view\index\ceshi.html [ array (
) ]
[ info ] [ LOG ] INIT File
[ sql ] [ DB ] CONNECT:[ UseTime:0.072949s ] mysql:host=47.94.175.62;port=3306;dbname=consult;charset=utf8
[ sql ] [ SQL ] SHOW COLUMNS FROM `lyzg_wx` [ RunTime:0.042359s ]
[ sql ] [ SQL ] SELECT * FROM `lyzg_wx` WHERE  `id` = 1 [ RunTime:0.035637s ]
---------------------------------------------------------------
[ 2018-02-07T20:15:41+08:00 ] 127.0.0.1 GET /lyzg/public/index.php?s=/index/index/ceshi
[ info ] localhost/lyzg/public/index.php?s=/index/index/ceshi [运行时间：0.166348s][吞吐率：6.01req/s] [内存消耗：1,926.46kb] [文件加载：55]
[ info ] [ LANG ] D:\aliuyuhang\phpstudy\PHPTutorial\WWW\lyzg\thinkphp\lang\zh-cn.php
[ info ] [ ROUTE ] array (
  'type' => 'module',
  'module' => 
  array (
    0 => 'index',
    1 => 'index',
    2 => 'ceshi',
  ),
)
[ info ] [ HEADER ] array (
  'cookie' => 'Phpstorm-bf069ff8=13b54536-8bac-40dd-a4af-052407f8ded3; Hm_lvt_64ecd82404c51e03dc91cb9e8c025574=1517315364',
  'accept-language' => 'zh-CN,zh;q=0.9',
  'accept-encoding' => 'gzip, deflate, br',
  'accept' => 'text/html,application/xhtml+xml,application/xml;q=0.9,image/webp,image/apng,*/*;q=0.8',
  'upgrade-insecure-requests' => '1',
  'user-agent' => 'Mozilla/5.0 (Windows NT 10.0; WOW64) AppleWebKit/537.36 (KHTML, like Gecko) Chrome/63.0.3239.84 Safari/537.36',
  'connection' => 'keep-alive',
  'host' => 'localhost',
  'content-length' => '',
  'content-type' => '',
)
[ info ] [ PARAM ] array (
)
[ info ] [ DB ] INIT mysql
[ info ] [ RUN ] app\index\controller\Index->ceshi[ D:\aliuyuhang\phpstudy\PHPTutorial\WWW\lyzg\application\index\controller\Index.php ]
[ info ] [ VIEW ] D:\aliuyuhang\phpstudy\PHPTutorial\WWW\lyzg\public/../application/index\view\index\ceshi.html [ array (
) ]
[ info ] [ LOG ] INIT File
[ sql ] [ DB ] CONNECT:[ UseTime:0.054956s ] mysql:host=47.94.175.62;port=3306;dbname=consult;charset=utf8
[ sql ] [ SQL ] SHOW COLUMNS FROM `lyzg_wx` [ RunTime:0.038682s ]
[ sql ] [ SQL ] SELECT * FROM `lyzg_wx` WHERE  `id` = 1 [ RunTime:0.036453s ]
